[2015.07.06-23.55.22:368][  0]Log file open, 07/06/15 16:55:22
[2015.07.06-23.55.22:368][  0]LogInit:Display: Running engine for game: GameCreation
[2015.07.06-23.55.22:368][  0]LogInit:Display: RandInit(-1434452642) SRandInit(-1434452642).
[2015.07.06-23.55.22:368][  0]LogTaskGraph: Started task graph with 4 named threads and 5 total threads.
[2015.07.06-23.55.22:368][  0]LogStats: Stats thread started
[2015.07.06-23.55.22:368][  0]LogInit: Version: 4.8.1-2591939+++depot+UE4-Releases+4.8
[2015.07.06-23.55.22:368][  0]LogInit: API Version: 2579680
[2015.07.06-23.55.22:368][  0]LogInit: Compiled (64-bit): Jun 18 2015 11:02:04
[2015.07.06-23.55.22:368][  0]LogInit: Compiled with Visual C++: 18.00.21005.01
[2015.07.06-23.55.22:368][  0]LogInit: Build Configuration: Development
[2015.07.06-23.55.22:368][  0]LogInit: Branch Name: ++depot+UE4-Releases+4.8
[2015.07.06-23.55.22:368][  0]LogInit: Command line: 
[2015.07.06-23.55.22:368][  0]LogInit: Base directory: C:/Program Files/Epic Games/4.8/Engine/Binaries/Win64/
[2015.07.06-23.55.22:368][  0]LogInit: Rocket: 1
[2015.07.06-23.55.22:394][  0]LogInit: Using libcurl 7.41.0
[2015.07.06-23.55.22:394][  0]LogInit:  - built for x86_64-pc-win32
[2015.07.06-23.55.22:394][  0]LogInit:  - supports SSL with WinSSL
[2015.07.06-23.55.22:394][  0]LogInit:  - other features:
[2015.07.06-23.55.22:394][  0]LogInit:      CURL_VERSION_SSL
[2015.07.06-23.55.22:394][  0]LogInit:      CURL_VERSION_IPV6
[2015.07.06-23.55.22:394][  0]LogInit:      CURL_VERSION_ASYNCHDNS
[2015.07.06-23.55.22:394][  0]LogInit:      CURL_VERSION_LARGEFILE
[2015.07.06-23.55.22:394][  0]LogInit:      CURL_VERSION_IDN
[2015.07.06-23.55.22:394][  0]LogInit:  CurlRequestOptions (configurable via config and command line):
[2015.07.06-23.55.22:394][  0]LogInit:  - bVerifyPeer = true  - Libcurl will verify peer certificate
[2015.07.06-23.55.22:394][  0]LogInit:  - bUseHttpProxy = false  - Libcurl will NOT use HTTP proxy
[2015.07.06-23.55.22:394][  0]LogInit:  - bDontReuseConnections = false  - Libcurl will reuse connections
[2015.07.06-23.55.22:394][  0]LogInit:  - CertBundlePath = nullptr  - Libcurl will use whatever was configured at build time.
[2015.07.06-23.55.22:408][  0]LogOnline:Warning: No default platform service specified for OnlineSubsystem
[2015.07.06-23.55.22:488][  0]LogInit: Presizing for 0 objects not considered by GC, pre-allocating 0 bytes.
[2015.07.06-23.55.22:496][  0]LogInit: Object subsystem initialized
[2015.07.06-23.55.22:497][  0]LogConsoleResponse:Warning: Skipping Unknown console variable: 'TranslucentSortAxis = (X=0.000000,Y=-1.000000,Z=0.000000)'
[2015.07.06-23.55.22:497][  0]LogConsoleResponse:Warning:   Found in ini file 'C:/Users/phill_000/Documents/Unreal Projects/GameCreation/Saved/Config/Windows/Engine.ini', in section '[/Script/Engine.RendererSettings]'
[2015.07.06-23.55.22:497][  0]LogConsoleResponse:Warning: Skipping Unknown console variable: 'UIScaleRule = ShortestSide'
[2015.07.06-23.55.22:497][  0]LogConsoleResponse:Warning:   Found in ini file 'C:/Users/phill_000/Documents/Unreal Projects/GameCreation/Saved/Config/Windows/Engine.ini', in section '[/Script/Engine.RendererSettings]'
[2015.07.06-23.55.22:497][  0]LogConsoleResponse:Warning: Skipping Unknown console variable: 'UIScaleCurve = (EditorCurveData=(Keys=),ExternalCurve=None)'
[2015.07.06-23.55.22:497][  0]LogConsoleResponse:Warning:   Found in ini file 'C:/Users/phill_000/Documents/Unreal Projects/GameCreation/Saved/Config/Windows/Engine.ini', in section '[/Script/Engine.RendererSettings]'
[2015.07.06-23.55.22:498][  0]LogInit: Selected Device Profile: [Windows]
[2015.07.06-23.55.22:498][  0]LogInit: Applying CVar settings loaded from the selected device profile: [Windows]
[2015.07.06-23.55.22:524][  0]LogInit: Computer: OBAMA
[2015.07.06-23.55.22:524][  0]LogInit: User: MrWong
[2015.07.06-23.55.22:524][  0]LogInit: CPU Page size=4096, Cores=2
[2015.07.06-23.55.22:524][  0]LogInit: High frequency timer resolution =3.215364 MHz
[2015.07.06-23.55.22:524][  0]LogMemory: Memory total: Physical=5.9GB (6GB approx)
[2015.07.06-23.55.22:524][  0]LogMemory: Platform Memory Stats for Windows
[2015.07.06-23.55.22:524][  0]LogMemory: Process Physical Memory: 48.08 MB used, 48.08 MB peak
[2015.07.06-23.55.22:524][  0]LogMemory: Process Virtual Memory: 21.20 MB used, 22.03 MB peak
[2015.07.06-23.55.22:524][  0]LogMemory: Physical Memory: 3000.90 MB used, 6040.27 MB total
[2015.07.06-23.55.22:524][  0]LogMemory: Virtual Memory: 293.63 MB used, 134217728.00 MB total
[2015.07.06-23.55.22:792][  0]LogTextLocalizationManager: The requested culture ('en_US') has no localization data; parent culture's ('en') localization data will be used.
[2015.07.06-23.55.23:001][  0]LogTextLocalizationManager:Warning: Loaded localization resources contain conflicting entries for (Namespace:ContentBrowser, Key:ImportAssetToolTip):
Localization Resource: (C:/Program Files/Epic Games/4.8/Engine/Content/Localization/Editor/en/Editor.locres) Source String Hash: (-630476809) Localized String: (Import to {0}...)
Localization Resource: (C:/Program Files/Epic Games/4.8/Engine/Content/Localization/Editor/en/Editor.locres) Source String Hash: (1271782899) Localized String: (Imports an asset from file to this folder.)
[2015.07.06-23.55.23:533][  0]LogD3D11RHI: Found D3D11 adapter 0: Intel(R) HD Graphics (Feature Level 11_0)
[2015.07.06-23.55.23:533][  0]LogD3D11RHI: Adapter has 32MB of dedicated video memory, 0MB of dedicated system memory, and 1760MB of shared system memory, 1 output[s]
[2015.07.06-23.55.23:535][  0]LogD3D11RHI: Found D3D11 adapter 1: Microsoft Basic Render Driver (Feature Level 11_0)
[2015.07.06-23.55.23:535][  0]LogD3D11RHI: Adapter has 0MB of dedicated video memory, 0MB of dedicated system memory, and 256MB of shared system memory, 0 output[s]
[2015.07.06-23.55.23:535][  0]LogD3D11RHI: Chosen D3D11 Adapter Id = 0
[2015.07.06-23.55.23:541][  0]LogRHI: Texture pool is 638 MB (70% of 912 MB)
[2015.07.06-23.55.23:548][  0]LogD3D11RHI: Async texture creation enabled
[2015.07.06-23.55.23:552][  0]LogShaderCompilers:Display: Using Local Shader Compiler.
[2015.07.06-23.55.24:710][  0]LogTemp:Display: Loaded TP DesktopTargetPlatform
[2015.07.06-23.55.24:745][  0]LogTemp:Display: Loaded TP WindowsClientTargetPlatform
[2015.07.06-23.55.24:789][  0]LogTemp:Display: Loaded TP WindowsNoEditorTargetPlatform
[2015.07.06-23.55.24:822][  0]LogTemp:Display: Loaded TP WindowsServerTargetPlatform
[2015.07.06-23.55.24:863][  0]LogTemp:Display: Loaded TP WindowsTargetPlatform
[2015.07.06-23.55.24:908][  0]LogTemp:Display: Loaded TP AndroidTargetPlatform
[2015.07.06-23.55.24:956][  0]LogTemp:Display: Loaded TP Android_ASTCTargetPlatform
[2015.07.06-23.55.25:006][  0]LogTemp:Display: Loaded TP Android_ATCTargetPlatform
[2015.07.06-23.55.25:050][  0]LogTemp:Display: Loaded TP Android_DXTTargetPlatform
[2015.07.06-23.55.25:084][  0]LogTemp:Display: Loaded TP Android_ETC1TargetPlatform
[2015.07.06-23.55.25:116][  0]LogTemp:Display: Loaded TP Android_ETC2TargetPlatform
[2015.07.06-23.55.25:159][  0]LogTemp:Display: Loaded TP Android_PVRTCTargetPlatform
[2015.07.06-23.55.25:303][  0]LogTemp:Display: Loaded TP IOSTargetPlatform
[2015.07.06-23.55.25:348][  0]LogTemp:Display: Loaded TP LinuxNoEditorTargetPlatform
[2015.07.06-23.55.25:389][  0]LogTemp:Display: Loaded TP LinuxServerTargetPlatform
[2015.07.06-23.55.25:429][  0]LogTemp:Display: Loaded TP LinuxTargetPlatform
[2015.07.06-23.55.25:429][  0]LogTargetPlatformManager:Display: Building Assets For Windows
[2015.07.06-23.55.26:150][  0]LogDerivedDataCache:Display: Max Cache Size: 512 MB
[2015.07.06-23.55.26:205][  0]LogDerivedDataCache: Loaded boot cache 0.05s 53MB C:/Users/phill_000/AppData/Local/UnrealEngine/4.8/DerivedDataCache/Boot.ddc.
[2015.07.06-23.55.26:205][  0]LogDerivedDataCache:Display: Loaded Boot cache: C:/Users/phill_000/AppData/Local/UnrealEngine/4.8/DerivedDataCache/Boot.ddc
[2015.07.06-23.55.26:205][  0]LogDerivedDataCache: FDerivedDataBackendGraph:  Pak pak cache file ../../../../../../Users/phill_000/Documents/Unreal Projects/GameCreation/DerivedDataCache/DDC.ddp not found, will not use a pak cache.
[2015.07.06-23.55.26:205][  0]LogDerivedDataCache: Unable to find inner node Pak for hierarchical cache Hierarchy.
[2015.07.06-23.55.26:206][  0]LogDerivedDataCache: FDerivedDataBackendGraph:  CompressedPak pak cache file ../../../../../../Users/phill_000/Documents/Unreal Projects/GameCreation/DerivedDataCache/Compressed.ddp not found, will not use a pak cache.
[2015.07.06-23.55.26:206][  0]LogDerivedDataCache: Unable to find inner node CompressedPak for hierarchical cache Hierarchy.
[2015.07.06-23.55.26:396][  0]LogDerivedDataCache:Display: Pak cache opened for reading ../../../Engine/DerivedDataCache/Compressed.ddp.
[2015.07.06-23.55.26:410][  0]LogDerivedDataCache: Using Local data cache path C:/Users/phill_000/AppData/Local/UnrealEngine/Common/DerivedDataCache: Writable
[2015.07.06-23.55.26:832][  0]LogInit: Selected Device Profile: [Windows]
[2015.07.06-23.55.26:932][  0]ImportText (ComponentSweepMultiTests): Missing closing parenthesis: (RootShapeAsset="/Engine/BasicShapes/Cube.Cube",ShapeType="TriggerCapsule",HitResult=(Time=0.50,Location=(X=-100.000015,Y=0.0,Z=100.000015),ImpactPoint=(X=-50.0,Y=0.0,Z=50.0),Normal=(X=-1.0,Y=-0.0,Z=0.0),ImpactNormal=(X=0.0,Y=0.0,Z=1.0),TraceStart=(X=-200.0,Y=0.0,Z=200.0),TraceEnd=(X=0.0,Y=0.0,Z=0.0))
[2015.07.06-23.55.26:932][  0]ImportText (LineTraceSingleByChannelTests): Missing closing parenthesis: (RootShapeAsset="/Engine/BasicShapes/Cube.Cube",HitResult=(Time=0.50,Location=(X=-100.000015,Y=0.0,Z=100.000015),ImpactPoint=(X=-50.0,Y=0.0,Z=50.0),Normal=(X=-1.0,Y=-0.0,Z=0.0),ImpactNormal=(X=0.0,Y=0.0,Z=1.0),TraceStart=(X=-200.0,Y=0.0,Z=200.0),TraceEnd=(X=0.0,Y=0.0,Z=0.0))
[2015.07.06-23.55.26:984][  0]LogMeshUtilities: No automatic mesh reduction module available
[2015.07.06-23.55.26:984][  0]LogMeshUtilities: No automatic mesh merging module available
[2015.07.06-23.55.27:476][  0]LogInit: WinSock: version 1.1 (2.2), MaxSocks=32767, MaxUdp=65467
[2015.07.06-23.55.30:569][  0]UdpMessaging: Initializing bridge on interface 0.0.0.0:0 to multicast group 230.0.0.1:6666.
[2015.07.06-23.55.31:364][  0]SourceControl: Info Source control is disabled
[2015.07.06-23.55.31:413][  0]SourceControl: Info Source control is disabled
[2015.07.06-23.55.31:477][  0]SourceControl: Info Source control is disabled
[2015.07.06-23.55.31:536][  0]SourceControl: Info Source control is disabled
[2015.07.06-23.55.32:180][  0]LogObj: 26273 objects as part of root set at end of initial load.
[2015.07.06-23.55.32:180][  0]LogUObjectAllocator: 5409248 out of 0 bytes used by permanent object pool.
[2015.07.06-23.55.32:315][  0]LogEngine: Initializing Engine...
[2015.07.06-23.55.32:320][  0]LogHMD: Can't find Oculus library dev build: is proper Runtime installed? Version: 0.6.0.0
[2015.07.06-23.55.32:339][  0]LogHMD:Warning: SteamVR failed to initialize.  Error: 110
[2015.07.06-23.55.32:562][  0]LogAIModule: Creating AISystem for world NewWorld
[2015.07.06-23.55.32:576][  0]LogInit: XAudio2 using 'Speakers (Realtek High Definition Audio)' : 2 channels at 48 kHz using 32 bits per sample (channel mask 0x3)
[2015.07.06-23.55.32:600][  0]LogInit: FAudioDevice initialized.
[2015.07.06-23.55.32:630][  0]LogDerivedDataCache: Saved boot cache 0.03s 53MB C:/Users/phill_000/AppData/Local/UnrealEngine/4.8/DerivedDataCache/Boot.ddc.
[2015.07.06-23.55.32:636][  0]LogInit: Texture streaming: Disabled
[2015.07.06-23.55.32:715][  0]LogAnalytics: Creating configured Analytics provider AnalyticsET
[2015.07.06-23.55.32:715][  0]LogAnalytics: [UEEditor.Rocket.Release] APIServer = http://et2.epicgames.com/ET2/. AppVersion = 4.8.1-2591939+++depot+UE4-Releases+4.8
[2015.07.06-23.55.32:715][  0]LogAnalytics: [UEEditor.Rocket.Release] SetUserId 7c26e5e44b982c07ae34b491ad0b3606|e04a3ea4d3094879af4d972fbc4dc761|30abedbd-5fcf-444a-8f58-71a6c0f51a48
[2015.07.06-23.55.32:715][  0]LogAnalytics: [UEEditor.Rocket.Release] AnalyticsET::StartSession
[2015.07.06-23.55.32:831][  0]LogInit: Transaction tracking system initialized
[2015.07.06-23.55.33:193][  0]BlueprintLog: New page: Editor Load
[2015.07.06-23.55.33:257][  0]LogAssetRegistry: FAssetRegistry took 0.0114 seconds to start up
[2015.07.06-23.55.33:257][  0]LogDirectoryWatcher:Warning: Failed to begin reading directory changes for ../../../Engine/Plugins/Experimental/CharacterAI/Content/. Error: 0
[2015.07.06-23.55.35:469][  0]LogConsoleManager:Warning: Console variable 'r.VSync' wasn't set ('GameSetting' has a lower priority than 'SystemSettingsIni')
[2015.07.06-23.55.35:470][  0]LogConsoleResponse:Display: 
[2015.07.06-23.55.35:678][  0]LogCook:Display: Done creating registry. It took  0.00s.
[2015.07.06-23.55.36:160][  0]SourceControl: Info Source control is disabled
[2015.07.06-23.55.36:160][  0]Cmd: MAP LOAD FILE="../../../../../../Users/phill_000/Documents/Unreal Projects/GameCreation/Content/StarterContent/Maps/Minimal_Default.umap" TEMPLATE=0 SHOWPROGRESS=1 FEATURELEVEL=3
[2015.07.06-23.55.36:160][  0]LogEditorServer:Warning: Can't find file '../../../../../../Users/phill_000/Documents/Unreal Projects/GameCreation/Content/StarterContent/Maps/Minimal_Default.umap'
[2015.07.06-23.55.36:160][  0]Cmd: MAP CHECKDEP NOCLEARLOG
[2015.07.06-23.55.36:224][  0]MapCheck: Info Map check complete: 0 Error(s), 0 Warning(s), took 63.713ms to complete.
[2015.07.06-23.55.36:224][  0]LogFileHelpers: Loading map 'Minimal_Default' took 0.064
[2015.07.06-23.55.36:615][  0]LogCollectionManager: Loaded 0 collections in 0.002196 seconds
[2015.07.06-23.55.36:636][  0]LogContentBrowser: Native class hierarchy populated in 0.0210 seconds. Added 1792 classes and 301 folders.
[2015.07.06-23.55.36:775][  0]LogContentBrowser: Native class hierarchy updated for 'WidgetCarousel' in 0.0003 seconds. Added 0 classes and 0 folders.
[2015.07.06-23.55.37:088][  0]LogContentBrowser: Native class hierarchy updated for 'AddContentDialog' in 0.0004 seconds. Added 0 classes and 0 folders.
[2015.07.06-23.55.37:377][  0]LogCrashTracker: Crashtracker disabled due to settings.
[2015.07.06-23.55.37:421][  0]LogUObjectGlobals:Warning: Failed to find object 'Class None.'
[2015.07.06-23.55.37:455][  0]LogLoad: Full Startup: 17.56 seconds (BP compile: 0.09 seconds)
[2015.07.06-23.55.37:632][  0]LogContentStreaming: Texture pool size is 0.000000MB
[2015.07.06-23.55.37:660][  0]LogContentStreaming: Texture pool size now 200 MB
[2015.07.06-23.55.37:812][  0]LogRenderer: Reallocating scene render targets to support 1208x576 (Frame:2).
[2015.07.06-23.55.38:431][  6]LogAssetRegistry: Asset discovery search completed in 5.1846 seconds
[2015.07.06-23.55.50:875][311]LogAIModule: Creating AISystem for world StartMap
[2015.07.06-23.55.50:980][311]Cmd: MAP LOAD FILE="../../../../../../Users/phill_000/Documents/Unreal Projects/GameCreation/Content/StarterContent/Maps/StartMap.umap" TEMPLATE=0 SHOWPROGRESS=1 FEATURELEVEL=3
[2015.07.06-23.55.50:980][311]LightingResults: New page: Lighting Build
[2015.07.06-23.55.50:995][311]LogContentBrowser: Native class hierarchy updated for 'StatsViewer' in 0.0004 seconds. Added 5 classes and 0 folders.
[2015.07.06-23.55.51:015][311]LoadErrors: New page: Loading map: StartMap.umap
[2015.07.06-23.55.51:016][311]MapCheck: New page: Map Check
[2015.07.06-23.55.51:016][311]LightingResults: New page: Lighting Build
[2015.07.06-23.55.51:033][311]LogParticles: Destroying 0 GPU particle simulations for FXSystem 0x000000D87677EF20
[2015.07.06-23.55.51:129][311]LogAIModule: Creating AISystem for world StartMap
[2015.07.06-23.55.51:141][311]LogEditorServer: Finished looking for orphan Actors (0.000 secs)
[2015.07.06-23.55.51:173][311]Cmd: MAP CHECKDEP NOCLEARLOG
[2015.07.06-23.55.51:235][311]MapCheck: Info Map check complete: 0 Error(s), 0 Warning(s), took 61.997ms to complete.
[2015.07.06-23.55.51:235][311]LogFileHelpers: Loading map 'StartMap' took 0.256
[2015.07.06-23.55.57:567][412]LogEditorViewport: Clicking on Actor (context menu): BP_Sky_Sphere_C (Sky Sphere2)
[2015.07.06-23.55.58:532][437]LogEditorViewport: Clicking on Actor (LMB): BP_Sky_Sphere_C (Sky Sphere2)
[2015.07.06-23.56.11:530][631]LogEditorViewport: Clicking on Actor (LMB): BP_Sky_Sphere_C (Sky Sphere2)
[2015.07.06-23.56.17:947][726]LogEditorViewport: Clicking on Actor (LMB): StaticMeshActor (SM_WindowFrame)
[2015.07.06-23.56.33:565][946]Cmd: EDCALLBACK SURFPROPS
[2015.07.06-23.56.34:213][955]Cmd: EDCALLBACK SURFPROPS
[2015.07.06-23.56.35:323][971]Cmd: EDCALLBACK SURFPROPS
[2015.07.06-23.56.35:885][981]LogEditorViewport: Clicking on Actor (LMB): StaticMeshActor (SM_WindowFrame)
[2015.07.06-23.56.37:322][997]Cmd: EDCALLBACK SURFPROPS
[2015.07.06-23.56.38:243][ 10]Cmd: EDCALLBACK SURFPROPS
[2015.07.06-23.56.39:331][ 24]Cmd: EDCALLBACK SURFPROPS
[2015.07.06-23.56.40:656][ 42]Cmd: EDCALLBACK SURFPROPS
[2015.07.06-23.56.41:421][ 52]Cmd: EDCALLBACK SURFPROPS
[2015.07.06-23.56.41:904][ 58]Cmd: EDCALLBACK SURFPROPS
[2015.07.06-23.56.42:989][ 73]Cmd: EDCALLBACK SURFPROPS
[2015.07.06-23.56.43:489][ 79]Cmd: EDCALLBACK SURFPROPS
[2015.07.06-23.56.45:642][125]Cmd: EDCALLBACK SURFPROPS
[2015.07.06-23.56.46:228][136]LogEditorViewport: Clicking on Actor (LMB): StaticMeshActor (SM_WindowFrame)
[2015.07.06-23.57.15:220][556]Cmd: EDCALLBACK SURFPROPS
[2015.07.06-23.57.16:049][567]Cmd: EDCALLBACK SURFPROPS
[2015.07.06-23.57.32:777][792]Cmd: EDCALLBACK SURFPROPS
[2015.07.06-23.57.38:358][862]Cmd: EDCALLBACK SURFPROPS
[2015.07.06-23.57.39:126][871]Cmd: EDCALLBACK SURFPROPS
[2015.07.06-23.57.40:076][882]Cmd: EDCALLBACK SURFPROPS
[2015.07.06-23.57.41:686][904]LogEditorViewport: Clicking on Actor (LMB): BP_Sky_Sphere_C (Sky Sphere2)
[2015.07.06-23.57.59:317][141]LogEditorViewport: Clicking on Actor (LMB): StaticMeshActor (SM_WindowFrame)
[2015.07.06-23.58.00:564][157]LogEditorViewport: Clicking on Actor (context menu): StaticMeshActor (SM_WindowFrame)
[2015.07.06-23.58.04:055][290]LogEditorViewport: Clicking on Actor (LMB): StaticMeshActor (SM_WindowFrame)
[2015.07.06-23.58.04:747][299]Cmd: DELETE
[2015.07.06-23.58.04:747][299]Cmd: ACTOR DELETE
[2015.07.06-23.58.04:749][299]LogEditorActor: Deleted Actor: StaticMeshActor
[2015.07.06-23.58.04:835][299]LogEditorActor: Deleted 1 Actors (0.087 secs)
[2015.07.06-23.58.06:758][326]LogEditorViewport: Clicking on Actor (LMB): BP_Sky_Sphere_C (Sky Sphere2)
[2015.07.06-23.58.07:659][338]LogEditorViewport: Clicking on Actor (LMB): StaticMeshActor (SM_DoorFrame2)
[2015.07.06-23.58.20:061][504]LogEditorViewport: Clicking on Actor (LMB): Brush (Box Brush5)
[2015.07.06-23.59.14:294][202]LogActorFactory: Actor Factory created Sphere
[2015.07.06-23.59.15:872][220]LogActorFactory: Actor Factory created Sphere
[2015.07.06-23.59.31:899][411]Cmd: DELETE
[2015.07.06-23.59.31:899][411]Cmd: ACTOR DELETE
[2015.07.06-23.59.31:901][411]LogEditorActor: Deleted Actor: StaticMeshActor
[2015.07.06-23.59.31:995][411]LogEditorActor: Deleted 1 Actors (0.095 secs)
[2015.07.07-00.00.50:755][438]Cmd: POLY SELECT ADJACENT ALL
[2015.07.07-00.01.02:572][730]Cmd: POLY SELECT ADJACENT ALL
[2015.07.07-00.01.09:776][855]LogRenderer: Reallocating scene render targets to support 1208x928 (Frame:4527).
[2015.07.07-00.01.59:441][632]Cmd: POLY SELECT ADJACENT ALL
[2015.07.07-00.02.18:999][995]Cmd: POLY SELECT ADJACENT ALL
[2015.07.07-00.06.20:037][540]LogRenderer: Reallocating scene render targets to support 1448x928 (Frame:7616).
[2015.07.07-00.06.37:220][792]Cmd: EDCALLBACK SURFPROPS
[2015.07.07-00.06.49:622][907]Cmd: EDCALLBACK SURFPROPS
[2015.07.07-00.06.52:620][937]Cmd: DELETE
[2015.07.07-00.06.52:620][937]Cmd: ACTOR DELETE
[2015.07.07-00.06.52:623][937]LogEditorActor: Deleted Actor: Brush
[2015.07.07-00.06.52:817][937]LogEditorActor: Deleted 1 Actors (0.196 secs)
[2015.07.07-00.07.29:549][288]LogEditorViewport: Clicking on Actor (LMB): BP_Sky_Sphere_C (Sky Sphere2)
[2015.07.07-00.09.21:412][686]LogEditorViewport: Clicking on Actor (LMB): BP_Sky_Sphere_C (Sky Sphere2)
[2015.07.07-00.13.07:289][957]LogEditorViewport: Clicking on Actor (LMB): BP_Sky_Sphere_C (Sky Sphere2)
[2015.07.07-00.13.47:020][666]LogEditorViewport: Clicking on Actor (LMB): BP_Sky_Sphere_C (Sky Sphere2)
[2015.07.07-00.14.17:120][324]Cmd: EDCALLBACK SURFPROPS
[2015.07.07-00.14.42:762][830]LogEditorViewport: Clicking on Actor (LMB): BP_Sky_Sphere_C (Sky Sphere2)
[2015.07.07-00.14.54:309][ 28]Cmd: EDCALLBACK SURFPROPS
[2015.07.07-00.14.59:353][139]Cmd: POLY SELECT ADJACENT ALL
[2015.07.07-00.15.02:672][201]LogEditorViewport: Clicking on Actor (LMB): BP_Sky_Sphere_C (Sky Sphere2)
[2015.07.07-00.16.01:903][231]Cmd: EDCALLBACK SURFPROPS
[2015.07.07-00.16.47:506][ 36]Cmd: EDCALLBACK SURFPROPS
[2015.07.07-00.16.51:699][102]LogEditorViewport: Clicking on Actor (LMB): BP_Sky_Sphere_C (Sky Sphere2)
[2015.07.07-00.17.07:271][350]LogEditorViewport: Clicking on Actor (LMB): Brush (Box Brush18)
[2015.07.07-00.17.07:468][350]LogEditorViewport: Clicking on Actor (double click): Brush (Box Brush18)
[2015.07.07-00.17.08:028][358]LogEditorViewport: Clicking on Actor (LMB): Brush (Box Brush18)
[2015.07.07-00.17.08:093][358]LogEditorViewport: Clicking on Actor (double click): Brush (Box Brush18)
[2015.07.07-00.17.08:797][369]LogEditorViewport: Clicking on Actor (LMB): Brush (Box Brush18)
[2015.07.07-00.17.12:738][422]LogEditorViewport: Clicking on Actor (double click): Brush (Box Brush18)
[2015.07.07-00.17.16:839][499]LogGeometryMode:Warning: Unable to find BoxBrush7 Brush(s) in new BSP
[2015.07.07-00.17.16:839][499]LogGeometryMode:Warning: Unable to find all previously selected geometry data, resetting selection
[2015.07.07-00.17.21:092][554]LogEditorViewport: Clicking on Actor (double click): Brush (Box Brush18)
[2015.07.07-00.17.39:534][840]LogGeometryMode:Warning: Unable to find BoxBrush7 Brush(s) in new BSP
[2015.07.07-00.17.39:534][840]LogGeometryMode:Warning: Unable to find all previously selected geometry data, resetting selection
[2015.07.07-00.18.03:605][222]LogEditorViewport: Clicking on Actor (LMB): BP_Sky_Sphere_C (Sky Sphere2)
[2015.07.07-00.19.12:908][926]LogSavePackage: Save=93.274040ms
[2015.07.07-00.19.12:908][926]LogSavePackage: Moving '../../../../../../Users/phill_000/Documents/Unreal Projects/GameCreation/Saved/StartMap_Auto12049A5874E5946101A4D87A2C46A5AD3.tmp' to '../../../../../../Users/phill_000/Documents/Unreal Projects/GameCreation/Saved/Autosaves/Game/StarterContent/Maps/StartMap_Auto1.umap'
[2015.07.07-00.19.12:913][926]LogFileHelpers: Editor autosave (incl. sublevels) for '/Game/StarterContent/Maps/StartMap' took 0.184
[2015.07.07-00.19.12:913][926]LogFileHelpers: Editor autosave (incl. sublevels) for all levels took 0.184
[2015.07.07-07.47.55:774][779]LogSavePackage: Save=187.115677ms
[2015.07.07-07.47.55:774][779]LogSavePackage: Moving '../../../../../../Users/phill_000/Documents/Unreal Projects/GameCreation/Saved/StartMap539FAEAC4FE1C9AF41534AA594D00DA2.tmp' to '../../../../../../Users/phill_000/Documents/Unreal Projects/GameCreation/Content/StarterContent/Maps/StartMap.umap'
[2015.07.08-07.08.28:539][638]LogD3D11RHI: Timed out while waiting for GPU to catch up. (500 ms)
[2015.07.08-15.17.57:584][713]LogEditorViewport: Clicking on Actor (LMB): BP_Sky_Sphere_C (Sky Sphere2)
[2015.07.08-15.17.58:632][721]LogEditorViewport: Clicking on Actor (LMB): BP_Sky_Sphere_C (Sky Sphere2)
[2015.07.08-15.19.06:367][722]LogEditorViewport: Clicking on Actor (LMB): BP_Sky_Sphere_C (Sky Sphere2)
[2015.07.08-15.19.07:218][730]LogEditorViewport: Clicking on Actor (LMB): BP_Sky_Sphere_C (Sky Sphere2)
[2015.07.08-15.19.19:039][888]LogEditorViewport: Clicking on Actor (LMB): BP_Sky_Sphere_C (Sky Sphere2)
[2015.07.08-15.20.12:058][592]LogEditorViewport: Clicking on Actor (LMB): BP_Sky_Sphere_C (Sky Sphere2)
[2015.07.08-15.20.37:084][925]LogEditorViewport: Clicking on Actor (LMB): BP_Sky_Sphere_C (Sky Sphere2)
[2015.07.08-15.20.50:090][ 98]LogEditorViewport: Clicking on Actor (LMB): BP_Sky_Sphere_C (Sky Sphere2)
[2015.07.08-15.23.33:648][980]LogGeometryMode:Warning: Unable to find BoxBrush3 Brush(s) in new BSP
[2015.07.08-15.23.33:670][980]LogGeometryMode:Warning: Unable to find all previously selected geometry data, resetting selection
[2015.07.08-15.24.01:720][314]LogEditorViewport: Clicking on Actor (double click): Brush (Box Brush10)
[2015.07.08-15.24.24:551][591]LogGeometryMode:Warning: Unable to find BoxBrush3 Brush(s) in new BSP
[2015.07.08-15.24.24:551][591]LogGeometryMode:Warning: Unable to find all previously selected geometry data, resetting selection
[2015.07.08-15.25.17:990][258]LogEditorViewport: Clicking on Actor (LMB): BP_Sky_Sphere_C (Sky Sphere2)
[2015.07.08-15.25.19:077][266]LogEditorViewport: Clicking on Actor (LMB): BP_Sky_Sphere_C (Sky Sphere2)
[2015.07.08-15.25.37:795][521]LogEditorViewport: Clicking on Actor (LMB): BP_Sky_Sphere_C (Sky Sphere2)
[2015.07.08-15.25.48:631][664]LogEditorViewport: Clicking on Actor (LMB): BP_Sky_Sphere_C (Sky Sphere2)
[2015.07.08-15.25.54:467][740]LogEditorViewport: Clicking on Actor (LMB): BP_Sky_Sphere_C (Sky Sphere2)
[2015.07.08-15.27.28:691][ 69]LogEditorViewport: Clicking on Actor (LMB): BP_Sky_Sphere_C (Sky Sphere2)
[2015.07.08-15.27.32:918][126]LogEditorViewport: Clicking on Actor (LMB): BP_Sky_Sphere_C (Sky Sphere2)
[2015.07.08-15.28.21:566][765]LogEditorViewport: Clicking on Actor (LMB): BP_Sky_Sphere_C (Sky Sphere2)
[2015.07.08-15.28.36:942][963]LogEditorViewport: Clicking on Actor (LMB): BP_Sky_Sphere_C (Sky Sphere2)
[2015.07.08-15.28.59:076][269]LogEditorViewport: Clicking on Actor (LMB): BP_Sky_Sphere_C (Sky Sphere2)
[2015.07.08-15.30.16:656][188]LogEditorViewport: Clicking on Actor (LMB): BP_Sky_Sphere_C (Sky Sphere2)
[2015.07.08-15.30.36:947][271]LogWindowsTextInputMethodSystem:Display: IME system now deactivated.
[2015.07.08-15.30.40:017][272]Cmd: QUIT_EDITOR
[2015.07.08-15.30.42:984][272]LogExit: Preparing to exit.
[2015.07.08-15.30.49:989][272]LogExit: Editor shut down
[2015.07.08-15.30.50:208][272]LogExit: Transaction tracking system shut down
[2015.07.08-15.30.50:230][272]LogParticles: Destroying 0 GPU particle simulations for FXSystem 0x000000D869ADED40
[2015.07.08-15.30.50:573][272]LogParticles: Destroying 0 GPU particle simulations for FXSystem 0x000000D869CD91C0
[2015.07.08-15.30.50:573][272]LogParticles: Destroying 0 GPU particle simulations for FXSystem 0x000000D876A749A0
[2015.07.08-15.30.50:573][272]LogParticles: Destroying 0 GPU particle simulations for FXSystem 0x000000D8695844A0
[2015.07.08-15.30.57:361][272]LogExit: Object subsystem successfully closed.
[2015.07.08-15.31.06:805][272]LogModuleManager: Shutting down and abandoning module StatsViewer (187)
[2015.07.08-15.31.06:824][272]LogModuleManager: Shutting down and abandoning module CrashTracker (186)
[2015.07.08-15.31.06:828][272]LogModuleManager: Shutting down and abandoning module SuperSearch (185)
[2015.07.08-15.31.06:828][272]LogModuleManager: Shutting down and abandoning module WidgetCarousel (184)
[2015.07.08-15.31.06:845][272]LogModuleManager: Shutting down and abandoning module AddContentDialog (183)
[2015.07.08-15.31.07:435][272]LogModuleManager: Shutting down and abandoning module EditorWidgets (182)
[2015.07.08-15.31.07:435][272]LogModuleManager: Shutting down and abandoning module CollectionManager (181)
[2015.07.08-15.31.07:473][272]LogModuleManager: Shutting down and abandoning module FoliageEdit (180)
[2015.07.08-15.31.07:473][272]LogModuleManager: Shutting down and abandoning module LandscapeEditor (179)
[2015.07.08-15.31.07:574][272]LogModuleManager: Shutting down and abandoning module ActorPickerMode (178)
[2015.07.08-15.31.07:574][272]LogModuleManager: Shutting down and abandoning module GeometryMode (177)
[2015.07.08-15.31.07:574][272]LogModuleManager: Shutting down and abandoning module TextureAlignMode (176)
[2015.07.08-15.31.07:574][272]LogModuleManager: Shutting down and abandoning module BspMode (175)
[2015.07.08-15.31.07:574][272]LogModuleManager: Shutting down and abandoning module PlacementMode (174)
[2015.07.08-15.31.07:574][272]LogModuleManager: Shutting down and abandoning module AutomationWorker (173)
[2015.07.08-15.31.07:585][272]LogModuleManager: Shutting down and abandoning module CharacterAI (172)
[2015.07.08-15.31.07:595][272]LogModuleManager: Shutting down and abandoning module SmartSnapping (171)
[2015.07.08-15.31.07:595][272]LogModuleManager: Shutting down and abandoning module ViewportSnapping (170)
[2015.07.08-15.31.07:596][272]LogModuleManager: Shutting down and abandoning module LogVisualizer (169)
[2015.07.08-15.31.07:687][272]LogModuleManager: Shutting down and abandoning module GameProjectGeneration (168)
[2015.07.08-15.31.07:725][272]LogModuleManager: Shutting down and abandoning module IntroTutorials (167)
[2015.07.08-15.31.07:765][272]LogModuleManager: Shutting down and abandoning module EditorLiveStreaming (166)
[2015.07.08-15.31.07:773][272]LogModuleManager: Shutting down and abandoning module IOSPlatformEditor (165)
[2015.07.08-15.31.07:783][272]LogModuleManager: Shutting down and abandoning module HTML5PlatformEditor (164)
[2015.07.08-15.31.07:783][272]LogModuleManager: Shutting down and abandoning module AndroidDeviceDetection (163)
[2015.07.08-15.31.08:585][272]LogModuleManager: Shutting down and abandoning module AndroidPlatformEditor (162)
[2015.07.08-15.31.08:590][272]LogModuleManager: Shutting down and abandoning module IOSRuntimeSettings (161)
[2015.07.08-15.31.08:590][272]LogModuleManager: Shutting down and abandoning module AndroidRuntimeSettings (160)
[2015.07.08-15.31.08:590][272]LogModuleManager: Shutting down and abandoning module MergeActors (159)
[2015.07.08-15.31.08:612][272]LogModuleManager: Shutting down and abandoning module SizeMap (158)
[2015.07.08-15.31.08:621][272]LogModuleManager: Shutting down and abandoning module TreeMap (157)
[2015.07.08-15.31.08:630][272]LogModuleManager: Shutting down and abandoning module ReferenceViewer (156)
[2015.07.08-15.31.08:630][272]LogModuleManager: Shutting down and abandoning module LocalizationDashboard (155)
[2015.07.08-15.31.08:687][272]LogModuleManager: Shutting down and abandoning module HardwareTargeting (154)
[2015.07.08-15.31.08:687][272]LogModuleManager: Shutting down and abandoning module DeviceProfileEditor (153)
[2015.07.08-15.31.08:701][272]LogModuleManager: Shutting down and abandoning module UndoHistory (152)
[2015.07.08-15.31.08:736][272]LogModuleManager: Shutting down and abandoning module GameplayTagsEditor (151)
[2015.07.08-15.31.08:741][272]LogModuleManager: Shutting down and abandoning module UserFeedback (150)
[2015.07.08-15.31.08:741][272]LogModuleManager: Shutting down and abandoning module XmlParser (149)
[2015.07.08-15.31.08:757][272]LogModuleManager: Shutting down and abandoning module Blutility (148)
[2015.07.08-15.31.08:757][272]LogModuleManager: Shutting down and abandoning module ProjectTargetPlatformEditor (147)
[2015.07.08-15.31.08:840][272]LogModuleManager: Shutting down and abandoning module ProjectSettingsViewer (146)
[2015.07.08-15.31.08:863][272]LogModuleManager: Shutting down and abandoning module InputBindingEditor (145)
[2015.07.08-15.31.08:876][272]LogModuleManager: Shutting down and abandoning module EditorSettingsViewer (144)
[2015.07.08-15.31.08:891][272]LogModuleManager: Shutting down and abandoning module SettingsEditor (143)
[2015.07.08-15.31.08:912][272]LogModuleManager: Shutting down and abandoning module ProjectLauncher (142)
[2015.07.08-15.31.08:927][272]LogModuleManager: Shutting down and abandoning module SessionFrontend (141)
[2015.07.08-15.31.08:931][272]LogModuleManager: Shutting down and abandoning module ProfilerClient (140)
[2015.07.08-15.31.08:947][272]LogModuleManager: Shutting down and abandoning module TargetDeviceServices (139)
[2015.07.08-15.31.08:948][272]LogModuleManager: Shutting down and abandoning module DeviceManager (138)
[2015.07.08-15.31.08:989][272]LogModuleManager: Shutting down and abandoning module AutomationController (137)
[2015.07.08-15.31.09:006][272]LogModuleManager: Shutting down and abandoning module AutomationWindow (136)
[2015.07.08-15.31.09:013][272]LogModuleManager: Shutting down and abandoning module Layers (135)
[2015.07.08-15.31.09:045][272]LogModuleManager: Shutting down and abandoning module ComponentVisualizers (134)
[2015.07.08-15.31.09:045][272]LogModuleManager: Shutting down and abandoning module DetailCustomizations (133)
[2015.07.08-15.31.09:061][272]LogModuleManager: Shutting down and abandoning module PackagesDialog (132)
[2015.07.08-15.31.09:062][272]LogModuleManager: Shutting down and abandoning module AssetRegistry (131)
[2015.07.08-15.31.10:840][272]LogModuleManager: Shutting down and abandoning module Persona (130)
[2015.07.08-15.31.10:908][272]LogModuleManager: Shutting down and abandoning module Kismet (129)
[2015.07.08-15.31.10:972][272]LogModuleManager: Shutting down and abandoning module GraphEditor (128)
[2015.07.08-15.31.11:082][272]LogModuleManager: Shutting down and abandoning module ClassViewer (127)
[2015.07.08-15.31.11:114][272]LogModuleManager: Shutting down and abandoning module Toolbox (126)
[2015.07.08-15.31.11:121][272]LogModuleManager: Shutting down and abandoning module ModuleUI (125)
[2015.07.08-15.31.11:127][272]LogModuleManager: Shutting down and abandoning module MovieSceneTools (124)
[2015.07.08-15.31.11:164][272]LogModuleManager: Shutting down and abandoning module OutputLog (123)
[2015.07.08-15.31.11:169][272]LogModuleManager: Shutting down and abandoning module GammaUI (122)
[2015.07.08-15.31.11:178][272]LogModuleManager: Shutting down and abandoning module Documentation (121)
[2015.07.08-15.31.11:185][272]LogModuleManager: Shutting down and abandoning module GameLiveStreaming (120)
[2015.07.08-15.31.11:195][272]LogModuleManager: Shutting down and abandoning module StreamingPauseRendering (119)
[2015.07.08-15.31.11:195][272]LogModuleManager: Shutting down and abandoning module AnalyticsET (118)
[2015.07.08-15.31.11:195][272]LogModuleManager: Shutting down and abandoning module Analytics (117)
[2015.07.08-15.31.11:195][272]LogModuleManager: Shutting down and abandoning module AITestSuite (116)
[2015.07.08-15.31.11:201][272]LogModuleManager: Shutting down and abandoning module GameplayDebugger (115)
[2015.07.08-15.31.11:207][272]LogModuleManager: Shutting down and abandoning module AIModule (114)
[2015.07.08-15.31.11:210][272]LogModuleManager: Shutting down and abandoning module ProfilerService (113)
[2015.07.08-15.31.11:286][272]LogModuleManager: Shutting down and abandoning module TaskGraph (112)
[2015.07.08-15.31.11:310][272]LogModuleManager: Shutting down and abandoning module SlateRemote (111)
[2015.07.08-15.31.11:332][272]LogModuleManager: Shutting down and abandoning module SteamVRController (110)
[2015.07.08-15.31.11:332][272]LogModuleManager: Shutting down and abandoning module SteamVR (109)
[2015.07.08-15.31.11:332][272]LogModuleManager: Shutting down and abandoning module ProceduralMeshComponent (108)
[2015.07.08-15.31.11:332][272]LogModuleManager: Shutting down and abandoning module OculusRift (107)
[2015.07.08-15.31.11:332][272]LogModuleManager: Shutting down and abandoning module LeapMotionController (106)
[2015.07.08-15.31.11:567][272]LogModuleManager: Shutting down and abandoning module CustomMeshComponent (105)
[2015.07.08-15.31.11:567][272]LogModuleManager: Shutting down and abandoning module CableComponent (104)
[2015.07.08-15.31.11:567][272]LogModuleManager: Shutting down and abandoning module MessagingDebugger (103)
[2015.07.08-15.31.11:607][272]LogModuleManager: Shutting down and abandoning module MediaPlayerEditor (102)
[2015.07.08-15.31.11:622][272]LogModuleManager: Shutting down and abandoning module SpeedTreeImporter (101)
[2015.07.08-15.31.11:622][272]LogModuleManager: Shutting down and abandoning module PluginBrowser (100)
[2015.07.08-15.31.11:650][272]LogModuleManager: Shutting down and abandoning module EpicSurvey (99)
[2015.07.08-15.31.11:680][272]LogModuleManager: Shutting down and abandoning module DesktopPlatform (98)
[2015.07.08-15.31.11:699][272]LogModuleManager: Shutting down and abandoning module VisualStudioSourceCodeAccess (97)
[2015.07.08-15.31.11:710][272]LogModuleManager: Shutting down and abandoning module UObjectPlugin (96)
[2015.07.08-15.31.11:710][272]LogModuleManager: Shutting down and abandoning module SubversionSourceControl (95)
[2015.07.08-15.31.11:733][272]LogModuleManager: Shutting down and abandoning module PerforceSourceControl (94)
[2015.07.08-15.31.11:750][272]LogModuleManager: Shutting down and abandoning module SourceControl (93)
[2015.07.08-15.31.11:757][272]LogModuleManager: Shutting down and abandoning module GitSourceControl (92)
[2015.07.08-15.31.11:783][272]LogModuleManager: Shutting down and abandoning module BlankPlugin (91)
[2015.07.08-15.31.11:783][272]LogModuleManager: Shutting down and abandoning module PaperTiledImporter (90)
[2015.07.08-15.31.11:783][272]LogModuleManager: Shutting down and abandoning module PaperSpriteSheetImporter (89)
[2015.07.08-15.31.11:783][272]LogModuleManager: Shutting down and abandoning module MeshPaint (88)
[2015.07.08-15.31.11:816][272]LogModuleManager: Shutting down and abandoning module SlateReflector (87)
[2015.07.08-15.31.11:846][272]LogModuleManager: Shutting down and abandoning module DirectoryWatcher (86)
[2015.07.08-15.31.12:994][272]LogModuleManager: Shutting down and abandoning module HotReload (85)
[2015.07.08-15.31.13:012][272]LogModuleManager: Shutting down and abandoning module MainFrame (84)
[2015.07.08-15.31.13:051][272]LogModuleManager: Shutting down and abandoning module LevelEditor (83)
[2015.07.08-15.31.13:658][272]LogModuleManager: Shutting down and abandoning module ContentBrowser (82)
[2015.07.08-15.31.13:979][272]LogModuleManager: Shutting down and abandoning module Paper2DEditor (81)
[2015.07.08-15.31.14:040][272]LogModuleManager: Shutting down and abandoning module UdpMessaging (80)
[2015.07.08-15.31.14:151][272]LogModuleManager: Shutting down and abandoning module Paper2D (79)
[2015.07.08-15.31.14:164][272]LogModuleManager: Shutting down and abandoning module WindowsMoviePlayer (78)
[2015.07.08-15.31.14:440][272]LogModuleManager: Shutting down and abandoning module Media (77)
[2015.07.08-15.31.14:440][272]LogModuleManager: Shutting down and abandoning module WmfMedia (76)
[2015.07.08-15.31.14:519][272]LogModuleManager: Shutting down and abandoning module OnlineBlueprintSupport (75)
[2015.07.08-15.31.14:519][272]LogModuleManager: Shutting down and abandoning module PropertyEditor (74)
[2015.07.08-15.31.14:541][272]LogModuleManager: Shutting down and abandoning module BehaviorTreeEditor (73)
[2015.07.08-15.31.14:561][272]LogModuleManager: Shutting down and abandoning module FunctionalTesting (72)
[2015.07.08-15.31.14:564][272]LogModuleManager: Shutting down and abandoning module CollisionAnalyzer (71)
[2015.07.08-15.31.14:579][272]LogModuleManager: Shutting down and abandoning module WorkspaceMenuStructure (70)
[2015.07.08-15.31.14:623][272]LogModuleManager: Shutting down and abandoning module MessageLog (69)
[2015.07.08-15.31.14:623][272]LogModuleManager: Shutting down and abandoning module Sequencer (68)
[2015.07.08-15.31.14:646][272]LogModuleManager: Shutting down and abandoning module AssetTools (67)
[2015.07.08-15.31.14:701][272]LogModuleManager: Shutting down and abandoning module UMGEditor (66)
[2015.07.08-15.31.14:722][272]LogModuleManager: Shutting down and abandoning module UMG (65)
[2015.07.08-15.31.14:755][272]LogModuleManager: Shutting down and abandoning module Slate (64)
[2015.07.08-15.31.14:755][272]LogModuleManager: Shutting down and abandoning module EditorStyle (63)
[2015.07.08-15.31.15:259][272]LogModuleManager: Shutting down and abandoning module SessionServices (62)
[2015.07.08-15.31.15:260][272]LogModuleManager: Shutting down and abandoning module SourceCodeAccess (61)
[2015.07.08-15.31.15:272][272]LogModuleManager: Shutting down and abandoning module HeadMountedDisplay (60)
[2015.07.08-15.31.15:273][272]LogModuleManager: Shutting down and abandoning module XAudio2 (59)
[2015.07.08-15.31.15:273][272]LogModuleManager: Shutting down and abandoning module Networking (57)
[2015.07.08-15.31.15:273][272]LogModuleManager: Shutting down and abandoning module Core (56)
[2015.07.08-15.31.15:273][272]LogModuleManager: Shutting down and abandoning module KismetCompiler (55)
[2015.07.08-15.31.15:296][272]LogModuleManager: Shutting down and abandoning module PhysXFormats (54)
[2015.07.08-15.31.15:296][272]LogModuleManager: Shutting down and abandoning module MeshUtilities (53)
[2015.07.08-15.31.15:325][272]LogModuleManager: Shutting down and abandoning module DerivedDataCache (52)
[2015.07.08-15.31.15:369][272]LogDerivedDataCache: Shutdown
[2015.07.08-15.31.15:369][272]LogModuleManager: Shutting down and abandoning module ShaderFormatOpenGL (51)
[2015.07.08-15.31.15:396][272]LogModuleManager: Shutting down and abandoning module ShaderFormatD3D (50)
[2015.07.08-15.31.15:403][272]LogModuleManager: Shutting down and abandoning module MetalShaderFormat (49)
[2015.07.08-15.31.15:408][272]LogModuleManager: Shutting down and abandoning module TextureFormatUncompressed (48)
[2015.07.08-15.31.15:409][272]LogModuleManager: Shutting down and abandoning module TextureFormatPVR (47)
[2015.07.08-15.31.15:409][272]LogModuleManager: Shutting down and abandoning module TextureFormatIntelISPCTexComp (46)
[2015.07.08-15.31.15:409][272]LogModuleManager: Shutting down and abandoning module TextureFormatDXT (45)
[2015.07.08-15.31.15:421][272]LogModuleManager: Shutting down and abandoning module ImageWrapper (44)
[2015.07.08-15.31.15:421][272]LogModuleManager: Shutting down and abandoning module TextureFormatASTC (43)
[2015.07.08-15.31.15:421][272]LogModuleManager: Shutting down and abandoning module TextureFormatAndroid (42)
[2015.07.08-15.31.15:444][272]LogModuleManager: Shutting down and abandoning module AudioFormatOpus (41)
[2015.07.08-15.31.15:456][272]LogModuleManager: Shutting down and abandoning module AudioFormatOgg (40)
[2015.07.08-15.31.15:457][272]LogModuleManager: Shutting down and abandoning module AudioFormatADPCM (39)
[2015.07.08-15.31.15:457][272]LogModuleManager: Shutting down and abandoning module LinuxTargetPlatform (38)
[2015.07.08-15.31.15:480][272]LogModuleManager: Shutting down and abandoning module LinuxServerTargetPlatform (37)
[2015.07.08-15.31.15:481][272]LogModuleManager: Shutting down and abandoning module LinuxNoEditorTargetPlatform (36)
[2015.07.08-15.31.15:491][272]LogModuleManager: Shutting down and abandoning module Messaging (35)
[2015.07.08-15.31.15:491][272]LogModuleManager: Shutting down and abandoning module IOSTargetPlatform (34)
[2015.07.08-15.31.15:501][272]LogModuleManager: Shutting down and abandoning module HTML5TargetPlatform (33)
[2015.07.08-15.31.15:508][272]LogModuleManager: Shutting down and abandoning module Android_PVRTCTargetPlatform (32)
[2015.07.08-15.31.15:508][272]LogModuleManager: Shutting down and abandoning module Android_ETC2TargetPlatform (31)
[2015.07.08-15.31.15:508][272]LogModuleManager: Shutting down and abandoning module Android_ETC1TargetPlatform (30)
[2015.07.08-15.31.15:508][272]LogModuleManager: Shutting down and abandoning module Android_DXTTargetPlatform (29)
[2015.07.08-15.31.15:521][272]LogModuleManager: Shutting down and abandoning module Android_ATCTargetPlatform (28)
[2015.07.08-15.31.15:521][272]LogModuleManager: Shutting down and abandoning module Android_ASTCTargetPlatform (27)
[2015.07.08-15.31.15:521][272]LogModuleManager: Shutting down and abandoning module AndroidTargetPlatform (26)
[2015.07.08-15.31.15:521][272]LogModuleManager: Shutting down and abandoning module WindowsTargetPlatform (25)
[2015.07.08-15.31.15:540][272]LogModuleManager: Shutting down and abandoning module WindowsServerTargetPlatform (24)
[2015.07.08-15.31.15:552][272]LogModuleManager: Shutting down and abandoning module WindowsNoEditorTargetPlatform (23)
[2015.07.08-15.31.15:559][272]LogModuleManager: Shutting down and abandoning module WindowsClientTargetPlatform (22)
[2015.07.08-15.31.15:560][272]LogModuleManager: Shutting down and abandoning module DesktopTargetPlatform (21)
[2015.07.08-15.31.15:560][272]LogModuleManager: Shutting down and abandoning module TargetPlatform (20)
[2015.07.08-15.31.15:581][272]LogModuleManager: Shutting down and abandoning module InputCore (19)
[2015.07.08-15.31.15:597][272]LogModuleManager: Shutting down and abandoning module Settings (18)
[2015.07.08-15.31.15:597][272]LogModuleManager: Shutting down and abandoning module OnlineSubsystem (16)
[2015.07.08-15.31.15:599][272]LogModuleManager: Shutting down and abandoning module HTTP (15)
[2015.07.08-15.31.15:655][272]LogModuleManager: Shutting down and abandoning module ExampleDeviceProfileSelector (14)
[2015.07.08-15.31.15:666][272]LogModuleManager: Shutting down and abandoning module TextureCompressor (13)
[2015.07.08-15.31.15:711][272]LogModuleManager: Shutting down and abandoning module ShaderCore (12)
[2015.07.08-15.31.15:720][272]LogModuleManager: Shutting down and abandoning module Landscape (11)
[2015.07.08-15.31.15:724][272]LogModuleManager: Shutting down and abandoning module SlateRHIRenderer (10)
[2015.07.08-15.31.16:279][272]LogModuleManager: Shutting down and abandoning module OpenGLDrv (9)
[2015.07.08-15.31.16:290][272]LogModuleManager: Shutting down and abandoning module D3D11RHI (8)
[2015.07.08-15.31.16:290][272]LogModuleManager: Shutting down and abandoning module Renderer (7)
[2015.07.08-15.31.16:290][272]LogModuleManager: Shutting down and abandoning module Engine (6)
[2015.07.08-15.31.16:296][272]LogModuleManager: Shutting down and abandoning module CoreUObject (5)
[2015.07.08-15.31.16:296][272]LogModuleManager: Shutting down and abandoning module NetworkFile (4)
[2015.07.08-15.31.16:309][272]LogModuleManager: Shutting down and abandoning module StreamingFile (3)
[2015.07.08-15.31.16:323][272]LogModuleManager: Shutting down and abandoning module SandboxFile (2)
[2015.07.08-15.31.16:337][272]LogModuleManager: Shutting down and abandoning module PakFile (1)
[2015.07.08-15.31.16:474][272]LogExit: Exiting.
[2015.07.08-15.31.16:830][272]Log file closed, 07/08/15 08:31:16
