[2015.07.04-11.25.44:897][  0]Log file open, 07/04/15 04:25:44
[2015.07.04-11.25.44:897][  0]LogInit:Display: Running engine for game: GameCreation
[2015.07.04-11.25.44:897][  0]LogInit:Display: RandInit(-1586668140) SRandInit(-1586668140).
[2015.07.04-11.25.44:897][  0]LogTaskGraph: Started task graph with 4 named threads and 5 total threads.
[2015.07.04-11.25.44:897][  0]LogStats: Stats thread started
[2015.07.04-11.25.44:897][  0]LogInit: Version: 4.8.1-2591939+++depot+UE4-Releases+4.8
[2015.07.04-11.25.44:897][  0]LogInit: API Version: 2579680
[2015.07.04-11.25.44:897][  0]LogInit: Compiled (64-bit): Jun 18 2015 11:02:04
[2015.07.04-11.25.44:897][  0]LogInit: Compiled with Visual C++: 18.00.21005.01
[2015.07.04-11.25.44:897][  0]LogInit: Build Configuration: Development
[2015.07.04-11.25.44:897][  0]LogInit: Branch Name: ++depot+UE4-Releases+4.8
[2015.07.04-11.25.44:897][  0]LogInit: Command line: 
[2015.07.04-11.25.44:897][  0]LogInit: Base directory: C:/Program Files/Epic Games/4.8/Engine/Binaries/Win64/
[2015.07.04-11.25.44:897][  0]LogInit: Rocket: 1
[2015.07.04-11.25.44:921][  0]LogInit: Using libcurl 7.41.0
[2015.07.04-11.25.44:921][  0]LogInit:  - built for x86_64-pc-win32
[2015.07.04-11.25.44:921][  0]LogInit:  - supports SSL with WinSSL
[2015.07.04-11.25.44:921][  0]LogInit:  - other features:
[2015.07.04-11.25.44:921][  0]LogInit:      CURL_VERSION_SSL
[2015.07.04-11.25.44:921][  0]LogInit:      CURL_VERSION_IPV6
[2015.07.04-11.25.44:921][  0]LogInit:      CURL_VERSION_ASYNCHDNS
[2015.07.04-11.25.44:921][  0]LogInit:      CURL_VERSION_LARGEFILE
[2015.07.04-11.25.44:921][  0]LogInit:      CURL_VERSION_IDN
[2015.07.04-11.25.44:921][  0]LogInit:  CurlRequestOptions (configurable via config and command line):
[2015.07.04-11.25.44:921][  0]LogInit:  - bVerifyPeer = true  - Libcurl will verify peer certificate
[2015.07.04-11.25.44:921][  0]LogInit:  - bUseHttpProxy = false  - Libcurl will NOT use HTTP proxy
[2015.07.04-11.25.44:921][  0]LogInit:  - bDontReuseConnections = false  - Libcurl will reuse connections
[2015.07.04-11.25.44:921][  0]LogInit:  - CertBundlePath = nullptr  - Libcurl will use whatever was configured at build time.
[2015.07.04-11.25.44:942][  0]LogOnline:Warning: No default platform service specified for OnlineSubsystem
[2015.07.04-11.25.45:003][  0]LogInit: Presizing for 0 objects not considered by GC, pre-allocating 0 bytes.
[2015.07.04-11.25.45:012][  0]LogInit: Object subsystem initialized
[2015.07.04-11.25.45:013][  0]LogConsoleResponse:Warning: Skipping Unknown console variable: 'TranslucentSortAxis = (X=0.000000,Y=-1.000000,Z=0.000000)'
[2015.07.04-11.25.45:013][  0]LogConsoleResponse:Warning:   Found in ini file 'C:/Users/phill_000/Documents/Unreal Projects/GameCreation/Saved/Config/Windows/Engine.ini', in section '[/Script/Engine.RendererSettings]'
[2015.07.04-11.25.45:013][  0]LogConsoleResponse:Warning: Skipping Unknown console variable: 'UIScaleRule = ShortestSide'
[2015.07.04-11.25.45:013][  0]LogConsoleResponse:Warning:   Found in ini file 'C:/Users/phill_000/Documents/Unreal Projects/GameCreation/Saved/Config/Windows/Engine.ini', in section '[/Script/Engine.RendererSettings]'
[2015.07.04-11.25.45:013][  0]LogConsoleResponse:Warning: Skipping Unknown console variable: 'UIScaleCurve = (EditorCurveData=(Keys=),ExternalCurve=None)'
[2015.07.04-11.25.45:013][  0]LogConsoleResponse:Warning:   Found in ini file 'C:/Users/phill_000/Documents/Unreal Projects/GameCreation/Saved/Config/Windows/Engine.ini', in section '[/Script/Engine.RendererSettings]'
[2015.07.04-11.25.45:014][  0]LogInit: Selected Device Profile: [Windows]
[2015.07.04-11.25.45:014][  0]LogInit: Applying CVar settings loaded from the selected device profile: [Windows]
[2015.07.04-11.25.45:048][  0]LogInit: Computer: OBAMA
[2015.07.04-11.25.45:048][  0]LogInit: User: MrWong
[2015.07.04-11.25.45:048][  0]LogInit: CPU Page size=4096, Cores=2
[2015.07.04-11.25.45:048][  0]LogInit: High frequency timer resolution =3.215364 MHz
[2015.07.04-11.25.45:048][  0]LogMemory: Memory total: Physical=5.9GB (6GB approx)
[2015.07.04-11.25.45:048][  0]LogMemory: Platform Memory Stats for Windows
[2015.07.04-11.25.45:048][  0]LogMemory: Process Physical Memory: 48.07 MB used, 48.07 MB peak
[2015.07.04-11.25.45:048][  0]LogMemory: Process Virtual Memory: 21.18 MB used, 22.02 MB peak
[2015.07.04-11.25.45:048][  0]LogMemory: Physical Memory: 3527.90 MB used, 6040.27 MB total
[2015.07.04-11.25.45:048][  0]LogMemory: Virtual Memory: 293.63 MB used, 134217728.00 MB total
[2015.07.04-11.25.45:163][  0]LogTextLocalizationManager: The requested culture ('en_US') has no localization data; parent culture's ('en') localization data will be used.
[2015.07.04-11.25.45:415][  0]LogTextLocalizationManager:Warning: Loaded localization resources contain conflicting entries for (Namespace:ContentBrowser, Key:ImportAssetToolTip):
Localization Resource: (C:/Program Files/Epic Games/4.8/Engine/Content/Localization/Editor/en/Editor.locres) Source String Hash: (-630476809) Localized String: (Import to {0}...)
Localization Resource: (C:/Program Files/Epic Games/4.8/Engine/Content/Localization/Editor/en/Editor.locres) Source String Hash: (1271782899) Localized String: (Imports an asset from file to this folder.)
[2015.07.04-11.25.45:933][  0]LogD3D11RHI: Found D3D11 adapter 0: Intel(R) HD Graphics (Feature Level 11_0)
[2015.07.04-11.25.45:933][  0]LogD3D11RHI: Adapter has 32MB of dedicated video memory, 0MB of dedicated system memory, and 1760MB of shared system memory, 1 output[s]
[2015.07.04-11.25.45:935][  0]LogD3D11RHI: Found D3D11 adapter 1: Microsoft Basic Render Driver (Feature Level 11_0)
[2015.07.04-11.25.45:935][  0]LogD3D11RHI: Adapter has 0MB of dedicated video memory, 0MB of dedicated system memory, and 256MB of shared system memory, 0 output[s]
[2015.07.04-11.25.45:935][  0]LogD3D11RHI: Chosen D3D11 Adapter Id = 0
[2015.07.04-11.25.45:940][  0]LogRHI: Texture pool is 638 MB (70% of 912 MB)
[2015.07.04-11.25.45:946][  0]LogD3D11RHI: Async texture creation enabled
[2015.07.04-11.25.45:950][  0]LogShaderCompilers:Display: Using Local Shader Compiler.
[2015.07.04-11.25.46:952][  0]LogTemp:Display: Loaded TP DesktopTargetPlatform
[2015.07.04-11.25.46:969][  0]LogTemp:Display: Loaded TP WindowsClientTargetPlatform
[2015.07.04-11.25.46:985][  0]LogTemp:Display: Loaded TP WindowsNoEditorTargetPlatform
[2015.07.04-11.25.47:002][  0]LogTemp:Display: Loaded TP WindowsServerTargetPlatform
[2015.07.04-11.25.47:020][  0]LogTemp:Display: Loaded TP WindowsTargetPlatform
[2015.07.04-11.25.47:034][  0]LogTemp:Display: Loaded TP AndroidTargetPlatform
[2015.07.04-11.25.47:048][  0]LogTemp:Display: Loaded TP Android_ASTCTargetPlatform
[2015.07.04-11.25.47:063][  0]LogTemp:Display: Loaded TP Android_ATCTargetPlatform
[2015.07.04-11.25.47:077][  0]LogTemp:Display: Loaded TP Android_DXTTargetPlatform
[2015.07.04-11.25.47:092][  0]LogTemp:Display: Loaded TP Android_ETC1TargetPlatform
[2015.07.04-11.25.47:106][  0]LogTemp:Display: Loaded TP Android_ETC2TargetPlatform
[2015.07.04-11.25.47:121][  0]LogTemp:Display: Loaded TP Android_PVRTCTargetPlatform
[2015.07.04-11.25.47:174][  0]LogTemp:Display: Loaded TP IOSTargetPlatform
[2015.07.04-11.25.47:188][  0]LogTemp:Display: Loaded TP LinuxNoEditorTargetPlatform
[2015.07.04-11.25.47:202][  0]LogTemp:Display: Loaded TP LinuxServerTargetPlatform
[2015.07.04-11.25.47:219][  0]LogTemp:Display: Loaded TP LinuxTargetPlatform
[2015.07.04-11.25.47:219][  0]LogTargetPlatformManager:Display: Building Assets For Windows
[2015.07.04-11.25.47:472][  0]LogDerivedDataCache:Display: Max Cache Size: 512 MB
[2015.07.04-11.25.47:541][  0]LogDerivedDataCache: Loaded boot cache 0.07s 53MB C:/Users/phill_000/AppData/Local/UnrealEngine/4.8/DerivedDataCache/Boot.ddc.
[2015.07.04-11.25.47:541][  0]LogDerivedDataCache:Display: Loaded Boot cache: C:/Users/phill_000/AppData/Local/UnrealEngine/4.8/DerivedDataCache/Boot.ddc
[2015.07.04-11.25.47:542][  0]LogDerivedDataCache: FDerivedDataBackendGraph:  Pak pak cache file ../../../../../../Users/phill_000/Documents/Unreal Projects/GameCreation/DerivedDataCache/DDC.ddp not found, will not use a pak cache.
[2015.07.04-11.25.47:542][  0]LogDerivedDataCache: Unable to find inner node Pak for hierarchical cache Hierarchy.
[2015.07.04-11.25.47:542][  0]LogDerivedDataCache: FDerivedDataBackendGraph:  CompressedPak pak cache file ../../../../../../Users/phill_000/Documents/Unreal Projects/GameCreation/DerivedDataCache/Compressed.ddp not found, will not use a pak cache.
[2015.07.04-11.25.47:542][  0]LogDerivedDataCache: Unable to find inner node CompressedPak for hierarchical cache Hierarchy.
[2015.07.04-11.25.47:723][  0]LogDerivedDataCache:Display: Pak cache opened for reading ../../../Engine/DerivedDataCache/Compressed.ddp.
[2015.07.04-11.25.47:736][  0]LogDerivedDataCache: Using Local data cache path C:/Users/phill_000/AppData/Local/UnrealEngine/Common/DerivedDataCache: Writable
[2015.07.04-11.25.48:127][  0]LogInit: Selected Device Profile: [Windows]
[2015.07.04-11.25.48:236][  0]ImportText (ComponentSweepMultiTests): Missing closing parenthesis: (RootShapeAsset="/Engine/BasicShapes/Cube.Cube",ShapeType="TriggerCapsule",HitResult=(Time=0.50,Location=(X=-100.000015,Y=0.0,Z=100.000015),ImpactPoint=(X=-50.0,Y=0.0,Z=50.0),Normal=(X=-1.0,Y=-0.0,Z=0.0),ImpactNormal=(X=0.0,Y=0.0,Z=1.0),TraceStart=(X=-200.0,Y=0.0,Z=200.0),TraceEnd=(X=0.0,Y=0.0,Z=0.0))
[2015.07.04-11.25.48:237][  0]ImportText (LineTraceSingleByChannelTests): Missing closing parenthesis: (RootShapeAsset="/Engine/BasicShapes/Cube.Cube",HitResult=(Time=0.50,Location=(X=-100.000015,Y=0.0,Z=100.000015),ImpactPoint=(X=-50.0,Y=0.0,Z=50.0),Normal=(X=-1.0,Y=-0.0,Z=0.0),ImpactNormal=(X=0.0,Y=0.0,Z=1.0),TraceStart=(X=-200.0,Y=0.0,Z=200.0),TraceEnd=(X=0.0,Y=0.0,Z=0.0))
[2015.07.04-11.25.48:291][  0]LogMeshUtilities: No automatic mesh reduction module available
[2015.07.04-11.25.48:291][  0]LogMeshUtilities: No automatic mesh merging module available
[2015.07.04-11.25.48:735][  0]LogInit: WinSock: version 1.1 (2.2), MaxSocks=32767, MaxUdp=65467
[2015.07.04-11.25.50:412][  0]UdpMessaging: Initializing bridge on interface 0.0.0.0:0 to multicast group 230.0.0.1:6666.
[2015.07.04-11.25.51:166][  0]SourceControl: Info Source control is disabled
[2015.07.04-11.25.51:200][  0]SourceControl: Info Source control is disabled
[2015.07.04-11.25.51:249][  0]SourceControl: Info Source control is disabled
[2015.07.04-11.25.51:292][  0]SourceControl: Info Source control is disabled
[2015.07.04-11.25.51:816][  0]LogObj: 26273 objects as part of root set at end of initial load.
[2015.07.04-11.25.51:816][  0]LogUObjectAllocator: 5409248 out of 0 bytes used by permanent object pool.
[2015.07.04-11.25.51:956][  0]LogEngine: Initializing Engine...
[2015.07.04-11.25.51:959][  0]LogHMD: Can't find Oculus library dev build: is proper Runtime installed? Version: 0.6.0.0
[2015.07.04-11.25.51:980][  0]LogHMD:Warning: SteamVR failed to initialize.  Error: 110
[2015.07.04-11.25.52:192][  0]LogAIModule: Creating AISystem for world NewWorld
[2015.07.04-11.25.52:196][  0]LogInit: XAudio2 using 'Speakers (Realtek High Definition Audio)' : 2 channels at 48 kHz using 32 bits per sample (channel mask 0x3)
[2015.07.04-11.25.52:211][  0]LogInit: FAudioDevice initialized.
[2015.07.04-11.25.52:239][  0]LogDerivedDataCache: Saved boot cache 0.03s 53MB C:/Users/phill_000/AppData/Local/UnrealEngine/4.8/DerivedDataCache/Boot.ddc.
[2015.07.04-11.25.52:243][  0]LogInit: Texture streaming: Disabled
[2015.07.04-11.25.52:301][  0]LogAnalytics: Creating configured Analytics provider AnalyticsET
[2015.07.04-11.25.52:301][  0]LogAnalytics: [UEEditor.Rocket.Release] APIServer = http://et2.epicgames.com/ET2/. AppVersion = 4.8.1-2591939+++depot+UE4-Releases+4.8
[2015.07.04-11.25.52:301][  0]LogAnalytics: [UEEditor.Rocket.Release] SetUserId 7c26e5e44b982c07ae34b491ad0b3606|e04a3ea4d3094879af4d972fbc4dc761|30abedbd-5fcf-444a-8f58-71a6c0f51a48
[2015.07.04-11.25.52:301][  0]LogAnalytics: [UEEditor.Rocket.Release] AnalyticsET::StartSession
[2015.07.04-11.25.52:376][  0]LogInit: Transaction tracking system initialized
[2015.07.04-11.25.52:701][  0]BlueprintLog: New page: Editor Load
[2015.07.04-11.25.52:760][  0]LogAssetRegistry: FAssetRegistry took 0.0107 seconds to start up
[2015.07.04-11.25.52:760][  0]LogDirectoryWatcher:Warning: Failed to begin reading directory changes for ../../../Engine/Plugins/Experimental/CharacterAI/Content/. Error: 0
[2015.07.04-11.25.54:788][  0]LogConsoleManager:Warning: Console variable 'r.VSync' wasn't set ('GameSetting' has a lower priority than 'SystemSettingsIni')
[2015.07.04-11.25.54:788][  0]LogConsoleResponse:Display: 
[2015.07.04-11.25.54:973][  0]LogCook:Display: Done creating registry. It took  0.00s.
[2015.07.04-11.25.55:405][  0]SourceControl: Info Source control is disabled
[2015.07.04-11.25.55:406][  0]Cmd: MAP LOAD FILE="../../../../../../Users/phill_000/Documents/Unreal Projects/GameCreation/Content/StarterContent/Maps/Minimal_Default.umap" TEMPLATE=0 SHOWPROGRESS=1 FEATURELEVEL=3
[2015.07.04-11.25.55:406][  0]LogEditorServer:Warning: Can't find file '../../../../../../Users/phill_000/Documents/Unreal Projects/GameCreation/Content/StarterContent/Maps/Minimal_Default.umap'
[2015.07.04-11.25.55:406][  0]Cmd: MAP CHECKDEP NOCLEARLOG
[2015.07.04-11.25.55:454][  0]MapCheck: Info Map check complete: 0 Error(s), 0 Warning(s), took 47.649ms to complete.
[2015.07.04-11.25.55:454][  0]LogFileHelpers: Loading map 'Minimal_Default' took 0.048
[2015.07.04-11.25.55:584][  0]LogCollectionManager: Loaded 0 collections in 0.002243 seconds
[2015.07.04-11.25.55:590][  0]LogContentBrowser: Native class hierarchy populated in 0.0068 seconds. Added 1792 classes and 301 folders.
[2015.07.04-11.25.55:673][  0]LogContentBrowser: Native class hierarchy updated for 'WidgetCarousel' in 0.0005 seconds. Added 0 classes and 0 folders.
[2015.07.04-11.25.55:732][  0]LogContentBrowser: Native class hierarchy updated for 'AddContentDialog' in 0.0004 seconds. Added 0 classes and 0 folders.
[2015.07.04-11.25.55:772][  0]LogContentBrowser: Native class hierarchy updated for 'SceneOutliner' in 0.0006 seconds. Added 1 classes and 2 folders.
[2015.07.04-11.25.55:833][  0]LogCrashTracker: Crashtracker disabled due to settings.
[2015.07.04-11.25.55:837][  0]LogUObjectGlobals:Warning: Failed to find object 'Class None.'
[2015.07.04-11.25.55:860][  0]LogLoad: Full Startup: 12.76 seconds (BP compile: 0.09 seconds)
[2015.07.04-11.25.55:945][  0]LogContentStreaming: Texture pool size is 0.000000MB
[2015.07.04-11.25.55:975][  0]LogContentStreaming: Texture pool size now 200 MB
[2015.07.04-11.25.56:105][  0]LogRenderer: Reallocating scene render targets to support 1208x576 (Frame:2).
[2015.07.04-11.25.56:663][  7]LogAssetRegistry: Asset discovery search completed in 3.9141 seconds
[2015.07.04-11.26.09:137][315]LogAIModule: Creating AISystem for world StartMap
[2015.07.04-11.26.09:208][315]Cmd: MAP LOAD FILE="../../../../../../Users/phill_000/Documents/Unreal Projects/GameCreation/Content/StarterContent/Maps/StartMap.umap" TEMPLATE=0 SHOWPROGRESS=1 FEATURELEVEL=3
[2015.07.04-11.26.09:208][315]LightingResults: New page: Lighting Build
[2015.07.04-11.26.09:222][315]LogContentBrowser: Native class hierarchy updated for 'StatsViewer' in 0.0004 seconds. Added 5 classes and 0 folders.
[2015.07.04-11.26.09:241][315]LoadErrors: New page: Loading map: StartMap.umap
[2015.07.04-11.26.09:242][315]MapCheck: New page: Map Check
[2015.07.04-11.26.09:242][315]LightingResults: New page: Lighting Build
[2015.07.04-11.26.09:258][315]LogParticles: Destroying 0 GPU particle simulations for FXSystem 0x000000270315AF20
[2015.07.04-11.26.09:320][315]LogAIModule: Creating AISystem for world StartMap
[2015.07.04-11.26.09:324][315]LogEditorServer: Finished looking for orphan Actors (0.000 secs)
[2015.07.04-11.26.09:349][315]Cmd: MAP CHECKDEP NOCLEARLOG
[2015.07.04-11.26.09:405][315]MapCheck: Info Map check complete: 0 Error(s), 0 Warning(s), took 55.13ms to complete.
[2015.07.04-11.26.09:405][315]LogFileHelpers: Loading map 'StartMap' took 0.198
[2015.07.04-11.27.45:541][846]LogEditorViewport: Clicking on Actor (LMB): BP_Sky_Sphere_C (Sky Sphere)
[2015.07.04-11.30.03:782][ 96]LogEditorViewport: Clicking on Actor (LMB): BP_Sky_Sphere_C (Sky Sphere)
[2015.07.04-11.30.18:129][328]LogEditorViewport: Clicking on Actor (LMB): BP_Sky_Sphere_C (Sky Sphere)
[2015.07.04-11.31.14:474][277]LogEditorViewport: Clicking on Actor (context menu): BP_Sky_Sphere_C (Sky Sphere)
[2015.07.04-11.31.59:619][ 46]LogEditorViewport: Clicking on Actor (LMB): BP_Sky_Sphere_C (Sky Sphere)
[2015.07.04-11.32.53:251][899]LogEditorViewport: Clicking on Actor (LMB): BP_Sky_Sphere_C (Sky Sphere)
[2015.07.04-11.36.23:408][273]LogEditorViewport: Clicking on Actor (LMB): BP_Sky_Sphere_C (Sky Sphere)
[2015.07.04-11.37.08:425][  5]LogEditorViewport: Clicking on Actor (LMB): BP_Sky_Sphere_C (Sky Sphere)
[2015.07.04-11.37.13:261][ 81]Cmd: DELETE
[2015.07.04-11.37.13:261][ 81]Cmd: ACTOR DELETE
[2015.07.04-11.37.13:264][ 81]LogEditorActor: Deleted Actor: Brush
[2015.07.04-11.37.13:346][ 81]LogEditorActor: Deleted 1 Actors (0.083 secs)
[2015.07.04-11.37.14:767][104]Cmd: DELETE
[2015.07.04-11.37.14:767][104]Cmd: ACTOR DELETE
[2015.07.04-11.37.14:770][104]LogEditorActor: Deleted Actor: Brush
[2015.07.04-11.37.14:835][104]LogEditorActor: Deleted 1 Actors (0.066 secs)
[2015.07.04-11.37.16:225][125]Cmd: DELETE
[2015.07.04-11.37.16:225][125]Cmd: ACTOR DELETE
[2015.07.04-11.37.16:228][125]LogEditorActor: Deleted Actor: Brush
[2015.07.04-11.37.16:299][125]LogEditorActor: Deleted 1 Actors (0.071 secs)
[2015.07.04-11.37.17:660][147]Cmd: DELETE
[2015.07.04-11.37.17:660][147]Cmd: ACTOR DELETE
[2015.07.04-11.37.17:662][147]LogEditorActor: Deleted Actor: Brush
[2015.07.04-11.37.17:731][147]LogEditorActor: Deleted 1 Actors (0.069 secs)
[2015.07.04-11.38.41:378][468]LogEditorViewport: Clicking on Actor (LMB): BP_Sky_Sphere_C (Sky Sphere)
[2015.07.04-11.38.54:319][681]Cmd: DELETE
[2015.07.04-11.38.54:319][681]Cmd: ACTOR DELETE
[2015.07.04-11.38.54:322][681]LogEditorActor: Deleted Actor: Brush
[2015.07.04-11.38.54:385][681]LogEditorActor: Deleted 1 Actors (0.064 secs)
[2015.07.04-11.38.55:237][693]Cmd: DELETE
[2015.07.04-11.38.55:237][693]Cmd: ACTOR DELETE
[2015.07.04-11.38.55:239][693]LogEditorActor: Deleted Actor: Brush
[2015.07.04-11.38.55:297][693]LogEditorActor: Deleted 1 Actors (0.059 secs)
[2015.07.04-11.38.56:805][720]Cmd: DELETE
[2015.07.04-11.38.56:805][720]Cmd: ACTOR DELETE
[2015.07.04-11.38.56:809][720]LogEditorActor: Deleted Actor: Brush
[2015.07.04-11.38.56:869][720]LogEditorActor: Deleted 1 Actors (0.061 secs)
[2015.07.04-11.38.57:714][733]Cmd: DELETE
[2015.07.04-11.38.57:714][733]Cmd: ACTOR DELETE
[2015.07.04-11.38.57:715][733]LogEditorActor: Deleted Actor: Brush
[2015.07.04-11.38.57:778][733]LogEditorActor: Deleted 1 Actors (0.063 secs)
[2015.07.04-11.39.12:889][975]LogEditorViewport: Clicking on Actor (LMB): BP_Sky_Sphere_C (Sky Sphere)
[2015.07.04-11.41.02:729][730]LogSavePackage: Save=27.682713ms
[2015.07.04-11.41.02:729][730]LogSavePackage: Moving '../../../../../../Users/phill_000/Documents/Unreal Projects/GameCreation/Saved/StartMap_Auto1049C236F4179442AEBFD64831504B91E.tmp' to '../../../../../../Users/phill_000/Documents/Unreal Projects/GameCreation/Saved/Autosaves/Game/StarterContent/Maps/StartMap_Auto1.umap'
[2015.07.04-11.41.02:732][730]LogFileHelpers: Editor autosave (incl. sublevels) for '/Game/StarterContent/Maps/StartMap' took 0.087
[2015.07.04-11.41.02:732][730]LogFileHelpers: Editor autosave (incl. sublevels) for all levels took 0.087
[2015.07.04-11.42.00:041][635]LogEditorViewport: Clicking on Actor (LMB): BP_Sky_Sphere_C (Sky Sphere)
[2015.07.04-11.43.43:419][609]Cmd: MODE GRID=0
[2015.07.04-11.43.44:325][625]Cmd: MODE GRID=1
[2015.07.04-11.43.56:931][825]LogEditorViewport: Clicking on Actor (LMB): BP_Sky_Sphere_C (Sky Sphere)
[2015.07.04-11.43.59:725][871]LogEditorViewport: Clicking on Actor (context menu): BP_Sky_Sphere_C (Sky Sphere)
[2015.07.04-11.44.00:458][894]LogEditorViewport: Clicking on Actor (context menu): BP_Sky_Sphere_C (Sky Sphere)
[2015.07.04-11.44.01:303][922]LogEditorViewport: Clicking on Actor (LMB): BP_Sky_Sphere_C (Sky Sphere)
[2015.07.04-11.46.05:337][937]LogEditorViewport: Clicking on Actor (LMB): BP_Sky_Sphere_C (Sky Sphere)
[2015.07.04-11.47.14:239][ 80]LogEditorViewport: Clicking on Actor (context menu): BP_Sky_Sphere_C (Sky Sphere)
[2015.07.04-11.47.59:682][838]LogEditorViewport: Clicking on Actor (LMB): BP_Sky_Sphere_C (Sky Sphere)
[2015.07.04-11.52.08:018][201]LogEditorViewport: Clicking on Actor (LMB): BP_Sky_Sphere_C (Sky Sphere)
[2015.07.04-11.52.40:752][669]LogEditorViewport: Clicking on Actor (context menu): BP_Sky_Sphere_C (Sky Sphere)
[2015.07.04-11.52.41:944][705]LogEditorViewport: Clicking on Actor (LMB): BP_Sky_Sphere_C (Sky Sphere)
[2015.07.04-11.53.18:684][216]LogEditorViewport: Clicking on Actor (LMB): BP_Sky_Sphere_C (Sky Sphere)
[2015.07.04-11.53.57:765][743]LogEditorViewport: Clicking on Actor (LMB): BP_Sky_Sphere_C (Sky Sphere)
[2015.07.04-11.54.31:065][198]LogEditorViewport: Clicking on Actor (LMB): BP_Sky_Sphere_C (Sky Sphere)
[2015.07.04-11.54.41:324][349]LogEditorViewport: Clicking on Actor (context menu): BP_Sky_Sphere_C (Sky Sphere)
[2015.07.04-11.54.42:414][383]LogEditorViewport: Clicking on Actor (LMB): BP_Sky_Sphere_C (Sky Sphere)
[2015.07.04-11.54.47:349][452]LogEditorViewport: Clicking on Actor (LMB): BP_Sky_Sphere_C (Sky Sphere)
[2015.07.04-11.55.42:197][258]Cmd: DELETE
[2015.07.04-11.55.42:197][258]Cmd: ACTOR DELETE
[2015.07.04-11.55.42:203][258]LogEditorActor: Deleted Actor: Brush
[2015.07.04-11.55.42:204][258]LogEditorActor: Deleted Actor: Brush
[2015.07.04-11.55.42:273][258]LogEditorActor: Deleted 2 Actors (0.071 secs)
[2015.07.04-11.56.25:789][906]LogEditorViewport: Clicking on Actor (LMB): BP_Sky_Sphere_C (Sky Sphere)
[2015.07.04-11.57.43:123][952]LogSavePackage: Save=40.285332ms
[2015.07.04-11.57.43:123][952]LogSavePackage: Moving '../../../../../../Users/phill_000/Documents/Unreal Projects/GameCreation/Saved/StartMap98E8FF514FC442138A05B29D8D80FD23.tmp' to '../../../../../../Users/phill_000/Documents/Unreal Projects/GameCreation/Content/StarterContent/Maps/StartMap.umap'
[2015.07.04-11.57.44:905][977]LogEditorViewport: Clicking on Actor (LMB): BP_Sky_Sphere_C (Sky Sphere)
[2015.07.04-11.58.47:341][827]LogEditorViewport: Clicking on Actor (LMB): BP_Sky_Sphere_C (Sky Sphere)
[2015.07.04-11.59.37:137][539]LogEditorViewport: Clicking on Actor (LMB): BP_Sky_Sphere_C (Sky Sphere2)
[2015.07.04-12.00.05:148][938]LogEditorViewport: Clicking on Actor (CTRL LMB): BP_Sky_Sphere_C (Sky Sphere2)
[2015.07.04-12.00.19:381][130]Cmd: DELETE
[2015.07.04-12.00.19:381][130]Cmd: ACTOR DELETE
[2015.07.04-12.00.19:387][130]LogEditorActor: Deleted Actor: Brush
[2015.07.04-12.00.19:500][130]LogEditorActor: Deleted 1 Actors (0.115 secs)
[2015.07.04-12.00.20:894][147]Cmd: DELETE
[2015.07.04-12.00.20:894][147]Cmd: ACTOR DELETE
[2015.07.04-12.00.20:896][147]LogEditorActor: Deleted Actor: Brush
[2015.07.04-12.00.20:971][147]LogEditorActor: Deleted 1 Actors (0.075 secs)
[2015.07.04-12.00.24:073][189]Cmd: DELETE
[2015.07.04-12.00.24:074][189]Cmd: ACTOR DELETE
[2015.07.04-12.00.24:078][189]LogEditorActor: Deleted Actor: Brush
[2015.07.04-12.00.24:173][189]LogEditorActor: Deleted 1 Actors (0.096 secs)
[2015.07.04-12.00.25:559][205]Cmd: DELETE
[2015.07.04-12.00.25:559][205]Cmd: ACTOR DELETE
[2015.07.04-12.00.25:561][205]LogEditorActor: Deleted Actor: Brush
[2015.07.04-12.00.25:629][205]LogEditorActor: Deleted 1 Actors (0.068 secs)
[2015.07.04-12.00.28:165][240]Cmd: DELETE
[2015.07.04-12.00.28:165][240]Cmd: ACTOR DELETE
[2015.07.04-12.00.28:170][240]LogEditorActor: Deleted Actor: Brush
[2015.07.04-12.00.28:263][240]LogEditorActor: Deleted 1 Actors (0.094 secs)
[2015.07.04-12.00.29:930][263]Cmd: DELETE
[2015.07.04-12.00.29:930][263]Cmd: ACTOR DELETE
[2015.07.04-12.00.29:935][263]LogEditorActor: Deleted Actor: Brush
[2015.07.04-12.00.30:020][263]LogEditorActor: Deleted 1 Actors (0.086 secs)
[2015.07.04-12.00.31:550][284]Cmd: DELETE
[2015.07.04-12.00.31:550][284]Cmd: ACTOR DELETE
[2015.07.04-12.00.31:555][284]LogEditorActor: Deleted Actor: Brush
[2015.07.04-12.00.31:640][284]LogEditorActor: Deleted 1 Actors (0.085 secs)
[2015.07.04-12.00.34:370][321]Cmd: DELETE
[2015.07.04-12.00.34:370][321]Cmd: ACTOR DELETE
[2015.07.04-12.00.34:375][321]LogEditorActor: Deleted Actor: Brush
[2015.07.04-12.00.34:459][321]LogEditorActor: Deleted 1 Actors (0.084 secs)
[2015.07.04-12.01.09:301][696]LogSavePackage: Save=40.793827ms
[2015.07.04-12.01.09:301][696]LogSavePackage: Moving '../../../../../../Users/phill_000/Documents/Unreal Projects/GameCreation/Saved/StartMap06E41A7B47E5D1D14066C497F353F307.tmp' to '../../../../../../Users/phill_000/Documents/Unreal Projects/GameCreation/Content/StarterContent/Maps/StartMap.umap'
[2015.07.04-12.33.20:444][746]LogEditorViewport: Clicking on Actor (LMB): BP_Sky_Sphere_C (Sky Sphere2)
[2015.07.04-12.34.30:684][496]LogEditorViewport: Clicking on Actor (LMB): BP_Sky_Sphere_C (Sky Sphere2)
[2015.07.04-12.35.14:078][950]LogEditorViewport: Clicking on Actor (LMB): BP_Sky_Sphere_C (Sky Sphere)
[2015.07.04-12.36.53:916][ 56]LogEditorViewport: Clicking on Actor (LMB): BP_Sky_Sphere_C (Sky Sphere2)
[2015.07.04-12.38.33:630][390]LogEditorViewport: Clicking on Actor (double click): Brush (Box Brush11)
[2015.07.04-12.38.42:629][509]LogEditorViewport: Clicking on Actor (LMB): BP_Sky_Sphere_C (Sky Sphere2)
[2015.07.04-12.39.09:793][877]LogEditorViewport: Clicking on Actor (context menu): BP_Sky_Sphere_C (Sky Sphere2)
[2015.07.04-12.39.11:010][913]LogEditorViewport: Clicking on Actor (LMB): BP_Sky_Sphere_C (Sky Sphere2)
[2015.07.04-12.39.52:689][459]LogGeometryMode:Warning: Unable to find BoxBrush27_49 Brush(s) in new BSP
[2015.07.04-12.39.52:689][459]LogGeometryMode:Warning: Unable to find all previously selected geometry data, resetting selection
[2015.07.04-12.40.36:361][971]LogGeometryMode:Warning: Unable to find BoxBrush31_64 Brush(s) in new BSP
[2015.07.04-12.40.36:361][971]LogGeometryMode:Warning: Unable to find all previously selected geometry data, resetting selection
[2015.07.04-12.40.51:930][161]LogEditorViewport: Clicking on Actor (double click): Brush (Box Brush27)
[2015.07.04-12.40.53:392][179]LogEditorViewport: Clicking on Actor (double click): Brush (Box Brush27)
[2015.07.04-12.41.42:668][801]Cmd: EDCALLBACK SURFPROPS
[2015.07.04-12.41.42:882][803]Cmd: EDCALLBACK SURFPROPS
[2015.07.04-12.41.43:849][814]Cmd: EDCALLBACK SURFPROPS
[2015.07.04-12.41.44:656][824]Cmd: EDCALLBACK SURFPROPS
[2015.07.04-12.41.46:502][846]Cmd: EDCALLBACK SURFPROPS
[2015.07.04-12.41.50:760][901]LogEditorViewport: Clicking on Actor (LMB): BP_Sky_Sphere_C (Sky Sphere2)
[2015.07.04-12.46.49:096][611]LogEditorViewport: Clicking on Actor (LMB): BP_Sky_Sphere_C (Sky Sphere2)
[2015.07.04-12.48.31:388][935]LogEditorViewport: Clicking on Actor (LMB): BP_Sky_Sphere_C (Sky Sphere2)
[2015.07.04-12.48.50:790][186]LogSavePackage: Save=46.520393ms
[2015.07.04-12.48.50:790][186]LogSavePackage: Moving '../../../../../../Users/phill_000/Documents/Unreal Projects/GameCreation/Saved/StartMapC0920D85450B2A5087ABEC849F4B9012.tmp' to '../../../../../../Users/phill_000/Documents/Unreal Projects/GameCreation/Content/StarterContent/Maps/StartMap.umap'
[2015.07.04-12.49.28:588][690]LogEditorViewport: Clicking on Actor (LMB): BP_Sky_Sphere_C (Sky Sphere2)
[2015.07.04-12.50.01:335][103]LogEditorViewport: Clicking on Actor (LMB): BP_Sky_Sphere_C (Sky Sphere2)
[2015.07.04-12.50.05:280][154]LogEditorViewport: Clicking on Actor (double click): Brush (Box Brush31)
[2015.07.04-12.50.06:289][167]LogEditorViewport: Clicking on Actor (double click): Brush (Box Brush31)
[2015.07.04-12.50.19:677][349]LogEditorViewport: Clicking on Actor (LMB): BP_Sky_Sphere_C (Sky Sphere2)
[2015.07.04-12.50.21:183][367]LogEditorViewport: Clicking on Actor (double click): Brush (Box Brush31)
[2015.07.04-12.50.21:939][376]LogEditorViewport: Clicking on Actor (double click): Brush (Box Brush31)
[2015.07.04-12.50.30:641][495]LogEditorViewport: Clicking on Actor (LMB): BP_Sky_Sphere_C (Sky Sphere2)
[2015.07.04-12.51.26:674][247]LogEditorViewport: Clicking on Actor (LMB): BP_Sky_Sphere_C (Sky Sphere2)
[2015.07.04-12.52.01:090][727]LogEditorViewport: Clicking on Actor (LMB): BP_Sky_Sphere_C (Sky Sphere2)
[2015.07.04-12.52.14:462][905]LogEditorViewport: Clicking on Actor (LMB): BP_Sky_Sphere_C (Sky Sphere2)
[2015.07.04-12.52.16:122][927]LogEditorViewport: Clicking on Actor (LMB): BP_Sky_Sphere_C (Sky Sphere2)
[2015.07.04-12.52.18:460][956]LogEditorViewport: Clicking on Actor (double click): Brush (Box Brush36)
[2015.07.04-12.52.23:968][ 31]LogEditorViewport: Clicking on Actor (LMB): BP_Sky_Sphere_C (Sky Sphere2)
[2015.07.04-12.53.34:786][923]LogEditorViewport: Clicking on Actor (LMB): BP_Sky_Sphere_C (Sky Sphere2)
[2015.07.04-12.53.42:859][ 30]LogEditorViewport: Clicking on Actor (LMB): BP_Sky_Sphere_C (Sky Sphere2)
[2015.07.04-12.54.12:307][414]LogGeometryMode:Warning: Unable to find BoxBrush36 Brush(s) in new BSP
[2015.07.04-12.54.12:307][414]LogGeometryMode:Warning: Unable to find all previously selected geometry data, resetting selection
[2015.07.04-12.54.13:526][429]LogEditorViewport: Clicking on Actor (LMB): BP_Sky_Sphere_C (Sky Sphere2)
[2015.07.04-12.55.10:465][121]LogGeometryMode:Warning: Unable to find BoxBrush36 Brush(s) in new BSP
[2015.07.04-12.55.10:465][121]LogGeometryMode:Warning: Unable to find all previously selected geometry data, resetting selection
[2015.07.04-12.55.12:235][145]LogEditorViewport: Clicking on Actor (LMB): BP_Sky_Sphere_C (Sky Sphere2)
[2015.07.04-12.55.17:328][210]LogEditorViewport: Clicking on Actor (LMB): BP_Sky_Sphere_C (Sky Sphere2)
[2015.07.04-12.55.29:880][366]LogEditorViewport: Clicking on Actor (LMB): BP_Sky_Sphere_C (Sky Sphere2)
[2015.07.04-12.55.54:149][687]LogEditorViewport: Clicking on Actor (LMB): BP_Sky_Sphere_C (Sky Sphere2)
[2015.07.04-12.56.03:669][816]LogEditorViewport: Clicking on Actor (LMB): BP_Sky_Sphere_C (Sky Sphere2)
[2015.07.04-12.56.18:523][  3]LogEditorViewport: Clicking on Actor (LMB): BP_Sky_Sphere_C (Sky Sphere2)
[2015.07.04-12.56.56:050][449]LogEditorViewport: Clicking on Actor (LMB): BP_Sky_Sphere_C (Sky Sphere2)
[2015.07.04-12.57.02:286][522]LogEditorViewport: Clicking on Actor (LMB): BP_Sky_Sphere_C (Sky Sphere2)
[2015.07.04-12.57.08:364][592]LogEditorViewport: Clicking on Actor (double click): Brush (Box Brush15)
[2015.07.04-12.57.22:056][750]LogEditorViewport: Clicking on Actor (LMB): BP_Sky_Sphere_C (Sky Sphere2)
[2015.07.04-12.57.26:388][800]LogEditorViewport: Clicking on Actor (LMB): BP_Sky_Sphere_C (Sky Sphere2)
[2015.07.04-12.57.26:629][800]LogEditorViewport: Clicking on Component (LMB): StaticMeshComponent (Sky Sphere mesh)
[2015.07.04-12.59.28:339][133]LogGeometryMode:Warning: Unable to find BoxBrush21 Brush(s) in new BSP
[2015.07.04-12.59.28:339][133]LogGeometryMode:Warning: Unable to find all previously selected geometry data, resetting selection
[2015.07.04-12.59.28:584][133]LogEditorViewport: Clicking on Actor (double click): Brush (Box Brush21)
[2015.07.04-13.00.09:532][654]LogEditorViewport: Clicking on Actor (double click): Brush (Box Brush32)
[2015.07.04-13.00.34:636][922]LogEditorViewport: Clicking on Actor (LMB): BP_Sky_Sphere_C (Sky Sphere2)
[2015.07.04-13.01.25:240][480]LogEditorViewport: Clicking on Actor (LMB): BP_Sky_Sphere_C (Sky Sphere2)
[2015.07.04-13.01.56:217][834]LogEditorViewport: Clicking on Actor (LMB): BP_Sky_Sphere_C (Sky Sphere2)
[2015.07.04-13.02.25:263][184]LogEditorViewport: Clicking on Actor (LMB): BP_Sky_Sphere_C (Sky Sphere2)
[2015.07.04-13.03.12:827][844]LogEditorViewport: Clicking on Actor (LMB): BP_Sky_Sphere_C (Sky Sphere2)
[2015.07.04-13.03.42:249][241]LogEditorViewport: Clicking on Actor (LMB): BP_Sky_Sphere_C (Sky Sphere2)
[2015.07.04-13.04.25:153][814]LogGeometryMode:Warning: Unable to find BoxBrush31_64 Brush(s) in new BSP
[2015.07.04-13.04.25:153][814]LogGeometryMode:Warning: Unable to find all previously selected geometry data, resetting selection
[2015.07.04-13.04.49:720][ 48]LogEditorViewport: Clicking on Actor (LMB): BP_Sky_Sphere_C (Sky Sphere2)
[2015.07.04-13.05.16:906][209]LogSavePackage: Save=60.336559ms
[2015.07.04-13.05.16:906][209]LogSavePackage: Moving '../../../../../../Users/phill_000/Documents/Unreal Projects/GameCreation/Saved/StartMapE08139844A766E7A8275AAAA712C0315.tmp' to '../../../../../../Users/phill_000/Documents/Unreal Projects/GameCreation/Content/StarterContent/Maps/StartMap.umap'
[2015.07.04-13.06.57:860][552]LogSavePackage: Save=48.728851ms
[2015.07.04-13.06.57:860][552]LogSavePackage: Moving '../../../../../../Users/phill_000/Documents/Unreal Projects/GameCreation/Saved/StartMap465441B4429DDC0C424A73997B69BAEB.tmp' to '../../../../../../Users/phill_000/Documents/Unreal Projects/GameCreation/Content/StarterContent/Maps/StartMap.umap'
[2015.07.05-03.22.32:980][895]LogHttp:Warning: Timeout processing Http request. 0000002706CE8100
[2015.07.05-09.41.06:068][253]LogHttp:Warning: Timeout processing Http request. 0000002706CE9500
[2015.07.05-11.39.02:690][755]LogActorFactory: Actor Factory created SM_DoorFrame
[2015.07.05-11.39.03:097][755]LogActorFactory: Actor Factory created SM_DoorFrame
[2015.07.05-11.39.37:476][ 59]LogEditorViewport: Clicking on Actor (LMB): StaticMeshActor (SM_DoorFrame)
[2015.07.05-11.43.29:696][230]LogEditorViewport: Clicking on Actor (LMB): Brush (Box Brush37)
[2015.07.05-11.46.09:331][803]LogSavePackage: Save=379.036713ms
[2015.07.05-11.46.09:331][803]LogSavePackage: Moving '../../../../../../Users/phill_000/Documents/Unreal Projects/GameCreation/Saved/StartMap_Auto296DB825A44D54E2C57D522B4DBAB4B7A.tmp' to '../../../../../../Users/phill_000/Documents/Unreal Projects/GameCreation/Saved/Autosaves/Game/StarterContent/Maps/StartMap_Auto2.umap'
[2015.07.05-11.46.09:342][803]LogFileHelpers: Editor autosave (incl. sublevels) for '/Game/StarterContent/Maps/StartMap' took 2.176
[2015.07.05-11.46.09:342][803]LogFileHelpers: Editor autosave (incl. sublevels) for all levels took 2.176
[2015.07.05-11.50.01:545][725]LogEditorViewport: Clicking on Actor (LMB): BP_Sky_Sphere_C (Sky Sphere2)
[2015.07.05-11.50.11:130][817]LogEditorViewport: Clicking on Actor (LMB): StaticMeshActor (SM_DoorFrame)
[2015.07.05-11.57.10:216][457]LogEditorViewport: Clicking on Actor (LMB): StaticMeshActor (SM_DoorFrame)
[2015.07.05-11.57.24:451][576]LogEditorViewport: Clicking on Actor (LMB): BP_Sky_Sphere_C (Sky Sphere2)
[2015.07.05-11.57.26:241][589]LogEditorViewport: Clicking on Actor (LMB): BP_Sky_Sphere_C (Sky Sphere2)
[2015.07.05-11.57.27:742][603]LogEditorViewport: Clicking on Actor (LMB): BP_Sky_Sphere_C (Sky Sphere2)
[2015.07.05-11.57.29:223][615]LogEditorViewport: Clicking on Actor (LMB): StaticMeshActor (SM_DoorFrame)
[2015.07.05-11.57.38:478][692]LogEditorViewport: Clicking on Actor (LMB): BP_Sky_Sphere_C (Sky Sphere2)
[2015.07.05-11.57.39:652][702]LogEditorViewport: Clicking on Actor (LMB): BP_Sky_Sphere_C (Sky Sphere2)
[2015.07.05-11.57.41:860][719]LogEditorViewport: Clicking on Actor (LMB): BP_Sky_Sphere_C (Sky Sphere)
[2015.07.05-11.57.42:470][724]LogEditorViewport: Clicking on Actor (LMB): BP_Sky_Sphere_C (Sky Sphere)
[2015.07.05-11.57.42:829][724]LogEditorViewport: Clicking on Component (LMB): StaticMeshComponent (Sky Sphere mesh)
[2015.07.05-11.58.06:728][921]LogEditorViewport: Clicking on Actor (LMB): StaticMeshActor (SM_DoorFrame)
[2015.07.05-12.01.12:982][772]LogEditorViewport: Clicking on Actor (LMB): BP_Sky_Sphere_C (Sky Sphere2)
[2015.07.05-12.01.14:182][785]LogEditorViewport: Clicking on Actor (LMB): BP_Sky_Sphere_C (Sky Sphere2)
[2015.07.05-12.01.14:960][794]LogEditorViewport: Clicking on Actor (LMB): BP_Sky_Sphere_C (Sky Sphere2)
[2015.07.05-12.01.46:885][133]LogEditorViewport: Clicking on Actor (LMB): BP_Sky_Sphere_C (Sky Sphere2)
[2015.07.05-12.02.48:472][725]LogEditorViewport: Clicking on Actor (LMB): StaticMeshActor (SM_DoorFrame)
[2015.07.05-12.06.07:435][355]LogEditorViewport: Clicking on Actor (LMB): Brush (Box Brush5)
[2015.07.05-12.11.45:309][164]LogEditorViewport: Clicking on Actor (LMB): BP_Sky_Sphere_C (Sky Sphere2)
[2015.07.05-12.11.46:611][175]LogEditorViewport: Clicking on Actor (LMB): BP_Sky_Sphere_C (Sky Sphere2)
[2015.07.05-12.11.48:703][193]LogEditorViewport: Clicking on Actor (LMB): BP_Sky_Sphere_C (Sky Sphere2)
[2015.07.05-12.11.51:089][213]LogEditorViewport: Clicking on Actor (LMB): BP_Sky_Sphere_C (Sky Sphere2)
[2015.07.05-12.11.52:164][222]LogEditorViewport: Clicking on Actor (LMB): BP_Sky_Sphere_C (Sky Sphere2)
[2015.07.05-12.11.52:501][222]LogEditorViewport: Clicking on Component (LMB): StaticMeshComponent (Sky Sphere mesh)
[2015.07.05-12.11.53:590][234]LogEditorViewport: Clicking on Component (LMB): StaticMeshComponent (Sky Sphere mesh)
[2015.07.05-12.11.53:926][234]LogEditorViewport: Clicking on Actor (double click): BP_Sky_Sphere_C (Sky Sphere2)
[2015.07.05-12.11.54:378][238]LogEditorViewport: Clicking on Actor (LMB): BP_Sky_Sphere_C (Sky Sphere2)
[2015.07.05-12.12.00:100][285]LogEditorViewport: Clicking on Actor (CTRL LMB): BP_Sky_Sphere_C (Sky Sphere2)
[2015.07.05-12.12.03:392][308]LogEditorViewport: Clicking on Actor (CTRL LMB): BP_Sky_Sphere_C (Sky Sphere2)
[2015.07.05-12.12.05:646][328]LogEditorViewport: Clicking on Actor (CTRL LMB): BP_Sky_Sphere_C (Sky Sphere2)
[2015.07.05-12.12.15:955][409]LogActorFactory: Actor Factory created SM_WindowFrame
[2015.07.05-12.12.21:758][456]LogActorFactory: Actor Factory created SM_WindowFrame
[2015.07.05-12.13.04:642][805]LogEditorViewport: Clicking on Actor (LMB): StaticMeshActor (SM_WindowFrame)
[2015.07.05-12.15.08:037][829]LogEditorViewport: Clicking on Actor (LMB): StaticMeshActor (SM_WindowFrame)
[2015.07.05-12.15.41:981][116]LogEditorViewport: Clicking on Actor (LMB): BP_Sky_Sphere_C (Sky Sphere2)
[2015.07.05-12.15.43:790][130]LogEditorViewport: Clicking on Actor (LMB): StaticMeshActor (SM_WindowFrame)
[2015.07.05-12.15.53:984][215]LogEditorViewport: Clicking on Actor (LMB): BP_Sky_Sphere_C (Sky Sphere2)
[2015.07.05-12.15.55:675][231]LogEditorViewport: Clicking on Actor (LMB): StaticMeshActor (SM_WindowFrame)
[2015.07.05-12.16.02:192][287]Cmd: EDIT COPY
[2015.07.05-12.16.27:837][506]LogEditorViewport: Clicking on Actor (LMB): StaticMeshActor (SM_WindowFrame)
[2015.07.05-12.16.41:147][618]LogEditorViewport: Clicking on Actor (LMB): StaticMeshActor (SM_WindowFrame2)
[2015.07.05-12.16.56:056][744]LogEditorViewport: Clicking on Actor (LMB): BP_Sky_Sphere_C (Sky Sphere2)
[2015.07.05-12.18.41:430][683]Cmd: BRUSH ADD SELECTNEWBRUSH
[2015.07.05-12.19.53:911][311]LogEditorViewport: Clicking on Actor (context menu): BP_Sky_Sphere_C (Sky Sphere2)
[2015.07.05-12.19.55:326][337]LogEditorViewport: Clicking on Actor (LMB): BP_Sky_Sphere_C (Sky Sphere2)
[2015.07.05-12.20.06:163][437]LogEditorViewport: Clicking on Actor (LMB): BP_Sky_Sphere_C (Sky Sphere2)
[2015.07.05-12.20.07:235][447]LogEditorViewport: Clicking on Actor (LMB): BP_Sky_Sphere_C (Sky Sphere2)
[2015.07.05-12.20.08:225][454]LogEditorViewport: Clicking on Actor (LMB): BP_Sky_Sphere_C (Sky Sphere2)
[2015.07.05-12.20.08:317][454]LogEditorViewport: Clicking on Component (LMB): StaticMeshComponent (Sky Sphere mesh)
[2015.07.05-12.21.03:289][241]LogEditorViewport: Clicking on Actor (double click): Brush (Sphere Brush)
[2015.07.05-12.21.03:407][243]LogEditorViewport: Clicking on Actor (LMB): Brush (Sphere Brush)
[2015.07.05-12.21.03:618][244]LogEditorViewport: Clicking on Actor (double click): Brush (Sphere Brush)
[2015.07.05-12.21.07:041][314]LogEditorActor: Deleted Actor: Brush
[2015.07.05-12.21.07:598][314]LogEditorActor: Deleted 1 Actors (0.576 secs)
[2015.07.05-12.21.17:874][445]LogEditorViewport: Clicking on Actor (LMB): BP_Sky_Sphere_C (Sky Sphere2)
[2015.07.05-12.21.37:361][645]Cmd: BRUSH ADD SELECTNEWBRUSH
[2015.07.05-12.22.13:483][ 74]LogEditorViewport: Clicking on Actor (LMB): BP_Sky_Sphere_C (Sky Sphere2)
[2015.07.05-12.22.16:448][106]LogEditorViewport: Clicking on Actor (LMB): BP_Sky_Sphere_C (Sky Sphere2)
[2015.07.05-12.22.17:396][116]LogEditorViewport: Clicking on Actor (LMB): BP_Sky_Sphere_C (Sky Sphere2)
[2015.07.05-12.22.18:339][126]LogEditorViewport: Clicking on Actor (LMB): BP_Sky_Sphere_C (Sky Sphere2)
[2015.07.05-12.22.32:823][271]LogEditorViewport: Clicking on Actor (LMB): BP_Sky_Sphere_C (Sky Sphere2)
[2015.07.05-12.22.35:772][297]LogEditorViewport: Clicking on Actor (LMB): BP_Sky_Sphere_C (Sky Sphere)
[2015.07.05-12.22.36:155][297]LogEditorViewport: Clicking on Component (LMB): StaticMeshComponent (Sky Sphere mesh)
[2015.07.05-12.22.37:818][314]LogEditorViewport: Clicking on Component (LMB): StaticMeshComponent (Sky Sphere mesh)
[2015.07.05-12.22.38:123][314]LogEditorViewport: Clicking on Actor (double click): BP_Sky_Sphere_C (Sky Sphere)
[2015.07.05-12.22.38:651][321]LogEditorViewport: Clicking on Actor (LMB): BP_Sky_Sphere_C (Sky Sphere)
[2015.07.05-12.23.36:522][937]Cmd: BRUSH ADD SELECTNEWBRUSH
[2015.07.05-12.25.57:398][233]LogEditorViewport: Clicking on Actor (LMB): BP_Sky_Sphere_C (Sky Sphere2)
[2015.07.05-12.26.22:543][501]LogEditorViewport: Clicking on Actor (LMB): BP_Sky_Sphere_C (Sky Sphere2)
[2015.07.05-12.27.18:533][119]LogEditorViewport: Clicking on Actor (LMB): StaticMeshActor (SM_DoorFrame)
[2015.07.05-12.28.50:809][915]LogSavePackage: Save=115.674309ms
[2015.07.05-12.28.50:809][915]LogSavePackage: Moving '../../../../../../Users/phill_000/Documents/Unreal Projects/GameCreation/Saved/StartMap_Auto33B8FC3454618BFB213F045A57C0D7DC8.tmp' to '../../../../../../Users/phill_000/Documents/Unreal Projects/GameCreation/Saved/Autosaves/Game/StarterContent/Maps/StartMap_Auto3.umap'
[2015.07.05-12.28.50:814][915]LogFileHelpers: Editor autosave (incl. sublevels) for '/Game/StarterContent/Maps/StartMap' took 0.222
[2015.07.05-12.28.50:814][915]LogFileHelpers: Editor autosave (incl. sublevels) for all levels took 0.222
[2015.07.05-12.29.43:539][342]LogPlayLevel: PIE:  No blueprints needed recompiling
[2015.07.05-12.29.43:917][342]PIE: New page: PIE session: StartMap (Jul 4, 2015, 10:29:43 PM)
[2015.07.05-12.29.43:954][342]LogPlayLevel: Creating play world package: /Game/StarterContent/Maps/UEDPIE_0_StartMap
[2015.07.05-12.29.44:072][342]LogPlayLevel: PIE: StaticDuplicateObject took: (0.117914s)
[2015.07.05-12.29.44:586][342]LogAIModule: Creating AISystem for world StartMap
[2015.07.05-12.29.44:666][342]LogPlayLevel: PIE: World Init took: (0.593052s)
[2015.07.05-12.29.44:666][342]LogPlayLevel: PIE: Created PIE world by copying editor world from /Game/StarterContent/Maps/StartMap.StartMap to /Game/StarterContent/Maps/UEDPIE_0_StartMap.StartMap (0.718751s)
[2015.07.05-12.29.44:993][342]LogInit: XAudio2 using 'Speakers (Realtek High Definition Audio)' : 2 channels at 48 kHz using 32 bits per sample (channel mask 0x3)
[2015.07.05-12.29.45:070][342]LogInit: FAudioDevice initialized.
[2015.07.05-12.29.45:625][342]LogWorld: Game class is 'GameMode'
[2015.07.05-12.29.45:905][342]LogWorld: Bringing World /Game/StarterContent/Maps/UEDPIE_0_StartMap.StartMap up for play (max tick rate 0) at 2015.07.05-05.29.45
[2015.07.05-12.29.45:905][342]LogActor:Warning: GameSession /Game/StarterContent/Maps/UEDPIE_0_StartMap.StartMap:PersistentLevel.GameSession_0 has natively added scene component(s), but none of them were set as the actor's RootComponent - picking one arbitrarily
[2015.07.05-12.29.45:906][342]LogActor:Warning: GameNetworkManager /Game/StarterContent/Maps/UEDPIE_0_StartMap.StartMap:PersistentLevel.GameNetworkManager_0 has natively added scene component(s), but none of them were set as the actor's RootComponent - picking one arbitrarily
[2015.07.05-12.29.45:921][342]LogWorld: Bringing up level for play took: 0.029649
[2015.07.05-12.29.46:299][342]PIE: Info Play in editor start time for /Game/StarterContent/Maps/UEDPIE_0_StartMap 1.922
[2015.07.05-12.32.58:829][114]LogParticles: Destroying 0 GPU particle simulations for FXSystem 0x000000271311F240
[2015.07.05-12.33.13:516][233]Cmd: BRUSH ADD SELECTNEWBRUSH
[2015.07.05-12.33.39:797][449]Cmd: DELETE
[2015.07.05-12.33.39:797][449]Cmd: ACTOR DELETE
[2015.07.05-12.33.39:812][449]LogEditorActor: Deleted Actor: Brush
[2015.07.05-12.33.40:139][449]LogEditorActor: Deleted 1 Actors (0.329 secs)
[2015.07.05-12.33.46:819][505]LogActorFactory: Actor Factory created Sphere
[2015.07.05-12.33.51:670][545]LogActorFactory: Actor Factory created Sphere
[2015.07.05-12.34.05:965][665]LogPlayLevel: PIE:  No blueprints needed recompiling
[2015.07.05-12.34.05:965][665]PIE: New page: PIE session: StartMap (Jul 4, 2015, 10:34:05 PM)
[2015.07.05-12.34.06:052][665]LogPlayLevel: Creating play world package: /Game/StarterContent/Maps/UEDPIE_0_StartMap
[2015.07.05-12.34.06:064][665]LogPlayLevel: PIE: StaticDuplicateObject took: (0.012393s)
[2015.07.05-12.34.06:065][665]LogAIModule: Creating AISystem for world StartMap
[2015.07.05-12.34.06:066][665]LogPlayLevel: PIE: World Init took: (0.001227s)
[2015.07.05-12.34.06:066][665]LogPlayLevel: PIE: Created PIE world by copying editor world from /Game/StarterContent/Maps/StartMap.StartMap to /Game/StarterContent/Maps/UEDPIE_0_StartMap.StartMap (0.013848s)
[2015.07.05-12.34.06:217][665]LogInit: XAudio2 using 'Speakers (Realtek High Definition Audio)' : 2 channels at 48 kHz using 32 bits per sample (channel mask 0x3)
[2015.07.05-12.34.06:228][665]LogInit: FAudioDevice initialized.
[2015.07.05-12.34.06:269][665]LogWorld: Game class is 'GameMode'
[2015.07.05-12.34.06:278][665]LogWorld: Bringing World /Game/StarterContent/Maps/UEDPIE_0_StartMap.StartMap up for play (max tick rate 0) at 2015.07.05-05.34.06
[2015.07.05-12.34.06:278][665]LogActor:Warning: GameSession /Game/StarterContent/Maps/UEDPIE_0_StartMap.StartMap:PersistentLevel.GameSession_1 has natively added scene component(s), but none of them were set as the actor's RootComponent - picking one arbitrarily
[2015.07.05-12.34.06:278][665]LogActor:Warning: GameNetworkManager /Game/StarterContent/Maps/UEDPIE_0_StartMap.StartMap:PersistentLevel.GameNetworkManager_1 has natively added scene component(s), but none of them were set as the actor's RootComponent - picking one arbitrarily
[2015.07.05-12.34.06:279][665]LogWorld: Bringing up level for play took: 0.008834
[2015.07.05-12.34.06:289][665]PIE: Info Play in editor start time for /Game/StarterContent/Maps/UEDPIE_0_StartMap -0.043
[2015.07.05-12.34.45:333][418]LogParticles: Destroying 0 GPU particle simulations for FXSystem 0x0000002719D5BBA0
[2015.07.05-12.34.52:446][477]LogEditorViewport: Clicking on Actor (LMB): StaticMeshActor (Sphere)
[2015.07.05-12.34.53:906][489]Cmd: DELETE
[2015.07.05-12.34.53:906][489]Cmd: ACTOR DELETE
[2015.07.05-12.34.53:918][489]LogEditorActor: Deleted Actor: StaticMeshActor
[2015.07.05-12.34.54:052][489]LogEditorActor: Deleted 1 Actors (0.136 secs)
[2015.07.05-12.35.12:259][639]LogEditorViewport: Clicking on Actor (LMB): StaticMeshActor (SM_WindowFrame)
[2015.07.05-12.36.39:960][339]LogSavePackage: Save=105.444672ms
[2015.07.05-12.36.39:960][339]LogSavePackage: Moving '../../../../../../Users/phill_000/Documents/Unreal Projects/GameCreation/Saved/StartMapCCCB4CEC4825ED2997B92C80CD2C5925.tmp' to '../../../../../../Users/phill_000/Documents/Unreal Projects/GameCreation/Content/StarterContent/Maps/StartMap.umap'
[2015.07.05-12.36.44:988][378]Cmd: MAP LOAD FILE="../../../../../../Users/phill_000/Documents/Unreal Projects/GameCreation/Content/StarterContent/Maps/StartMap.umap" TEMPLATE=0 SHOWPROGRESS=1 FEATURELEVEL=3
[2015.07.05-12.36.45:007][378]LightingResults: New page: Lighting Build
[2015.07.05-12.36.45:085][378]LoadErrors: New page: Loading map: StartMap.umap
[2015.07.05-12.36.45:087][378]MapCheck: New page: Map Check
[2015.07.05-12.36.45:087][378]LightingResults: New page: Lighting Build
[2015.07.05-12.36.45:280][378]LogParticles: Destroying 0 GPU particle simulations for FXSystem 0x00000027771F6200
[2015.07.05-12.36.45:958][378]LogAIModule: Creating AISystem for world StartMap
[2015.07.05-12.36.46:069][378]LogEditorServer: Finished looking for orphan Actors (0.000 secs)
[2015.07.05-12.36.46:455][378]Cmd: MAP CHECKDEP NOCLEARLOG
[2015.07.05-12.36.50:073][378]MapCheck: Info Map check complete: 0 Error(s), 0 Warning(s), took 3,609.462ms to complete.
[2015.07.05-12.36.50:076][378]LogFileHelpers: Loading map 'StartMap' took 5.112
[2015.07.05-12.36.53:792][405]LogSavePackage: Save=65.812767ms
[2015.07.05-12.36.53:792][405]LogSavePackage: Moving '../../../../../../Users/phill_000/Documents/Unreal Projects/GameCreation/Saved/StartMap56D4018442CCF06CD861E58481E7C45F.tmp' to '../../../../../../Users/phill_000/Documents/Unreal Projects/GameCreation/Content/StarterContent/Maps/StartMap.umap'
[2015.07.05-12.36.55:365][417]LogWindowsTextInputMethodSystem:Display: IME system now deactivated.
[2015.07.05-12.36.56:787][418]Cmd: QUIT_EDITOR
[2015.07.05-12.36.59:565][418]LogExit: Preparing to exit.
[2015.07.05-12.37.14:429][418]LogExit: Editor shut down
[2015.07.05-12.37.14:778][418]LogExit: Transaction tracking system shut down
[2015.07.05-12.37.14:898][418]LogParticles: Destroying 0 GPU particle simulations for FXSystem 0x0000002776376160
[2015.07.05-12.37.22:778][418]LogParticles: Destroying 0 GPU particle simulations for FXSystem 0x0000002775985620
[2015.07.05-12.37.22:778][418]LogParticles: Destroying 0 GPU particle simulations for FXSystem 0x00000027738B8540
[2015.07.05-12.37.22:778][418]LogParticles: Destroying 0 GPU particle simulations for FXSystem 0x000000277776BB00
[2015.07.05-12.37.22:778][418]LogExit: Object subsystem successfully closed.
[2015.07.05-12.37.32:580][418]LogModuleManager: Shutting down and abandoning module StatsViewer (188)
[2015.07.05-12.37.32:580][418]LogModuleManager: Shutting down and abandoning module CrashTracker (187)
[2015.07.05-12.37.32:603][418]LogModuleManager: Shutting down and abandoning module SceneOutliner (186)
[2015.07.05-12.37.32:603][418]LogModuleManager: Shutting down and abandoning module SuperSearch (185)
[2015.07.05-12.37.32:603][418]LogModuleManager: Shutting down and abandoning module WidgetCarousel (184)
[2015.07.05-12.37.32:710][418]LogModuleManager: Shutting down and abandoning module AddContentDialog (183)
[2015.07.05-12.37.34:068][418]LogModuleManager: Shutting down and abandoning module EditorWidgets (182)
[2015.07.05-12.37.34:068][418]LogModuleManager: Shutting down and abandoning module CollectionManager (181)
[2015.07.05-12.37.34:132][418]LogModuleManager: Shutting down and abandoning module FoliageEdit (180)
[2015.07.05-12.37.34:144][418]LogModuleManager: Shutting down and abandoning module LandscapeEditor (179)
[2015.07.05-12.37.34:291][418]LogModuleManager: Shutting down and abandoning module ActorPickerMode (178)
[2015.07.05-12.37.34:291][418]LogModuleManager: Shutting down and abandoning module GeometryMode (177)
[2015.07.05-12.37.34:291][418]LogModuleManager: Shutting down and abandoning module TextureAlignMode (176)
[2015.07.05-12.37.34:291][418]LogModuleManager: Shutting down and abandoning module BspMode (175)
[2015.07.05-12.37.34:291][418]LogModuleManager: Shutting down and abandoning module PlacementMode (174)
[2015.07.05-12.37.34:296][418]LogModuleManager: Shutting down and abandoning module AutomationWorker (173)
[2015.07.05-12.37.34:324][418]LogModuleManager: Shutting down and abandoning module CharacterAI (172)
[2015.07.05-12.37.34:324][418]LogModuleManager: Shutting down and abandoning module SmartSnapping (171)
[2015.07.05-12.37.34:325][418]LogModuleManager: Shutting down and abandoning module ViewportSnapping (170)
[2015.07.05-12.37.34:325][418]LogModuleManager: Shutting down and abandoning module LogVisualizer (169)
[2015.07.05-12.37.34:411][418]LogModuleManager: Shutting down and abandoning module GameProjectGeneration (168)
[2015.07.05-12.37.34:469][418]LogModuleManager: Shutting down and abandoning module IntroTutorials (167)
[2015.07.05-12.37.34:563][418]LogModuleManager: Shutting down and abandoning module EditorLiveStreaming (166)
[2015.07.05-12.37.34:570][418]LogModuleManager: Shutting down and abandoning module IOSPlatformEditor (165)
[2015.07.05-12.37.34:605][418]LogModuleManager: Shutting down and abandoning module HTML5PlatformEditor (164)
[2015.07.05-12.37.34:605][418]LogModuleManager: Shutting down and abandoning module AndroidDeviceDetection (163)
[2015.07.05-12.37.35:574][418]LogModuleManager: Shutting down and abandoning module AndroidPlatformEditor (162)
[2015.07.05-12.37.35:581][418]LogModuleManager: Shutting down and abandoning module IOSRuntimeSettings (161)
[2015.07.05-12.37.35:581][418]LogModuleManager: Shutting down and abandoning module AndroidRuntimeSettings (160)
[2015.07.05-12.37.35:581][418]LogModuleManager: Shutting down and abandoning module MergeActors (159)
[2015.07.05-12.37.35:612][418]LogModuleManager: Shutting down and abandoning module SizeMap (158)
[2015.07.05-12.37.35:659][418]LogModuleManager: Shutting down and abandoning module TreeMap (157)
[2015.07.05-12.37.35:669][418]LogModuleManager: Shutting down and abandoning module ReferenceViewer (156)
[2015.07.05-12.37.35:669][418]LogModuleManager: Shutting down and abandoning module LocalizationDashboard (155)
[2015.07.05-12.37.35:742][418]LogModuleManager: Shutting down and abandoning module HardwareTargeting (154)
[2015.07.05-12.37.35:742][418]LogModuleManager: Shutting down and abandoning module DeviceProfileEditor (153)
[2015.07.05-12.37.35:757][418]LogModuleManager: Shutting down and abandoning module UndoHistory (152)
[2015.07.05-12.37.35:809][418]LogModuleManager: Shutting down and abandoning module GameplayTagsEditor (151)
[2015.07.05-12.37.35:822][418]LogModuleManager: Shutting down and abandoning module UserFeedback (150)
[2015.07.05-12.37.35:822][418]LogModuleManager: Shutting down and abandoning module XmlParser (149)
[2015.07.05-12.37.35:844][418]LogModuleManager: Shutting down and abandoning module Blutility (148)
[2015.07.05-12.37.35:858][418]LogModuleManager: Shutting down and abandoning module ProjectTargetPlatformEditor (147)
[2015.07.05-12.37.35:961][418]LogModuleManager: Shutting down and abandoning module ProjectSettingsViewer (146)
[2015.07.05-12.37.35:980][418]LogModuleManager: Shutting down and abandoning module InputBindingEditor (145)
[2015.07.05-12.37.36:023][418]LogModuleManager: Shutting down and abandoning module EditorSettingsViewer (144)
[2015.07.05-12.37.36:024][418]LogModuleManager: Shutting down and abandoning module SettingsEditor (143)
[2015.07.05-12.37.36:044][418]LogModuleManager: Shutting down and abandoning module ProjectLauncher (142)
[2015.07.05-12.37.36:084][418]LogModuleManager: Shutting down and abandoning module SessionFrontend (141)
[2015.07.05-12.37.36:088][418]LogModuleManager: Shutting down and abandoning module ProfilerClient (140)
[2015.07.05-12.37.36:095][418]LogModuleManager: Shutting down and abandoning module TargetDeviceServices (139)
[2015.07.05-12.37.36:095][418]LogModuleManager: Shutting down and abandoning module DeviceManager (138)
[2015.07.05-12.37.36:125][418]LogModuleManager: Shutting down and abandoning module AutomationController (137)
[2015.07.05-12.37.36:162][418]LogModuleManager: Shutting down and abandoning module AutomationWindow (136)
[2015.07.05-12.37.36:178][418]LogModuleManager: Shutting down and abandoning module Layers (135)
[2015.07.05-12.37.36:278][418]LogModuleManager: Shutting down and abandoning module ComponentVisualizers (134)
[2015.07.05-12.37.36:278][418]LogModuleManager: Shutting down and abandoning module DetailCustomizations (133)
[2015.07.05-12.37.36:299][418]LogModuleManager: Shutting down and abandoning module PackagesDialog (132)
[2015.07.05-12.37.36:300][418]LogModuleManager: Shutting down and abandoning module AssetRegistry (131)
[2015.07.05-12.37.38:131][418]LogModuleManager: Shutting down and abandoning module Persona (130)
[2015.07.05-12.37.38:210][418]LogModuleManager: Shutting down and abandoning module Kismet (129)
[2015.07.05-12.37.38:269][418]LogModuleManager: Shutting down and abandoning module GraphEditor (128)
[2015.07.05-12.37.38:359][418]LogModuleManager: Shutting down and abandoning module ClassViewer (127)
[2015.07.05-12.37.38:377][418]LogModuleManager: Shutting down and abandoning module Toolbox (126)
[2015.07.05-12.37.38:378][418]LogModuleManager: Shutting down and abandoning module ModuleUI (125)
[2015.07.05-12.37.38:407][418]LogModuleManager: Shutting down and abandoning module MovieSceneTools (124)
[2015.07.05-12.37.38:444][418]LogModuleManager: Shutting down and abandoning module OutputLog (123)
[2015.07.05-12.37.38:452][418]LogModuleManager: Shutting down and abandoning module GammaUI (122)
[2015.07.05-12.37.38:492][418]LogModuleManager: Shutting down and abandoning module Documentation (121)
[2015.07.05-12.37.38:492][418]LogModuleManager: Shutting down and abandoning module GameLiveStreaming (120)
[2015.07.05-12.37.38:508][418]LogModuleManager: Shutting down and abandoning module StreamingPauseRendering (119)
[2015.07.05-12.37.38:508][418]LogModuleManager: Shutting down and abandoning module AnalyticsET (118)
[2015.07.05-12.37.38:508][418]LogModuleManager: Shutting down and abandoning module Analytics (117)
[2015.07.05-12.37.38:521][418]LogModuleManager: Shutting down and abandoning module AITestSuite (116)
[2015.07.05-12.37.38:530][418]LogModuleManager: Shutting down and abandoning module GameplayDebugger (115)
[2015.07.05-12.37.38:531][418]LogModuleManager: Shutting down and abandoning module AIModule (114)
[2015.07.05-12.37.38:531][418]LogModuleManager: Shutting down and abandoning module ProfilerService (113)
[2015.07.05-12.37.38:836][418]LogModuleManager: Shutting down and abandoning module TaskGraph (112)
[2015.07.05-12.37.38:866][418]LogModuleManager: Shutting down and abandoning module SlateRemote (111)
[2015.07.05-12.37.38:866][418]LogModuleManager: Shutting down and abandoning module SteamVRController (110)
[2015.07.05-12.37.38:866][418]LogModuleManager: Shutting down and abandoning module SteamVR (109)
[2015.07.05-12.37.38:866][418]LogModuleManager: Shutting down and abandoning module ProceduralMeshComponent (108)
[2015.07.05-12.37.38:866][418]LogModuleManager: Shutting down and abandoning module OculusRift (107)
[2015.07.05-12.37.38:866][418]LogModuleManager: Shutting down and abandoning module LeapMotionController (106)
[2015.07.05-12.37.39:031][418]LogModuleManager: Shutting down and abandoning module CustomMeshComponent (105)
[2015.07.05-12.37.39:031][418]LogModuleManager: Shutting down and abandoning module CableComponent (104)
[2015.07.05-12.37.39:055][418]LogModuleManager: Shutting down and abandoning module MessagingDebugger (103)
[2015.07.05-12.37.39:089][418]LogModuleManager: Shutting down and abandoning module MediaPlayerEditor (102)
[2015.07.05-12.37.39:119][418]LogModuleManager: Shutting down and abandoning module SpeedTreeImporter (101)
[2015.07.05-12.37.39:119][418]LogModuleManager: Shutting down and abandoning module PluginBrowser (100)
[2015.07.05-12.37.39:173][418]LogModuleManager: Shutting down and abandoning module EpicSurvey (99)
[2015.07.05-12.37.39:234][418]LogModuleManager: Shutting down and abandoning module DesktopPlatform (98)
[2015.07.05-12.37.39:252][418]LogModuleManager: Shutting down and abandoning module VisualStudioSourceCodeAccess (97)
[2015.07.05-12.37.39:273][418]LogModuleManager: Shutting down and abandoning module UObjectPlugin (96)
[2015.07.05-12.37.39:273][418]LogModuleManager: Shutting down and abandoning module SubversionSourceControl (95)
[2015.07.05-12.37.39:296][418]LogModuleManager: Shutting down and abandoning module PerforceSourceControl (94)
[2015.07.05-12.37.39:313][418]LogModuleManager: Shutting down and abandoning module SourceControl (93)
[2015.07.05-12.37.39:320][418]LogModuleManager: Shutting down and abandoning module GitSourceControl (92)
[2015.07.05-12.37.39:361][418]LogModuleManager: Shutting down and abandoning module BlankPlugin (91)
[2015.07.05-12.37.39:361][418]LogModuleManager: Shutting down and abandoning module PaperTiledImporter (90)
[2015.07.05-12.37.39:361][418]LogModuleManager: Shutting down and abandoning module PaperSpriteSheetImporter (89)
[2015.07.05-12.37.39:361][418]LogModuleManager: Shutting down and abandoning module MeshPaint (88)
[2015.07.05-12.37.39:361][418]LogModuleManager: Shutting down and abandoning module SlateReflector (87)
[2015.07.05-12.37.39:385][418]LogModuleManager: Shutting down and abandoning module DirectoryWatcher (86)
[2015.07.05-12.37.39:487][418]LogModuleManager: Shutting down and abandoning module HotReload (85)
[2015.07.05-12.37.39:487][418]LogModuleManager: Shutting down and abandoning module MainFrame (84)
[2015.07.05-12.37.39:487][418]LogModuleManager: Shutting down and abandoning module LevelEditor (83)
[2015.07.05-12.37.39:752][418]LogModuleManager: Shutting down and abandoning module ContentBrowser (82)
[2015.07.05-12.37.40:144][418]LogModuleManager: Shutting down and abandoning module Paper2DEditor (81)
[2015.07.05-12.37.40:170][418]LogModuleManager: Shutting down and abandoning module UdpMessaging (80)
[2015.07.05-12.37.40:290][418]LogModuleManager: Shutting down and abandoning module Paper2D (79)
[2015.07.05-12.37.40:343][418]LogModuleManager: Shutting down and abandoning module WindowsMoviePlayer (78)
[2015.07.05-12.37.40:802][418]LogModuleManager: Shutting down and abandoning module Media (77)
[2015.07.05-12.37.40:811][418]LogModuleManager: Shutting down and abandoning module WmfMedia (76)
[2015.07.05-12.37.40:900][418]LogModuleManager: Shutting down and abandoning module OnlineBlueprintSupport (75)
[2015.07.05-12.37.40:900][418]LogModuleManager: Shutting down and abandoning module PropertyEditor (74)
[2015.07.05-12.37.40:930][418]LogModuleManager: Shutting down and abandoning module BehaviorTreeEditor (73)
[2015.07.05-12.37.40:958][418]LogModuleManager: Shutting down and abandoning module FunctionalTesting (72)
[2015.07.05-12.37.40:958][418]LogModuleManager: Shutting down and abandoning module CollisionAnalyzer (71)
[2015.07.05-12.37.40:966][418]LogModuleManager: Shutting down and abandoning module WorkspaceMenuStructure (70)
[2015.07.05-12.37.41:079][418]LogModuleManager: Shutting down and abandoning module MessageLog (69)
[2015.07.05-12.37.41:079][418]LogModuleManager: Shutting down and abandoning module Sequencer (68)
[2015.07.05-12.37.41:122][418]LogModuleManager: Shutting down and abandoning module AssetTools (67)
[2015.07.05-12.37.41:159][418]LogModuleManager: Shutting down and abandoning module UMGEditor (66)
[2015.07.05-12.37.41:183][418]LogModuleManager: Shutting down and abandoning module UMG (65)
[2015.07.05-12.37.41:203][418]LogModuleManager: Shutting down and abandoning module Slate (64)
[2015.07.05-12.37.41:203][418]LogModuleManager: Shutting down and abandoning module EditorStyle (63)
[2015.07.05-12.37.41:407][418]LogModuleManager: Shutting down and abandoning module SessionServices (62)
[2015.07.05-12.37.41:407][418]LogModuleManager: Shutting down and abandoning module SourceCodeAccess (61)
[2015.07.05-12.37.41:407][418]LogModuleManager: Shutting down and abandoning module HeadMountedDisplay (60)
[2015.07.05-12.37.41:407][418]LogModuleManager: Shutting down and abandoning module XAudio2 (59)
[2015.07.05-12.37.41:407][418]LogModuleManager: Shutting down and abandoning module Networking (57)
[2015.07.05-12.37.41:418][418]LogModuleManager: Shutting down and abandoning module Core (56)
[2015.07.05-12.37.41:418][418]LogModuleManager: Shutting down and abandoning module KismetCompiler (55)
[2015.07.05-12.37.41:434][418]LogModuleManager: Shutting down and abandoning module PhysXFormats (54)
[2015.07.05-12.37.41:434][418]LogModuleManager: Shutting down and abandoning module MeshUtilities (53)
[2015.07.05-12.37.41:466][418]LogModuleManager: Shutting down and abandoning module DerivedDataCache (52)
[2015.07.05-12.37.41:596][418]LogDerivedDataCache: Shutdown
[2015.07.05-12.37.41:596][418]LogModuleManager: Shutting down and abandoning module ShaderFormatOpenGL (51)
[2015.07.05-12.37.41:607][418]LogModuleManager: Shutting down and abandoning module ShaderFormatD3D (50)
[2015.07.05-12.37.41:607][418]LogModuleManager: Shutting down and abandoning module MetalShaderFormat (49)
[2015.07.05-12.37.41:608][418]LogModuleManager: Shutting down and abandoning module TextureFormatUncompressed (48)
[2015.07.05-12.37.41:608][418]LogModuleManager: Shutting down and abandoning module TextureFormatPVR (47)
[2015.07.05-12.37.41:608][418]LogModuleManager: Shutting down and abandoning module TextureFormatIntelISPCTexComp (46)
[2015.07.05-12.37.41:608][418]LogModuleManager: Shutting down and abandoning module TextureFormatDXT (45)
[2015.07.05-12.37.41:608][418]LogModuleManager: Shutting down and abandoning module ImageWrapper (44)
[2015.07.05-12.37.41:608][418]LogModuleManager: Shutting down and abandoning module TextureFormatASTC (43)
[2015.07.05-12.37.41:608][418]LogModuleManager: Shutting down and abandoning module TextureFormatAndroid (42)
[2015.07.05-12.37.41:608][418]LogModuleManager: Shutting down and abandoning module AudioFormatOpus (41)
[2015.07.05-12.37.41:629][418]LogModuleManager: Shutting down and abandoning module AudioFormatOgg (40)
[2015.07.05-12.37.41:629][418]LogModuleManager: Shutting down and abandoning module AudioFormatADPCM (39)
[2015.07.05-12.37.41:629][418]LogModuleManager: Shutting down and abandoning module LinuxTargetPlatform (38)
[2015.07.05-12.37.41:645][418]LogModuleManager: Shutting down and abandoning module LinuxServerTargetPlatform (37)
[2015.07.05-12.37.41:645][418]LogModuleManager: Shutting down and abandoning module LinuxNoEditorTargetPlatform (36)
[2015.07.05-12.37.41:672][418]LogModuleManager: Shutting down and abandoning module Messaging (35)
[2015.07.05-12.37.41:672][418]LogModuleManager: Shutting down and abandoning module IOSTargetPlatform (34)
[2015.07.05-12.37.41:673][418]LogModuleManager: Shutting down and abandoning module HTML5TargetPlatform (33)
[2015.07.05-12.37.41:676][418]LogModuleManager: Shutting down and abandoning module Android_PVRTCTargetPlatform (32)
[2015.07.05-12.37.41:676][418]LogModuleManager: Shutting down and abandoning module Android_ETC2TargetPlatform (31)
[2015.07.05-12.37.41:676][418]LogModuleManager: Shutting down and abandoning module Android_ETC1TargetPlatform (30)
[2015.07.05-12.37.41:676][418]LogModuleManager: Shutting down and abandoning module Android_DXTTargetPlatform (29)
[2015.07.05-12.37.41:688][418]LogModuleManager: Shutting down and abandoning module Android_ATCTargetPlatform (28)
[2015.07.05-12.37.41:688][418]LogModuleManager: Shutting down and abandoning module Android_ASTCTargetPlatform (27)
[2015.07.05-12.37.41:688][418]LogModuleManager: Shutting down and abandoning module AndroidTargetPlatform (26)
[2015.07.05-12.37.41:688][418]LogModuleManager: Shutting down and abandoning module WindowsTargetPlatform (25)
[2015.07.05-12.37.41:716][418]LogModuleManager: Shutting down and abandoning module WindowsServerTargetPlatform (24)
[2015.07.05-12.37.41:732][418]LogModuleManager: Shutting down and abandoning module WindowsNoEditorTargetPlatform (23)
[2015.07.05-12.37.41:733][418]LogModuleManager: Shutting down and abandoning module WindowsClientTargetPlatform (22)
[2015.07.05-12.37.41:733][418]LogModuleManager: Shutting down and abandoning module DesktopTargetPlatform (21)
[2015.07.05-12.37.41:734][418]LogModuleManager: Shutting down and abandoning module TargetPlatform (20)
[2015.07.05-12.37.41:782][418]LogModuleManager: Shutting down and abandoning module InputCore (19)
[2015.07.05-12.37.41:782][418]LogModuleManager: Shutting down and abandoning module Settings (18)
[2015.07.05-12.37.41:782][418]LogModuleManager: Shutting down and abandoning module OnlineSubsystem (16)
[2015.07.05-12.37.41:782][418]LogModuleManager: Shutting down and abandoning module HTTP (15)
[2015.07.05-12.37.41:852][418]LogModuleManager: Shutting down and abandoning module ExampleDeviceProfileSelector (14)
[2015.07.05-12.37.41:863][418]LogModuleManager: Shutting down and abandoning module TextureCompressor (13)
[2015.07.05-12.37.41:873][418]LogModuleManager: Shutting down and abandoning module ShaderCore (12)
[2015.07.05-12.37.41:873][418]LogModuleManager: Shutting down and abandoning module Landscape (11)
[2015.07.05-12.37.41:873][418]LogModuleManager: Shutting down and abandoning module SlateRHIRenderer (10)
[2015.07.05-12.37.42:746][418]LogModuleManager: Shutting down and abandoning module OpenGLDrv (9)
[2015.07.05-12.37.42:754][418]LogModuleManager: Shutting down and abandoning module D3D11RHI (8)
[2015.07.05-12.37.42:754][418]LogModuleManager: Shutting down and abandoning module Renderer (7)
[2015.07.05-12.37.42:754][418]LogModuleManager: Shutting down and abandoning module Engine (6)
[2015.07.05-12.37.42:754][418]LogModuleManager: Shutting down and abandoning module CoreUObject (5)
[2015.07.05-12.37.42:754][418]LogModuleManager: Shutting down and abandoning module NetworkFile (4)
[2015.07.05-12.37.42:776][418]LogModuleManager: Shutting down and abandoning module StreamingFile (3)
[2015.07.05-12.37.42:779][418]LogModuleManager: Shutting down and abandoning module SandboxFile (2)
[2015.07.05-12.37.42:817][418]LogModuleManager: Shutting down and abandoning module PakFile (1)
[2015.07.05-12.37.43:090][418]LogExit: Exiting.
[2015.07.05-12.37.44:086][418]Log file closed, 07/05/15 05:37:44
