[2015.07.04-10.41.16:521][  0]Log file open, 07/04/15 03:41:16
[2015.07.04-10.41.16:521][  0]LogInit:Display: Running engine for game: GameCreation
[2015.07.04-10.41.16:521][  0]LogInit:Display: RandInit(-1639757491) SRandInit(-1639757488).
[2015.07.04-10.41.16:521][  0]LogTaskGraph: Started task graph with 4 named threads and 5 total threads.
[2015.07.04-10.41.16:521][  0]LogStats: Stats thread started
[2015.07.04-10.41.16:521][  0]LogInit: Version: 4.8.1-2591939+++depot+UE4-Releases+4.8
[2015.07.04-10.41.16:521][  0]LogInit: API Version: 2579680
[2015.07.04-10.41.16:521][  0]LogInit: Compiled (64-bit): Jun 18 2015 11:02:04
[2015.07.04-10.41.16:521][  0]LogInit: Compiled with Visual C++: 18.00.21005.01
[2015.07.04-10.41.16:521][  0]LogInit: Build Configuration: Development
[2015.07.04-10.41.16:521][  0]LogInit: Branch Name: ++depot+UE4-Releases+4.8
[2015.07.04-10.41.16:521][  0]LogInit: Command line: 
[2015.07.04-10.41.16:521][  0]LogInit: Base directory: C:/Program Files/Epic Games/4.8/Engine/Binaries/Win64/
[2015.07.04-10.41.16:521][  0]LogInit: Rocket: 1
[2015.07.04-10.41.16:652][  0]LogInit: Using libcurl 7.41.0
[2015.07.04-10.41.16:652][  0]LogInit:  - built for x86_64-pc-win32
[2015.07.04-10.41.16:652][  0]LogInit:  - supports SSL with WinSSL
[2015.07.04-10.41.16:652][  0]LogInit:  - other features:
[2015.07.04-10.41.16:652][  0]LogInit:      CURL_VERSION_SSL
[2015.07.04-10.41.16:652][  0]LogInit:      CURL_VERSION_IPV6
[2015.07.04-10.41.16:652][  0]LogInit:      CURL_VERSION_ASYNCHDNS
[2015.07.04-10.41.16:652][  0]LogInit:      CURL_VERSION_LARGEFILE
[2015.07.04-10.41.16:652][  0]LogInit:      CURL_VERSION_IDN
[2015.07.04-10.41.16:654][  0]LogInit:  CurlRequestOptions (configurable via config and command line):
[2015.07.04-10.41.16:655][  0]LogInit:  - bVerifyPeer = true  - Libcurl will verify peer certificate
[2015.07.04-10.41.16:655][  0]LogInit:  - bUseHttpProxy = false  - Libcurl will NOT use HTTP proxy
[2015.07.04-10.41.16:655][  0]LogInit:  - bDontReuseConnections = false  - Libcurl will reuse connections
[2015.07.04-10.41.16:655][  0]LogInit:  - CertBundlePath = nullptr  - Libcurl will use whatever was configured at build time.
[2015.07.04-10.41.16:700][  0]LogOnline:Warning: No default platform service specified for OnlineSubsystem
[2015.07.04-10.41.18:704][  0]LogInit: Presizing for 0 objects not considered by GC, pre-allocating 0 bytes.
[2015.07.04-10.41.19:031][  0]LogInit: Object subsystem initialized
[2015.07.04-10.41.19:398][  0]LogConsoleResponse:Warning: Skipping Unknown console variable: 'TranslucentSortAxis = (X=0.000000,Y=-1.000000,Z=0.000000)'
[2015.07.04-10.41.19:398][  0]LogConsoleResponse:Warning:   Found in ini file 'C:/Users/phill_000/Documents/Unreal Projects/GameCreation/Saved/Config/Windows/Engine.ini', in section '[/Script/Engine.RendererSettings]'
[2015.07.04-10.41.19:398][  0]LogConsoleResponse:Warning: Skipping Unknown console variable: 'UIScaleRule = ShortestSide'
[2015.07.04-10.41.19:398][  0]LogConsoleResponse:Warning:   Found in ini file 'C:/Users/phill_000/Documents/Unreal Projects/GameCreation/Saved/Config/Windows/Engine.ini', in section '[/Script/Engine.RendererSettings]'
[2015.07.04-10.41.19:398][  0]LogConsoleResponse:Warning: Skipping Unknown console variable: 'UIScaleCurve = (EditorCurveData=(Keys=),ExternalCurve=None)'
[2015.07.04-10.41.19:398][  0]LogConsoleResponse:Warning:   Found in ini file 'C:/Users/phill_000/Documents/Unreal Projects/GameCreation/Saved/Config/Windows/Engine.ini', in section '[/Script/Engine.RendererSettings]'
[2015.07.04-10.41.20:092][  0]LogInit: Selected Device Profile: [Windows]
[2015.07.04-10.41.20:094][  0]LogInit: Applying CVar settings loaded from the selected device profile: [Windows]
[2015.07.04-10.41.20:520][  0]LogInit: Computer: OBAMA
[2015.07.04-10.41.20:520][  0]LogInit: User: MrWong
[2015.07.04-10.41.20:520][  0]LogInit: CPU Page size=4096, Cores=2
[2015.07.04-10.41.20:520][  0]LogInit: High frequency timer resolution =3.215364 MHz
[2015.07.04-10.41.20:520][  0]LogMemory: Memory total: Physical=5.9GB (6GB approx)
[2015.07.04-10.41.20:520][  0]LogMemory: Platform Memory Stats for Windows
[2015.07.04-10.41.20:520][  0]LogMemory: Process Physical Memory: 48.04 MB used, 48.04 MB peak
[2015.07.04-10.41.20:520][  0]LogMemory: Process Virtual Memory: 21.20 MB used, 22.02 MB peak
[2015.07.04-10.41.20:520][  0]LogMemory: Physical Memory: 5571.64 MB used, 6040.27 MB total
[2015.07.04-10.41.20:520][  0]LogMemory: Virtual Memory: 293.63 MB used, 134217728.00 MB total
[2015.07.04-10.41.30:973][  0]LogTextLocalizationManager: The requested culture ('en_US') has no localization data; parent culture's ('en') localization data will be used.
[2015.07.04-10.41.33:682][  0]LogTextLocalizationManager:Warning: Loaded localization resources contain conflicting entries for (Namespace:ContentBrowser, Key:ImportAssetToolTip):
Localization Resource: (C:/Program Files/Epic Games/4.8/Engine/Content/Localization/Editor/en/Editor.locres) Source String Hash: (-630476809) Localized String: (Import to {0}...)
Localization Resource: (C:/Program Files/Epic Games/4.8/Engine/Content/Localization/Editor/en/Editor.locres) Source String Hash: (1271782899) Localized String: (Imports an asset from file to this folder.)
[2015.07.04-10.41.36:356][  0]LogD3D11RHI: Found D3D11 adapter 0: Intel(R) HD Graphics (Feature Level 11_0)
[2015.07.04-10.41.36:356][  0]LogD3D11RHI: Adapter has 32MB of dedicated video memory, 0MB of dedicated system memory, and 1760MB of shared system memory, 1 output[s]
[2015.07.04-10.41.36:962][  0]LogD3D11RHI: Found D3D11 adapter 1: Microsoft Basic Render Driver (Feature Level 11_0)
[2015.07.04-10.41.36:962][  0]LogD3D11RHI: Adapter has 0MB of dedicated video memory, 0MB of dedicated system memory, and 256MB of shared system memory, 0 output[s]
[2015.07.04-10.41.36:962][  0]LogD3D11RHI: Chosen D3D11 Adapter Id = 0
[2015.07.04-10.41.37:137][  0]LogRHI: Texture pool is 638 MB (70% of 912 MB)
[2015.07.04-10.41.37:261][  0]LogD3D11RHI: Async texture creation enabled
[2015.07.04-10.41.40:988][  0]LogShaderCompilers:Display: Using Local Shader Compiler.
[2015.07.04-10.42.13:715][  0]LogTemp:Display: Loaded TP DesktopTargetPlatform
[2015.07.04-10.42.13:940][  0]LogTemp:Display: Loaded TP WindowsClientTargetPlatform
[2015.07.04-10.42.14:046][  0]LogTemp:Display: Loaded TP WindowsNoEditorTargetPlatform
[2015.07.04-10.42.14:108][  0]LogTemp:Display: Loaded TP WindowsServerTargetPlatform
[2015.07.04-10.42.14:509][  0]LogTemp:Display: Loaded TP WindowsTargetPlatform
[2015.07.04-10.42.14:590][  0]LogTemp:Display: Loaded TP AndroidTargetPlatform
[2015.07.04-10.42.14:798][  0]LogTemp:Display: Loaded TP Android_ASTCTargetPlatform
[2015.07.04-10.42.14:894][  0]LogTemp:Display: Loaded TP Android_ATCTargetPlatform
[2015.07.04-10.42.14:947][  0]LogTemp:Display: Loaded TP Android_DXTTargetPlatform
[2015.07.04-10.42.14:974][  0]LogTemp:Display: Loaded TP Android_ETC1TargetPlatform
[2015.07.04-10.42.15:033][  0]LogTemp:Display: Loaded TP Android_ETC2TargetPlatform
[2015.07.04-10.42.15:222][  0]LogTemp:Display: Loaded TP Android_PVRTCTargetPlatform
[2015.07.04-10.42.16:030][  0]LogTemp:Display: Loaded TP IOSTargetPlatform
[2015.07.04-10.42.16:348][  0]LogTemp:Display: Loaded TP LinuxNoEditorTargetPlatform
[2015.07.04-10.42.16:545][  0]LogTemp:Display: Loaded TP LinuxServerTargetPlatform
[2015.07.04-10.42.16:799][  0]LogTemp:Display: Loaded TP LinuxTargetPlatform
[2015.07.04-10.42.16:837][  0]LogTargetPlatformManager:Display: Building Assets For Windows
[2015.07.04-10.42.18:900][  0]LogDerivedDataCache:Display: Max Cache Size: 512 MB
[2015.07.04-10.42.20:103][  0]LogDerivedDataCache: Loaded boot cache 1.18s 53MB C:/Users/phill_000/AppData/Local/UnrealEngine/4.8/DerivedDataCache/Boot.ddc.
[2015.07.04-10.42.20:103][  0]LogDerivedDataCache:Display: Loaded Boot cache: C:/Users/phill_000/AppData/Local/UnrealEngine/4.8/DerivedDataCache/Boot.ddc
[2015.07.04-10.42.20:103][  0]LogDerivedDataCache: FDerivedDataBackendGraph:  Pak pak cache file ../../../../../../Users/phill_000/Documents/Unreal Projects/GameCreation/Derived