[2015.07.17-09.01.30:020][  0]Log file open, 07/17/15 02:01:30
[2015.07.17-09.01.30:020][  0]LogInit:Display: Running engine for game: GameCreation
[2015.07.17-09.01.30:020][  0]LogInit:Display: RandInit(-1163370047) SRandInit(-1163370047).
[2015.07.17-09.01.30:020][  0]LogTaskGraph: Started task graph with 4 named threads and 5 total threads.
[2015.07.17-09.01.30:020][  0]LogStats: Stats thread started
[2015.07.17-09.01.30:020][  0]LogInit: Version: 4.8.1-2591939+++depot+UE4-Releases+4.8
[2015.07.17-09.01.30:020][  0]LogInit: API Version: 2579680
[2015.07.17-09.01.30:020][  0]LogInit: Compiled (64-bit): Jun 18 2015 11:02:04
[2015.07.17-09.01.30:020][  0]LogInit: Compiled with Visual C++: 18.00.21005.01
[2015.07.17-09.01.30:020][  0]LogInit: Build Configuration: Development
[2015.07.17-09.01.30:020][  0]LogInit: Branch Name: ++depot+UE4-Releases+4.8
[2015.07.17-09.01.30:020][  0]LogInit: Command line: 
[2015.07.17-09.01.30:020][  0]LogInit: Base directory: C:/Program Files/Epic Games/4.8/Engine/Binaries/Win64/
[2015.07.17-09.01.30:020][  0]LogInit: Rocket: 1
[2015.07.17-09.01.30:035][  0]LogInit: Using libcurl 7.41.0
[2015.07.17-09.01.30:035][  0]LogInit:  - built for x86_64-pc-win32
[2015.07.17-09.01.30:035][  0]LogInit:  - supports SSL with WinSSL
[2015.07.17-09.01.30:035][  0]LogInit:  - other features:
[2015.07.17-09.01.30:035][  0]LogInit:      CURL_VERSION_SSL
[2015.07.17-09.01.30:035][  0]LogInit:      CURL_VERSION_IPV6
[2015.07.17-09.01.30:035][  0]LogInit:      CURL_VERSION_ASYNCHDNS
[2015.07.17-09.01.30:035][  0]LogInit:      CURL_VERSION_LARGEFILE
[2015.07.17-09.01.30:035][  0]LogInit:      CURL_VERSION_IDN
[2015.07.17-09.01.30:036][  0]LogInit:  CurlRequestOptions (configurable via config and command line):
[2015.07.17-09.01.30:036][  0]LogInit:  - bVerifyPeer = true  - Libcurl will verify peer certificate
[2015.07.17-09.01.30:036][  0]LogInit:  - bUseHttpProxy = false  - Libcurl will NOT use HTTP proxy
[2015.07.17-09.01.30:036][  0]LogInit:  - bDontReuseConnections = false  - Libcurl will reuse connections
[2015.07.17-09.01.30:036][  0]LogInit:  - CertBundlePath = nullptr  - Libcurl will use whatever was configured at build time.
[2015.07.17-09.01.30:050][  0]LogOnline:Warning: No default platform service specified for OnlineSubsystem
[2015.07.17-09.01.30:066][  0]LogInit: Presizing for 0 objects not considered by GC, pre-allocating 0 bytes.
[2015.07.17-09.01.30:073][  0]LogInit: Object subsystem initialized
[2015.07.17-09.01.30:074][  0]LogConsoleResponse:Warning: Skipping Unknown console variable: 'TranslucentSortAxis = (X=0.000000,Y=-1.000000,Z=0.000000)'
[2015.07.17-09.01.30:074][  0]LogConsoleResponse:Warning:   Found in ini file 'C:/Users/phill_000/Documents/Unreal Projects/GameCreation/Saved/Config/Windows/Engine.ini', in section '[/Script/Engine.RendererSettings]'
[2015.07.17-09.01.30:074][  0]LogConsoleResponse:Warning: Skipping Unknown console variable: 'UIScaleRule = ShortestSide'
[2015.07.17-09.01.30:074][  0]LogConsoleResponse:Warning:   Found in ini file 'C:/Users/phill_000/Documents/Unreal Projects/GameCreation/Saved/Config/Windows/Engine.ini', in section '[/Script/Engine.RendererSettings]'
[2015.07.17-09.01.30:074][  0]LogConsoleResponse:Warning: Skipping Unknown console variable: 'UIScaleCurve = (EditorCurveData=(Keys=),ExternalCurve=None)'
[2015.07.17-09.01.30:074][  0]LogConsoleResponse:Warning:   Found in ini file 'C:/Users/phill_000/Documents/Unreal Projects/GameCreation/Saved/Config/Windows/Engine.ini', in section '[/Script/Engine.RendererSettings]'
[2015.07.17-09.01.30:075][  0]LogInit: Selected Device Profile: [Windows]
[2015.07.17-09.01.30:075][  0]LogInit: Applying CVar settings loaded from the selected device profile: [Windows]
[2015.07.17-09.01.30:083][  0]LogInit: Computer: OBAMA
[2015.07.17-09.01.30:083][  0]LogInit: User: MrWong
[2015.07.17-09.01.30:083][  0]LogInit: CPU Page size=4096, Cores=2
[2015.07.17-09.01.30:083][  0]LogInit: High frequency timer resolution =3.215353 MHz
[2015.07.17-09.01.30:083][  0]LogMemory: Memory total: Physical=5.9GB (6GB approx)
[2015.07.17-09.01.30:084][  0]LogMemory: Platform Memory Stats for Windows
[2015.07.17-09.01.30:084][  0]LogMemory: Process Physical Memory: 48.05 MB used, 48.05 MB peak
[2015.07.17-09.01.30:084][  0]LogMemory: Process Virtual Memory: 21.16 MB used, 21.99 MB peak
[2015.07.17-09.01.30:084][  0]LogMemory: Physical Memory: 3794.90 MB used, 6040.27 MB total
[2015.07.17-09.01.30:084][  0]LogMemory: Virtual Memory: 293.63 MB used, 134217728.00 MB total
[2015.07.17-09.01.30:150][  0]LogTextLocalizationManager: The requested culture ('en_US') has no localization data; parent culture's ('en') localization data will be used.
[2015.07.17-09.01.30:411][  0]LogTextLocalizationManager:Warning: Loaded localization resources contain conflicting entries for (Namespace:ContentBrowser, Key:ImportAssetToolTip):
Localization Resource: (C:/Program Files/Epic Games/4.8/Engine/Content/Localization/Editor/en/Editor.locres) Source String Hash: (-630476809) Localized String: (Import to {0}...)
Localization Resource: (C:/Program Files/Epic Games/4.8/Engine/Content/Localization/Editor/en/Editor.locres) Source String Hash: (1271782899) Localized String: (Imports an asset from file to this folder.)
[2015.07.17-09.01.30:908][  0]LogD3D11RHI: Found D3D11 adapter 0: Intel(R) HD Graphics (Feature Level 11_0)
[2015.07.17-09.01.30:908][  0]LogD3D11RHI: Adapter has 32MB of dedicated video memory, 0MB of dedicated system memory, and 1760MB of shared system memory, 1 output[s]
[2015.07.17-09.01.30:910][  0]LogD3D11RHI: Found D3D11 adapter 1: Microsoft Basic Render Driver (Feature Level 11_0)
[2015.07.17-09.01.30:910][  0]LogD3D11RHI: Adapter has 0MB of dedicated video memory, 0MB of dedicated system memory, and 256MB of shared system memory, 0 output[s]
[2015.07.17-09.01.30:910][  0]LogD3D11RHI: Chosen D3D11 Adapter Id = 0
[2015.07.17-09.01.30:916][  0]LogRHI: Texture pool is 638 MB (70% of 912 MB)
[2015.07.17-09.01.30:920][  0]LogD3D11RHI: Async texture creation enabled
[2015.07.17-09.01.30:924][  0]LogShaderCompilers:Display: Using Local Shader Compiler.
[2015.07.17-09.01.32:170][  0]LogTemp:Display: Loaded TP DesktopTargetPlatform
[2015.07.17-09.01.32:192][  0]LogTemp:Display: Loaded TP WindowsClientTargetPlatform
[2015.07.17-09.01.32:215][  0]LogTemp:Display: Loaded TP WindowsNoEditorTargetPlatform
[2015.07.17-09.01.32:235][  0]LogTemp:Display: Loaded TP WindowsServerTargetPlatform
[2015.07.17-09.01.32:260][  0]LogTemp:Display: Loaded TP WindowsTargetPlatform
[2015.07.17-09.01.32:277][  0]LogTemp:Display: Loaded TP AndroidTargetPlatform
[2015.07.17-09.01.32:293][  0]LogTemp:Display: Loaded TP Android_ASTCTargetPlatform
[2015.07.17-09.01.32:310][  0]LogTemp:Display: Loaded TP Android_ATCTargetPlatform
[2015.07.17-09.01.32:324][  0]LogTemp:Display: Loaded TP Android_DXTTargetPlatform
[2015.07.17-09.01.32:339][  0]LogTemp:Display: Loaded TP Android_ETC1TargetPlatform
[2015.07.17-09.01.32:354][  0]LogTemp:Display: Loaded TP Android_ETC2TargetPlatform
[2015.07.17-09.01.32:369][  0]LogTemp:Display: Loaded TP Android_PVRTCTargetPlatform
[2015.07.17-09.01.32:426][  0]LogTemp:Display: Loaded TP IOSTargetPlatform
[2015.07.17-09.01.32:444][  0]LogTemp:Display: Loaded TP LinuxNoEditorTargetPlatform
[2015.07.17-09.01.32:477][  0]LogTemp:Display: Loaded TP LinuxServerTargetPlatform
[2015.07.17-09.01.32:497][  0]LogTemp:Display: Loaded TP LinuxTargetPlatform
[2015.07.17-09.01.32:497][  0]LogTargetPlatformManager:Display: Building Assets For Windows
[2015.07.17-09.01.32:746][  0]LogDerivedDataCache:Display: Max Cache Size: 512 MB
[2015.07.17-09.01.32:825][  0]LogDerivedDataCache: Loaded boot cache 0.08s 53MB C:/Users/phill_000/AppData/Local/UnrealEngine/4.8/DerivedDataCache/Boot.ddc.
[2015.07.17-09.01.32:825][  0]LogDerivedDataCache:Display: Loaded Boot cache: C:/Users/phill_000/AppData/Local/UnrealEngine/4.8/DerivedDataCache/Boot.ddc
[2015.07.17-09.01.32:825][  0]LogDerivedDataCache: FDerivedDataBackendGraph:  Pak pak cache file ../../../../../../Users/phill_000/Documents/Unreal Projects/GameCreation/DerivedDataCache/DDC.ddp not found, will not use a pak cache.
[2015.07.17-09.01.32:825][  0]LogDerivedDataCache: Unable to find inner node Pak for hierarchical cache Hierarchy.
[2015.07.17-09.01.32:825][  0]LogDerivedDataCache: FDerivedDataBackendGraph:  CompressedPak pak cache file ../../../../../../Users/phill_000/Documents/Unreal Projects/GameCreation/DerivedDataCache/Compressed.ddp not found, will not use a pak cache.
[2015.07.17-09.01.32:825][  0]LogDerivedDataCache: Unable to find inner node CompressedPak for hierarchical cache Hierarchy.
[2015.07.17-09.01.33:006][  0]LogDerivedDataCache:Display: Pak cache opened for reading ../../../Engine/DerivedDataCache/Compressed.ddp.
[2015.07.17-09.01.33:019][  0]LogDerivedDataCache: Using Local data cache path C:/Users/phill_000/AppData/Local/UnrealEngine/Common/DerivedDataCache: Writable
[2015.07.17-09.01.33:594][  0]LogInit: Selected Device Profile: [Windows]
[2015.07.17-09.01.33:684][  0]ImportText (ComponentSweepMultiTests): Missing closing parenthesis: (RootShapeAsset="/Engine/BasicShapes/Cube.Cube",ShapeType="TriggerCapsule",HitResult=(Time=0.50,Location=(X=-100.000015,Y=0.0,Z=100.000015),ImpactPoint=(X=-50.0,Y=0.0,Z=50.0),Normal=(X=-1.0,Y=-0.0,Z=0.0),ImpactNormal=(X=0.0,Y=0.0,Z=1.0),TraceStart=(X=-200.0,Y=0.0,Z=200.0),TraceEnd=(X=0.0,Y=0.0,Z=0.0))
[2015.07.17-09.01.33:685][  0]ImportText (LineTraceSingleByChannelTests): Missing closing parenthesis: (RootShapeAsset="/Engine/BasicShapes/Cube.Cube",HitResult=(Time=0.50,Location=(X=-100.000015,Y=0.0,Z=100.000015),ImpactPoint=(X=-50.0,Y=0.0,Z=50.0),Normal=(X=-1.0,Y=-0.0,Z=0.0),ImpactNormal=(X=0.0,Y=0.0,Z=1.0),TraceStart=(X=-200.0,Y=0.0,Z=200.0),TraceEnd=(X=0.0,Y=0.0,Z=0.0))
[2015.07.17-09.01.33:715][  0]LogMeshUtilities: No automatic mesh reduction module available
[2015.07.17-09.01.33:715][  0]LogMeshUtilities: No automatic mesh merging module available
[2015.07.17-09.01.34:157][  0]LogInit: WinSock: version 1.1 (2.2), MaxSocks=32767, MaxUdp=65467
[2015.07.17-09.01.35:428][  0]UdpMessaging: Initializing bridge on interface 0.0.0.0:0 to multicast group 230.0.0.1:6666.
[2015.07.17-09.01.35:918][  0]SourceControl: Info Source control is disabled
[2015.07.17-09.01.35:935][  0]SourceControl: Info Source control is disabled
[2015.07.17-09.01.35:947][  0]SourceControl: Info Source control is disabled
[2015.07.17-09.01.35:961][  0]SourceControl: Info Source control is disabled
[2015.07.17-09.01.36:303][  0]LogObj: 26273 objects as part of root set at end of initial load.
[2015.07.17-09.01.36:303][  0]LogUObjectAllocator: 5409248 out of 0 bytes used by permanent object pool.
[2015.07.17-09.01.36:415][  0]LogEngine: Initializing Engine...
[2015.07.17-09.01.36:418][  0]LogHMD: Can't find Oculus library dev build: is proper Runtime installed? Version: 0.6.0.0
[2015.07.17-09.01.36:419][  0]LogHMD:Warning: SteamVR failed to initialize.  Error: 110
[2015.07.17-09.01.36:619][  0]LogAIModule: Creating AISystem for world NewWorld
[2015.07.17-09.01.36:623][  0]LogInit: XAudio2 using 'Speakers (Realtek High Definition Audio)' : 2 channels at 48 kHz using 32 bits per sample (channel mask 0x3)
[2015.07.17-09.01.36:631][  0]LogInit: FAudioDevice initialized.
[2015.07.17-09.01.36:662][  0]LogDerivedDataCache: Saved boot cache 0.03s 53MB C:/Users/phill_000/AppData/Local/UnrealEngine/4.8/DerivedDataCache/Boot.ddc.
[2015.07.17-09.01.36:667][  0]LogInit: Texture streaming: Disabled
[2015.07.17-09.01.36:698][  0]LogAnalytics: Creating configured Analytics provider AnalyticsET
[2015.07.17-09.01.36:698][  0]LogAnalytics: [UEEditor.Rocket.Release] APIServer = http://et2.epicgames.com/ET2/. AppVersion = 4.8.1-2591939+++depot+UE4-Releases+4.8
[2015.07.17-09.01.36:698][  0]LogAnalytics: [UEEditor.Rocket.Release] SetUserId 7c26e5e44b982c07ae34b491ad0b3606|e04a3ea4d3094879af4d972fbc4dc761|30abedbd-5fcf-444a-8f58-71a6c0f51a48
[2015.07.17-09.01.36:698][  0]LogAnalytics: [UEEditor.Rocket.Release] AnalyticsET::StartSession
[2015.07.17-09.01.36:748][  0]LogInit: Transaction tracking system initialized
[2015.07.17-09.01.36:936][  0]BlueprintLog: New page: Editor Load
[2015.07.17-09.01.36:983][  0]LogAssetRegistry: FAssetRegistry took 0.0110 seconds to start up
[2015.07.17-09.01.36:983][  0]LogDirectoryWatcher:Warning: Failed to begin reading directory changes for ../../../Engine/Plugins/Experimental/CharacterAI/Content/. Error: 0
[2015.07.17-09.01.38:159][  0]LogConsoleManager:Warning: Console variable 'r.VSync' wasn't set ('GameSetting' has a lower priority than 'SystemSettingsIni')
[2015.07.17-09.01.38:160][  0]LogConsoleResponse:Display: 
[2015.07.17-09.01.38:369][  0]LogCook:Display: Done creating registry. It took  0.00s.
[2015.07.17-09.01.38:675][  0]SourceControl: Info Source control is disabled
[2015.07.17-09.01.38:675][  0]Cmd: MAP LOAD FILE="../../../../../../Users/phill_000/Documents/Unreal Projects/GameCreation/Content/StarterContent/Maps/Minimal_Default.umap" TEMPLATE=0 SHOWPROGRESS=1 FEATURELEVEL=3
[2015.07.17-09.01.38:675][  0]LogEditorServer:Warning: Can't find file '../../../../../../Users/phill_000/Documents/Unreal Projects/GameCreation/Content/StarterContent/Maps/Minimal_Default.umap'
[2015.07.17-09.01.38:686][  0]Cmd: MAP CHECKDEP NOCLEARLOG
[2015.07.17-09.01.38:763][  0]MapCheck: Info Map check complete: 0 Error(s), 0 Warning(s), took 76.514ms to complete.
[2015.07.17-09.01.38:763][  0]LogFileHelpers: Loading map 'Minimal_Default' took 0.088
[2015.07.17-09.01.39:301][  0]LogCollectionManager: Loaded 0 collections in 0.003299 seconds
[2015.07.17-09.01.39:321][  0]LogContentBrowser: Native class hierarchy populated in 0.0190 seconds. Added 1792 classes and 301 folders.
[2015.07.17-09.01.39:526][  0]LogContentBrowser: Native class hierarchy updated for 'WidgetCarousel' in 0.0006 seconds. Added 0 classes and 0 folders.
[2015.07.17-09.01.39:930][  0]LogContentBrowser: Native class hierarchy updated for 'AddContentDialog' in 0.0003 seconds. Added 0 classes and 0 folders.
[2015.07.17-09.01.40:013][  0]LogContentBrowser: Native class hierarchy updated for 'SceneOutliner' in 0.0006 seconds. Added 1 classes and 2 folders.
[2015.07.17-09.01.40:322][  0]LogCrashTracker: Crashtracker disabled due to settings.
[2015.07.17-09.01.40:423][  0]LogUObjectGlobals:Warning: Failed to find object 'Class None.'
[2015.07.17-09.01.40:459][  0]LogLoad: Full Startup: 12.69 seconds (BP compile: 0.10 seconds)
[2015.07.17-09.01.40:752][  0]LogContentStreaming: Texture pool size is 0.000000MB
[2015.07.17-09.01.40:778][  0]LogContentStreaming: Texture pool size now 200 MB
[2015.07.17-09.01.41:190][  0]LogRenderer: Reallocating scene render targets to support 1184x600 (Frame:2).
[2015.07.17-09.01.41:915][  6]LogAssetRegistry: Asset discovery search completed in 4.9429 seconds
[2015.07.17-09.01.56:009][338]LogAIModule: Creating AISystem for world StartMap
[2015.07.17-09.01.56:140][338]Cmd: MAP LOAD FILE="../../../../../../Users/phill_000/Documents/Unreal Projects/GameCreation/Content/StarterContent/Maps/StartMap.umap" TEMPLATE=0 SHOWPROGRESS=1 FEATURELEVEL=3
[2015.07.17-09.01.56:140][338]LightingResults: New page: Lighting Build
[2015.07.17-09.01.56:154][338]LogContentBrowser: Native class hierarchy updated for 'StatsViewer' in 0.0004 seconds. Added 5 classes and 0 folders.
[2015.07.17-09.01.56:179][338]LoadErrors: New page: Loading map: StartMap.umap
[2015.07.17-09.01.56:179][338]MapCheck: New page: Map Check
[2015.07.17-09.01.56:179][338]LightingResults: New page: Lighting Build
[2015.07.17-09.01.56:198][338]LogParticles: Destroying 0 GPU particle simulations for FXSystem 0x000000B0C69FAF20
[2015.07.17-09.01.56:368][338]LogAIModule: Creating AISystem for world StartMap
[2015.07.17-09.01.56:416][338]LogEditorServer: Finished looking for orphan Actors (0.000 secs)
[2015.07.17-09.01.56:442][338]Cmd: MAP CHECKDEP NOCLEARLOG
[2015.07.17-09.01.56:501][338]MapCheck: Info Map check complete: 0 Error(s), 0 Warning(s), took 59.116ms to complete.
[2015.07.17-09.01.56:503][338]LogFileHelpers: Loading map 'StartMap' took 0.372
[2015.07.17-09.02.06:146][467]LogSavePackage: Save=178.428314ms
[2015.07.17-09.02.06:146][467]LogSavePackage: Moving '../../../../../../Users/phill_000/Documents/Unreal Projects/GameCreation/Saved/StartMap8179FCA84087284AFB701D9479B15E92.tmp' to '../../../../../../Users/phill_000/Documents/Unreal Projects/GameCreation/Content/StarterContent/Maps/StartMap.umap'
[2015.07.17-09.02.50:120][560]LogWindowsTextInputMethodSystem:Display: IME system now deactivated.
[2015.07.17-09.02.50:410][561]Cmd: QUIT_EDITOR
[2015.07.17-09.02.50:834][561]LogExit: Preparing to exit.
[2015.07.17-09.02.51:518][561]LogExit: Editor shut down
[2015.07.17-09.02.51:519][561]LogExit: Transaction tracking system shut down
[2015.07.17-09.02.51:519][561]LogParticles: Destroying 0 GPU particle simulations for FXSystem 0x000000B0BA40DD00
[2015.07.17-09.02.51:519][561]LogParticles: Destroying 0 GPU particle simulations for FXSystem 0x000000B0CFEB8CC0
[2015.07.17-09.02.51:520][561]LogParticles: Destroying 0 GPU particle simulations for FXSystem 0x000000B0BA32D940
[2015.07.17-09.02.51:640][561]LogParticles: Destroying 0 GPU particle simulations for FXSystem 0x000000B0BADE36A0
[2015.07.17-09.02.51:641][561]LogExit: Object subsystem successfully closed.
[2015.07.17-09.02.51:727][561]LogModuleManager: Shutting down and abandoning module StatsViewer (188)
[2015.07.17-09.02.51:727][561]LogModuleManager: Shutting down and abandoning module CrashTracker (187)
[2015.07.17-09.02.51:727][561]LogModuleManager: Shutting down and abandoning module SceneOutliner (186)
[2015.07.17-09.02.51:727][561]LogModuleManager: Shutting down and abandoning module SuperSearch (185)
[2015.07.17-09.02.51:727][561]LogModuleManager: Shutting down and abandoning module WidgetCarousel (184)
[2015.07.17-09.02.51:727][561]LogModuleManager: Shutting down and abandoning module AddContentDialog (183)
[2015.07.17-09.02.51:728][561]LogModuleManager: Shutting down and abandoning module EditorWidgets (182)
[2015.07.17-09.02.51:728][561]LogModuleManager: Shutting down and abandoning module CollectionManager (181)
[2015.07.17-09.02.51:728][561]LogModuleManager: Shutting down and abandoning module FoliageEdit (180)
[2015.07.17-09.02.51:728][561]LogModuleManager: Shutting down and abandoning module LandscapeEditor (179)
[2015.07.17-09.02.51:728][561]LogModuleManager: Shutting down and abandoning module ActorPickerMode (178)
[2015.07.17-09.02.51:728][561]LogModuleManager: Shutting down and abandoning module GeometryMode (177)
[2015.07.17-09.02.51:728][561]LogModuleManager: Shutting down and abandoning module TextureAlignMode (176)
[2015.07.17-09.02.51:728][561]LogModuleManager: Shutting down and abandoning module BspMode (175)
[2015.07.17-09.02.51:728][561]LogModuleManager: Shutting down and abandoning module PlacementMode (174)
[2015.07.17-09.02.51:728][561]LogModuleManager: Shutting down and abandoning module AutomationWorker (173)
[2015.07.17-09.02.51:728][561]LogModuleManager: Shutting down and abandoning module CharacterAI (172)
[2015.07.17-09.02.51:728][561]LogModuleManager: Shutting down and abandoning module SmartSnapping (171)
[2015.07.17-09.02.51:728][561]LogModuleManager: Shutting down and abandoning module ViewportSnapping (170)
[2015.07.17-09.02.51:728][561]LogModuleManager: Shutting down and abandoning module LogVisualizer (169)
[2015.07.17-09.02.51:729][561]LogModuleManager: Shutting down and abandoning module GameProjectGeneration (168)
[2015.07.17-09.02.51:729][561]LogModuleManager: Shutting down and abandoning module IntroTutorials (167)
[2015.07.17-09.02.51:729][561]LogModuleManager: Shutting down and abandoning module EditorLiveStreaming (166)
[2015.07.17-09.02.51:729][561]LogModuleManager: Shutting down and abandoning module IOSPlatformEditor (165)
[2015.07.17-09.02.51:729][561]LogModuleManager: Shutting down and abandoning module HTML5PlatformEditor (164)
[2015.07.17-09.02.51:729][561]LogModuleManager: Shutting down and abandoning module AndroidDeviceDetection (163)
[2015.07.17-09.02.51:789][561]LogModuleManager: Shutting down and abandoning module AndroidPlatformEditor (162)
[2015.07.17-09.02.51:789][561]LogModuleManager: Shutting down and abandoning module IOSRuntimeSettings (161)
[2015.07.17-09.02.51:789][561]LogModuleManager: Shutting down and abandoning module AndroidRuntimeSettings (160)
[2015.07.17-09.02.51:789][561]LogModuleManager: Shutting down and abandoning module MergeActors (159)
[2015.07.17-09.02.51:789][561]LogModuleManager: Shutting down and abandoning module SizeMap (158)
[2015.07.17-09.02.51:789][561]LogModuleManager: Shutting down and abandoning module TreeMap (157)
[2015.07.17-09.02.51:789][561]LogModuleManager: Shutting down and abandoning module ReferenceViewer (156)
[2015.07.17-09.02.51:789][561]LogModuleManager: Shutting down and abandoning module LocalizationDashboard (155)
[2015.07.17-09.02.51:789][561]LogModuleManager: Shutting down and abandoning module HardwareTargeting (154)
[2015.07.17-09.02.51:789][561]LogModuleManager: Shutting down and abandoning module DeviceProfileEditor (153)
[2015.07.17-09.02.51:789][561]LogModuleManager: Shutting down and abandoning module UndoHistory (152)
[2015.07.17-09.02.51:789][561]LogModuleManager: Shutting down and abandoning module GameplayTagsEditor (151)
[2015.07.17-09.02.51:789][561]LogModuleManager: Shutting down and abandoning module UserFeedback (150)
[2015.07.17-09.02.51:789][561]LogModuleManager: Shutting down and abandoning module XmlParser (149)
[2015.07.17-09.02.51:789][561]LogModuleManager: Shutting down and abandoning module Blutility (148)
[2015.07.17-09.02.51:789][561]LogModuleManager: Shutting down and abandoning module ProjectTargetPlatformEditor (147)
[2015.07.17-09.02.51:789][561]LogModuleManager: Shutting down and abandoning module ProjectSettingsViewer (146)
[2015.07.17-09.02.51:789][561]LogModuleManager: Shutting down and abandoning module InputBindingEditor (145)
[2015.07.17-09.02.51:789][561]LogModuleManager: Shutting down and abandoning module EditorSettingsViewer (144)
[2015.07.17-09.02.51:789][561]LogModuleManager: Shutting down and abandoning module SettingsEditor (143)
[2015.07.17-09.02.51:790][561]LogModuleManager: Shutting down and abandoning module ProjectLauncher (142)
[2015.07.17-09.02.51:790][561]LogModuleManager: Shutting down and abandoning module SessionFrontend (141)
[2015.07.17-09.02.51:790][561]LogModuleManager: Shutting down and abandoning module ProfilerClient (140)
[2015.07.17-09.02.51:790][561]LogModuleManager: Shutting down and abandoning module TargetDeviceServices (139)
[2015.07.17-09.02.51:790][561]LogModuleManager: Shutting down and abandoning module DeviceManager (138)
[2015.07.17-09.02.51:790][561]LogModuleManager: Shutting down and abandoning module AutomationController (137)
[2015.07.17-09.02.51:790][561]LogModuleManager: Shutting down and abandoning module AutomationWindow (136)
[2015.07.17-09.02.51:790][561]LogModuleManager: Shutting down and abandoning module Layers (135)
[2015.07.17-09.02.51:790][561]LogModuleManager: Shutting down and abandoning module ComponentVisualizers (134)
[2015.07.17-09.02.51:790][561]LogModuleManager: Shutting down and abandoning module DetailCustomizations (133)
[2015.07.17-09.02.51:790][561]LogModuleManager: Shutting down and abandoning module PackagesDialog (132)
[2015.07.17-09.02.51:790][561]LogModuleManager: Shutting down and abandoning module AssetRegistry (131)
[2015.07.17-09.02.51:856][561]LogModuleManager: Shutting down and abandoning module Persona (130)
[2015.07.17-09.02.51:856][561]LogModuleManager: Shutting down and abandoning module Kismet (129)
[2015.07.17-09.02.51:856][561]LogModuleManager: Shutting down and abandoning module GraphEditor (128)
[2015.07.17-09.02.51:856][561]LogModuleManager: Shutting down and abandoning module ClassViewer (127)
[2015.07.17-09.02.51:856][561]LogModuleManager: Shutting down and abandoning module Toolbox (126)
[2015.07.17-09.02.51:856][561]LogModuleManager: Shutting down and abandoning module ModuleUI (125)
[2015.07.17-09.02.51:856][561]LogModuleManager: Shutting down and abandoning module MovieSceneTools (124)
[2015.07.17-09.02.51:856][561]LogModuleManager: Shutting down and abandoning module OutputLog (123)
[2015.07.17-09.02.51:856][561]LogModuleManager: Shutting down and abandoning module GammaUI (122)
[2015.07.17-09.02.51:856][561]LogModuleManager: Shutting down and abandoning module Documentation (121)
[2015.07.17-09.02.51:856][561]LogModuleManager: Shutting down and abandoning module GameLiveStreaming (120)
[2015.07.17-09.02.51:856][561]LogModuleManager: Shutting down and abandoning module StreamingPauseRendering (119)
[2015.07.17-09.02.51:856][561]LogModuleManager: Shutting down and abandoning module AnalyticsET (118)
[2015.07.17-09.02.51:856][561]LogModuleManager: Shutting down and abandoning module Analytics (117)
[2015.07.17-09.02.51:856][561]LogModuleManager: Shutting down and abandoning module AITestSuite (116)
[2015.07.17-09.02.51:856][561]LogModuleManager: Shutting down and abandoning module GameplayDebugger (115)
[2015.07.17-09.02.51:856][561]LogModuleManager: Shutting down and abandoning module AIModule (114)
[2015.07.17-09.02.51:856][561]LogModuleManager: Shutting down and abandoning module ProfilerService (113)
[2015.07.17-09.02.51:885][561]LogModuleManager: Shutting down and abandoning module TaskGraph (112)
[2015.07.17-09.02.51:885][561]LogModuleManager: Shutting down and abandoning module SlateRemote (111)
[2015.07.17-09.02.51:885][561]LogModuleManager: Shutting down and abandoning module SteamVRController (110)
[2015.07.17-09.02.51:885][561]LogModuleManager: Shutting down and abandoning module SteamVR (109)
[2015.07.17-09.02.51:885][561]LogModuleManager: Shutting down and abandoning module ProceduralMeshComponent (108)
[2015.07.17-09.02.51:885][561]LogModuleManager: Shutting down and abandoning module OculusRift (107)
[2015.07.17-09.02.51:885][561]LogModuleManager: Shutting down and abandoning module LeapMotionController (106)
[2015.07.17-09.02.51:906][561]LogModuleManager: Shutting down and abandoning module CustomMeshComponent (105)
[2015.07.17-09.02.51:906][561]LogModuleManager: Shutting down and abandoning module CableComponent (104)
[2015.07.17-09.02.51:906][561]LogModuleManager: Shutting down and abandoning module MessagingDebugger (103)
[2015.07.17-09.02.51:906][561]LogModuleManager: Shutting down and abandoning module MediaPlayerEditor (102)
[2015.07.17-09.02.51:906][561]LogModuleManager: Shutting down and abandoning module SpeedTreeImporter (101)
[2015.07.17-09.02.51:906][561]LogModuleManager: Shutting down and abandoning module PluginBrowser (100)
[2015.07.17-09.02.51:906][561]LogModuleManager: Shutting down and abandoning module EpicSurvey (99)
[2015.07.17-09.02.51:906][561]LogModuleManager: Shutting down and abandoning module DesktopPlatform (98)
[2015.07.17-09.02.51:906][561]LogModuleManager: Shutting down and abandoning module VisualStudioSourceCodeAccess (97)
[2015.07.17-09.02.51:906][561]LogModuleManager: Shutting down and abandoning module UObjectPlugin (96)
[2015.07.17-09.02.51:906][561]LogModuleManager: Shutting down and abandoning module SubversionSourceControl (95)
[2015.07.17-09.02.51:906][561]LogModuleManager: Shutting down and abandoning module PerforceSourceControl (94)
[2015.07.17-09.02.51:906][561]LogModuleManager: Shutting down and abandoning module SourceControl (93)
[2015.07.17-09.02.51:906][561]LogModuleManager: Shutting down and abandoning module GitSourceControl (92)
[2015.07.17-09.02.51:906][561]LogModuleManager: Shutting down and abandoning module BlankPlugin (91)
[2015.07.17-09.02.51:906][561]LogModuleManager: Shutting down and abandoning module PaperTiledImporter (90)
[2015.07.17-09.02.51:906][561]LogModuleManager: Shutting down and abandoning module PaperSpriteSheetImporter (89)
[2015.07.17-09.02.51:906][561]LogModuleManager: Shutting down and abandoning module MeshPaint (88)
[2015.07.17-09.02.51:906][561]LogModuleManager: Shutting down and abandoning module SlateReflector (87)
[2015.07.17-09.02.51:906][561]LogModuleManager: Shutting down and abandoning module DirectoryWatcher (86)
[2015.07.17-09.02.51:907][561]LogModuleManager: Shutting down and abandoning module HotReload (85)
[2015.07.17-09.02.51:907][561]LogModuleManager: Shutting down and abandoning module MainFrame (84)
[2015.07.17-09.02.51:907][561]LogModuleManager: Shutting down and abandoning module LevelEditor (83)
[2015.07.17-09.02.51:908][561]LogModuleManager: Shutting down and abandoning module ContentBrowser (82)
[2015.07.17-09.02.51:908][561]LogModuleManager: Shutting down and abandoning module Paper2DEditor (81)
[2015.07.17-09.02.51:908][561]LogModuleManager: Shutting down and abandoning module UdpMessaging (80)
[2015.07.17-09.02.52:009][561]LogModuleManager: Shutting down and abandoning module Paper2D (79)
[2015.07.17-09.02.52:009][561]LogModuleManager: Shutting down and abandoning module WindowsMoviePlayer (78)
[2015.07.17-09.02.52:012][561]LogModuleManager: Shutting down and abandoning module Media (77)
[2015.07.17-09.02.52:012][561]LogModuleManager: Shutting down and abandoning module WmfMedia (76)
[2015.07.17-09.02.52:012][561]LogModuleManager: Shutting down and abandoning module OnlineBlueprintSupport (75)
[2015.07.17-09.02.52:012][561]LogModuleManager: Shutting down and abandoning module PropertyEditor (74)
[2015.07.17-09.02.52:012][561]LogModuleManager: Shutting down and abandoning module BehaviorTreeEditor (73)
[2015.07.17-09.02.52:012][561]LogModuleManager: Shutting down and abandoning module FunctionalTesting (72)
[2015.07.17-09.02.52:012][561]LogModuleManager: Shutting down and abandoning module CollisionAnalyzer (71)
[2015.07.17-09.02.52:012][561]LogModuleManager: Shutting down and abandoning module WorkspaceMenuStructure (70)
[2015.07.17-09.02.52:012][561]LogModuleManager: Shutting down and abandoning module MessageLog (69)
[2015.07.17-09.02.52:012][561]LogModuleManager: Shutting down and abandoning module Sequencer (68)
[2015.07.17-09.02.52:012][561]LogModuleManager: Shutting down and abandoning module AssetTools (67)
[2015.07.17-09.02.52:013][561]LogModuleManager: Shutting down and abandoning module UMGEditor (66)
[2015.07.17-09.02.52:013][561]LogModuleManager: Shutting down and abandoning module UMG (65)
[2015.07.17-09.02.52:013][561]LogModuleManager: Shutting down and abandoning module Slate (64)
[2015.07.17-09.02.52:013][561]LogModuleManager: Shutting down and abandoning module EditorStyle (63)
[2015.07.17-09.02.52:016][561]LogModuleManager: Shutting down and abandoning module SessionServices (62)
[2015.07.17-09.02.52:016][561]LogModuleManager: Shutting down and abandoning module SourceCodeAccess (61)
[2015.07.17-09.02.52:016][561]LogModuleManager: Shutting down and abandoning module HeadMountedDisplay (60)
[2015.07.17-09.02.52:016][561]LogModuleManager: Shutting down and abandoning module XAudio2 (59)
[2015.07.17-09.02.52:016][561]LogModuleManager: Shutting down and abandoning module Networking (57)
[2015.07.17-09.02.52:016][561]LogModuleManager: Shutting down and abandoning module Core (56)
[2015.07.17-09.02.52:016][561]LogModuleManager: Shutting down and abandoning module KismetCompiler (55)
[2015.07.17-09.02.52:016][561]LogModuleManager: Shutting down and abandoning module PhysXFormats (54)
[2015.07.17-09.02.52:016][561]LogModuleManager: Shutting down and abandoning module MeshUtilities (53)
[2015.07.17-09.02.52:016][561]LogModuleManager: Shutting down and abandoning module DerivedDataCache (52)
[2015.07.17-09.02.52:106][561]LogDerivedDataCache: Shutdown
[2015.07.17-09.02.52:106][561]LogModuleManager: Shutting down and abandoning module ShaderFormatOpenGL (51)
[2015.07.17-09.02.52:107][561]LogModuleManager: Shutting down and abandoning module ShaderFormatD3D (50)
[2015.07.17-09.02.52:107][561]LogModuleManager: Shutting down and abandoning module MetalShaderFormat (49)
[2015.07.17-09.02.52:107][561]LogModuleManager: Shutting down and abandoning module TextureFormatUncompressed (48)
[2015.07.17-09.02.52:107][561]LogModuleManager: Shutting down and abandoning module TextureFormatPVR (47)
[2015.07.17-09.02.52:107][561]LogModuleManager: Shutting down and abandoning module TextureFormatIntelISPCTexComp (46)
[2015.07.17-09.02.52:107][561]LogModuleManager: Shutting down and abandoning module TextureFormatDXT (45)
[2015.07.17-09.02.52:107][561]LogModuleManager: Shutting down and abandoning module ImageWrapper (44)
[2015.07.17-09.02.52:107][561]LogModuleManager: Shutting down and abandoning module TextureFormatASTC (43)
[2015.07.17-09.02.52:107][561]LogModuleManager: Shutting down and abandoning module TextureFormatAndroid (42)
[2015.07.17-09.02.52:107][561]LogModuleManager: Shutting down and abandoning module AudioFormatOpus (41)
[2015.07.17-09.02.52:107][561]LogModuleManager: Shutting down and abandoning module AudioFormatOgg (40)
[2015.07.17-09.02.52:107][561]LogModuleManager: Shutting down and abandoning module AudioFormatADPCM (39)
[2015.07.17-09.02.52:107][561]LogModuleManager: Shutting down and abandoning module LinuxTargetPlatform (38)
[2015.07.17-09.02.52:107][561]LogModuleManager: Shutting down and abandoning module LinuxServerTargetPlatform (37)
[2015.07.17-09.02.52:107][561]LogModuleManager: Shutting down and abandoning module LinuxNoEditorTargetPlatform (36)
[2015.07.17-09.02.52:107][561]LogModuleManager: Shutting down and abandoning module Messaging (35)
[2015.07.17-09.02.52:107][561]LogModuleManager: Shutting down and abandoning module IOSTargetPlatform (34)
[2015.07.17-09.02.52:107][561]LogModuleManager: Shutting down and abandoning module HTML5TargetPlatform (33)
[2015.07.17-09.02.52:107][561]LogModuleManager: Shutting down and abandoning module Android_PVRTCTargetPlatform (32)
[2015.07.17-09.02.52:107][561]LogModuleManager: Shutting down and abandoning module Android_ETC2TargetPlatform (31)
[2015.07.17-09.02.52:107][561]LogModuleManager: Shutting down and abandoning module Android_ETC1TargetPlatform (30)
[2015.07.17-09.02.52:107][561]LogModuleManager: Shutting down and abandoning module Android_DXTTargetPlatform (29)
[2015.07.17-09.02.52:107][561]LogModuleManager: Shutting down and abandoning module Android_ATCTargetPlatform (28)
[2015.07.17-09.02.52:107][561]LogModuleManager: Shutting down and abandoning module Android_ASTCTargetPlatform (27)
[2015.07.17-09.02.52:107][561]LogModuleManager: Shutting down and abandoning module AndroidTargetPlatform (26)
[2015.07.17-09.02.52:107][561]LogModuleManager: Shutting down and abandoning module WindowsTargetPlatform (25)
[2015.07.17-09.02.52:107][561]LogModuleManager: Shutting down and abandoning module WindowsServerTargetPlatform (24)
[2015.07.17-09.02.52:107][561]LogModuleManager: Shutting down and abandoning module WindowsNoEditorTargetPlatform (23)
[2015.07.17-09.02.52:107][561]LogModuleManager: Shutting down and abandoning module WindowsClientTargetPlatform (22)
[2015.07.17-09.02.52:107][561]LogModuleManager: Shutting down and abandoning module DesktopTargetPlatform (21)
[2015.07.17-09.02.52:107][561]LogModuleManager: Shutting down and abandoning module TargetPlatform (20)
[2015.07.17-09.02.52:107][561]LogModuleManager: Shutting down and abandoning module InputCore (19)
[2015.07.17-09.02.52:107][561]LogModuleManager: Shutting down and abandoning module Settings (18)
[2015.07.17-09.02.52:107][561]LogModuleManager: Shutting down and abandoning module OnlineSubsystem (16)
[2015.07.17-09.02.52:107][561]LogModuleManager: Shutting down and abandoning module HTTP (15)
[2015.07.17-09.02.52:107][561]LogModuleManager: Shutting down and abandoning module ExampleDeviceProfileSelector (14)
[2015.07.17-09.02.52:107][561]LogModuleManager: Shutting down and abandoning module TextureCompressor (13)
[2015.07.17-09.02.52:107][561]LogModuleManager: Shutting down and abandoning module ShaderCore (12)
[2015.07.17-09.02.52:107][561]LogModuleManager: Shutting down and abandoning module Landscape (11)
[2015.07.17-09.02.52:107][561]LogModuleManager: Shutting down and abandoning module SlateRHIRenderer (10)
[2015.07.17-09.02.52:109][561]LogModuleManager: Shutting down and abandoning module OpenGLDrv (9)
[2015.07.17-09.02.52:109][561]LogModuleManager: Shutting down and abandoning module D3D11RHI (8)
[2015.07.17-09.02.52:109][561]LogModuleManager: Shutting down and abandoning module Renderer (7)
[2015.07.17-09.02.52:109][561]LogModuleManager: Shutting down and abandoning module Engine (6)
[2015.07.17-09.02.52:109][561]LogModuleManager: Shutting down and abandoning module CoreUObject (5)
[2015.07.17-09.02.52:109][561]LogModuleManager: Shutting down and abandoning module NetworkFile (4)
[2015.07.17-09.02.52:109][561]LogModuleManager: Shutting down and abandoning module StreamingFile (3)
[2015.07.17-09.02.52:109][561]LogModuleManager: Shutting down and abandoning module SandboxFile (2)
[2015.07.17-09.02.52:109][561]LogModuleManager: Shutting down and abandoning module PakFile (1)
[2015.07.17-09.02.52:110][561]LogExit: Exiting.
[2015.07.17-09.02.52:111][561]Log file closed, 07/17/15 02:02:52
