[2015.07.16-01.23.33:607][  0]Log file open, 07/15/15 18:23:33
[2015.07.16-01.23.33:607][  0]LogInit:Display: Running engine for game: GameCreation
[2015.07.16-01.23.33:607][  0]LogInit:Display: RandInit(2050424292) SRandInit(2050424293).
[2015.07.16-01.23.33:607][  0]LogTaskGraph: Started task graph with 4 named threads and 5 total threads.
[2015.07.16-01.23.33:607][  0]LogStats: Stats thread started
[2015.07.16-01.23.33:607][  0]LogInit: Version: 4.8.1-2591939+++depot+UE4-Releases+4.8
[2015.07.16-01.23.33:607][  0]LogInit: API Version: 2579680
[2015.07.16-01.23.33:607][  0]LogInit: Compiled (64-bit): Jun 18 2015 11:02:04
[2015.07.16-01.23.33:607][  0]LogInit: Compiled with Visual C++: 18.00.21005.01
[2015.07.16-01.23.33:607][  0]LogInit: Build Configuration: Development
[2015.07.16-01.23.33:607][  0]LogInit: Branch Name: ++depot+UE4-Releases+4.8
[2015.07.16-01.23.33:607][  0]LogInit: Command line: 
[2015.07.16-01.23.33:607][  0]LogInit: Base directory: C:/Program Files/Epic Games/4.8/Engine/Binaries/Win64/
[2015.07.16-01.23.33:607][  0]LogInit: Rocket: 1
[2015.07.16-01.23.33:703][  0]LogInit: Using libcurl 7.41.0
[2015.07.16-01.23.33:703][  0]LogInit:  - built for x86_64-pc-win32
[2015.07.16-01.23.33:703][  0]LogInit:  - supports SSL with WinSSL
[2015.07.16-01.23.33:703][  0]LogInit:  - other features:
[2015.07.16-01.23.33:703][  0]LogInit:      CURL_VERSION_SSL
[2015.07.16-01.23.33:703][  0]LogInit:      CURL_VERSION_IPV6
[2015.07.16-01.23.33:703][  0]LogInit:      CURL_VERSION_ASYNCHDNS
[2015.07.16-01.23.33:703][  0]LogInit:      CURL_VERSION_LARGEFILE
[2015.07.16-01.23.33:703][  0]LogInit:      CURL_VERSION_IDN
[2015.07.16-01.23.33:703][  0]LogInit:  CurlRequestOptions (configurable via config and command line):
[2015.07.16-01.23.33:703][  0]LogInit:  - bVerifyPeer = true  - Libcurl will verify peer certificate
[2015.07.16-01.23.33:703][  0]LogInit:  - bUseHttpProxy = false  - Libcurl will NOT use HTTP proxy
[2015.07.16-01.23.33:703][  0]LogInit:  - bDontReuseConnections = false  - Libcurl will reuse connections
[2015.07.16-01.23.33:703][  0]LogInit:  - CertBundlePath = nullptr  - Libcurl will use whatever was configured at build time.
[2015.07.16-01.23.33:717][  0]LogOnline:Warning: No default platform service specified for OnlineSubsystem
[2015.07.16-01.23.33:735][  0]LogInit: Presizing for 0 objects not considered by GC, pre-allocating 0 bytes.
[2015.07.16-01.23.33:744][  0]LogInit: Object subsystem initialized
[2015.07.16-01.23.33:745][  0]LogConsoleResponse:Warning: Skipping Unknown console variable: 'TranslucentSortAxis = (X=0.000000,Y=-1.000000,Z=0.000000)'
[2015.07.16-01.23.33:745][  0]LogConsoleResponse:Warning:   Found in ini file 'C:/Users/phill_000/Documents/Unreal Projects/GameCreation/Saved/Config/Windows/Engine.ini', in section '[/Script/Engine.RendererSettings]'
[2015.07.16-01.23.33:745][  0]LogConsoleResponse:Warning: Skipping Unknown console variable: 'UIScaleRule = ShortestSide'
[2015.07.16-01.23.33:745][  0]LogConsoleResponse:Warning:   Found in ini file 'C:/Users/phill_000/Documents/Unreal Projects/GameCreation/Saved/Config/Windows/Engine.ini', in section '[/Script/Engine.RendererSettings]'
[2015.07.16-01.23.33:745][  0]LogConsoleResponse:Warning: Skipping Unknown console variable: 'UIScaleCurve = (EditorCurveData=(Keys=),ExternalCurve=None)'
[2015.07.16-01.23.33:746][  0]LogConsoleResponse:Warning:   Found in ini file 'C:/Users/phill_000/Documents/Unreal Projects/GameCreation/Saved/Config/Windows/Engine.ini', in section '[/Script/Engine.RendererSettings]'
[2015.07.16-01.23.33:746][  0]LogInit: Selected Device Profile: [Windows]
[2015.07.16-01.23.33:746][  0]LogInit: Applying CVar settings loaded from the selected device profile: [Windows]
[2015.07.16-01.23.33:771][  0]LogInit: Computer: OBAMA
[2015.07.16-01.23.33:771][  0]LogInit: User: MrWong
[2015.07.16-01.23.33:771][  0]LogInit: CPU Page size=4096, Cores=2
[2015.07.16-01.23.33:771][  0]LogInit: High frequency timer resolution =3.215353 MHz
[2015.07.16-01.23.33:771][  0]LogMemory: Memory total: Physical=5.9GB (6GB approx)
[2015.07.16-01.23.33:771][  0]LogMemory: Platform Memory Stats for Windows
[2015.07.16-01.23.33:771][  0]LogMemory: Process Physical Memory: 48.07 MB used, 48.07 MB peak
[2015.07.16-01.23.33:771][  0]LogMemory: Process Virtual Memory: 21.16 MB used, 22.00 MB peak
[2015.07.16-01.23.33:771][  0]LogMemory: Physical Memory: 3550.42 MB used, 6040.27 MB total
[2015.07.16-01.23.33:771][  0]LogMemory: Virtual Memory: 293.63 MB used, 134217728.00 MB total
[2015.07.16-01.23.33:803][  0]LogTextLocalizationManager: The requested culture ('en_US') has no localization data; parent culture's ('en') localization data will be used.
[2015.07.16-01.23.34:054][  0]LogTextLocalizationManager:Warning: Loaded localization resources contain conflicting entries for (Namespace:ContentBrowser, Key:ImportAssetToolTip):
Localization Resource: (C:/Program Files/Epic Games/4.8/Engine/Content/Localization/Editor/en/Editor.locres) Source String Hash: (-630476809) Localized String: (Import to {0}...)
Localization Resource: (C:/Program Files/Epic Games/4.8/Engine/Content/Localization/Editor/en/Editor.locres) Source String Hash: (1271782899) Localized String: (Imports an asset from file to this folder.)
[2015.07.16-01.23.34:650][  0]LogD3D11RHI: Found D3D11 adapter 0: Intel(R) HD Graphics (Feature Level 11_0)
[2015.07.16-01.23.34:650][  0]LogD3D11RHI: Adapter has 32MB of dedicated video memory, 0MB of dedicated system memory, and 1760MB of shared system memory, 1 output[s]
[2015.07.16-01.23.34:653][  0]LogD3D11RHI: Found D3D11 adapter 1: Microsoft Basic Render Driver (Feature Level 11_0)
[2015.07.16-01.23.34:653][  0]LogD3D11RHI: Adapter has 0MB of dedicated video memory, 0MB of dedicated system memory, and 256MB of shared system memory, 0 output[s]
[2015.07.16-01.23.34:653][  0]LogD3D11RHI: Chosen D3D11 Adapter Id = 0
[2015.07.16-01.23.34:660][  0]LogRHI: Texture pool is 638 MB (70% of 912 MB)
[2015.07.16-01.23.34:665][  0]LogD3D11RHI: Async texture creation enabled
[2015.07.16-01.23.34:671][  0]LogShaderCompilers:Display: Using Local Shader Compiler.
[2015.07.16-01.23.35:664][  0]LogTemp:Display: Loaded TP DesktopTargetPlatform
[2015.07.16-01.23.35:683][  0]LogTemp:Display: Loaded TP WindowsClientTargetPlatform
[2015.07.16-01.23.35:699][  0]LogTemp:Display: Loaded TP WindowsNoEditorTargetPlatform
[2015.07.16-01.23.35:720][  0]LogTemp:Display: Loaded TP WindowsServerTargetPlatform
[2015.07.16-01.23.35:738][  0]LogTemp:Display: Loaded TP WindowsTargetPlatform
[2015.07.16-01.23.35:751][  0]LogTemp:Display: Loaded TP AndroidTargetPlatform
[2015.07.16-01.23.35:765][  0]LogTemp:Display: Loaded TP Android_ASTCTargetPlatform
[2015.07.16-01.23.35:779][  0]LogTemp:Display: Loaded TP Android_ATCTargetPlatform
[2015.07.16-01.23.35:794][  0]LogTemp:Display: Loaded TP Android_DXTTargetPlatform
[2015.07.16-01.23.35:808][  0]LogTemp:Display: Loaded TP Android_ETC1TargetPlatform
[2015.07.16-01.23.35:822][  0]LogTemp:Display: Loaded TP Android_ETC2TargetPlatform
[2015.07.16-01.23.35:836][  0]LogTemp:Display: Loaded TP Android_PVRTCTargetPlatform
[2015.07.16-01.23.35:891][  0]LogTemp:Display: Loaded TP IOSTargetPlatform
[2015.07.16-01.23.35:905][  0]LogTemp:Display: Loaded TP LinuxNoEditorTargetPlatform
[2015.07.16-01.23.35:918][  0]LogTemp:Display: Loaded TP LinuxServerTargetPlatform
[2015.07.16-01.23.35:936][  0]LogTemp:Display: Loaded TP LinuxTargetPlatform
[2015.07.16-01.23.35:936][  0]LogTargetPlatformManager:Display: Building Assets For Windows
[2015.07.16-01.23.36:283][  0]LogDerivedDataCache:Display: Max Cache Size: 512 MB
[2015.07.16-01.23.36:344][  0]LogDerivedDataCache: Loaded boot cache 0.06s 53MB C:/Users/phill_000/AppData/Local/UnrealEngine/4.8/DerivedDataCache/Boot.ddc.
[2015.07.16-01.23.36:344][  0]LogDerivedDataCache:Display: Loaded Boot cache: C:/Users/phill_000/AppData/Local/UnrealEngine/4.8/DerivedDataCache/Boot.ddc
[2015.07.16-01.23.36:344][  0]LogDerivedDataCache: FDerivedDataBackendGraph:  Pak pak cache file ../../../../../../Users/phill_000/Documents/Unreal Projects/GameCreation/DerivedDataCache/DDC.ddp not found, will not use a pak cache.
[2015.07.16-01.23.36:344][  0]LogDerivedDataCache: Unable to find inner node Pak for hierarchical cache Hierarchy.
[2015.07.16-01.23.36:344][  0]LogDerivedDataCache: FDerivedDataBackendGraph:  CompressedPak pak cache file ../../../../../../Users/phill_000/Documents/Unreal Projects/GameCreation/DerivedDataCache/Compressed.ddp not found, will not use a pak cache.
[2015.07.16-01.23.36:344][  0]LogDerivedDataCache: Unable to find inner node CompressedPak for hierarchical cache Hierarchy.
[2015.07.16-01.23.36:539][  0]LogDerivedDataCache:Display: Pak cache opened for reading ../../../Engine/DerivedDataCache/Compressed.ddp.
[2015.07.16-01.23.36:551][  0]LogDerivedDataCache: Using Local data cache path C:/Users/phill_000/AppData/Local/UnrealEngine/Common/DerivedDataCache: Writable
[2015.07.16-01.23.36:934][  0]LogInit: Selected Device Profile: [Windows]
[2015.07.16-01.23.37:036][  0]ImportText (ComponentSweepMultiTests): Missing closing parenthesis: (RootShapeAsset="/Engine/BasicShapes/Cube.Cube",ShapeType="TriggerCapsule",HitResult=(Time=0.50,Location=(X=-100.000015,Y=0.0,Z=100.000015),ImpactPoint=(X=-50.0,Y=0.0,Z=50.0),Normal=(X=-1.0,Y=-0.0,Z=0.0),ImpactNormal=(X=0.0,Y=0.0,Z=1.0),TraceStart=(X=-200.0,Y=0.0,Z=200.0),TraceEnd=(X=0.0,Y=0.0,Z=0.0))
[2015.07.16-01.23.37:037][  0]ImportText (LineTraceSingleByChannelTests): Missing closing parenthesis: (RootShapeAsset="/Engine/BasicShapes/Cube.Cube",HitResult=(Time=0.50,Location=(X=-100.000015,Y=0.0,Z=100.000015),ImpactPoint=(X=-50.0,Y=0.0,Z=50.0),Normal=(X=-1.0,Y=-0.0,Z=0.0),ImpactNormal=(X=0.0,Y=0.0,Z=1.0),TraceStart=(X=-200.0,Y=0.0,Z=200.0),TraceEnd=(X=0.0,Y=0.0,Z=0.0))
[2015.07.16-01.23.37:082][  0]LogMeshUtilities: No automatic mesh reduction module available
[2015.07.16-01.23.37:082][  0]LogMeshUtilities: No automatic mesh merging module available
[2015.07.16-01.23.37:499][  0]LogInit: WinSock: version 1.1 (2.2), MaxSocks=32767, MaxUdp=65467
[2015.07.16-01.23.39:272][  0]UdpMessaging: Initializing bridge on interface 0.0.0.0:0 to multicast group 230.0.0.1:6666.
[2015.07.16-01.23.40:044][  0]SourceControl: Info Source control is disabled
[2015.07.16-01.23.40:061][  0]SourceControl: Info Source control is disabled
[2015.07.16-01.23.40:114][  0]SourceControl: Info Source control is disabled
[2015.07.16-01.23.40:166][  0]SourceControl: Info Source control is disabled
[2015.07.16-01.23.40:740][  0]LogObj: 26273 objects as part of root set at end of initial load.
[2015.07.16-01.23.40:740][  0]LogUObjectAllocator: 5409248 out of 0 bytes used by permanent object pool.
[2015.07.16-01.23.40:891][  0]LogEngine: Initializing Engine...
[2015.07.16-01.23.40:894][  0]LogHMD: Can't find Oculus library dev build: is proper Runtime installed? Version: 0.6.0.0
[2015.07.16-01.23.40:911][  0]LogHMD:Warning: SteamVR failed to initialize.  Error: 110
[2015.07.16-01.23.41:123][  0]LogAIModule: Creating AISystem for world NewWorld
[2015.07.16-01.23.41:128][  0]LogInit: XAudio2 using 'Speakers (Realtek High Definition Audio)' : 2 channels at 48 kHz using 32 bits per sample (channel mask 0x3)
[2015.07.16-01.23.41:143][  0]LogInit: FAudioDevice initialized.
[2015.07.16-01.23.41:175][  0]LogDerivedDataCache: Saved boot cache 0.03s 53MB C:/Users/phill_000/AppData/Local/UnrealEngine/4.8/DerivedDataCache/Boot.ddc.
[2015.07.16-01.23.41:179][  0]LogInit: Texture streaming: Disabled
[2015.07.16-01.23.41:223][  0]LogAnalytics: Creating configured Analytics provider AnalyticsET
[2015.07.16-01.23.41:224][  0]LogAnalytics: [UEEditor.Rocket.Release] APIServer = http://et2.epicgames.com/ET2/. AppVersion = 4.8.1-2591939+++depot+UE4-Releases+4.8
[2015.07.16-01.23.41:224][  0]LogAnalytics: [UEEditor.Rocket.Release] SetUserId 7c26e5e44b982c07ae34b491ad0b3606|e04a3ea4d3094879af4d972fbc4dc761|30abedbd-5fcf-444a-8f58-71a6c0f51a48
[2015.07.16-01.23.41:224][  0]LogAnalytics: [UEEditor.Rocket.Release] AnalyticsET::StartSession
[2015.07.16-01.23.41:276][  0]LogInit: Transaction tracking system initialized
[2015.07.16-01.23.41:627][  0]BlueprintLog: New page: Editor Load
[2015.07.16-01.23.41:700][  0]LogAssetRegistry: FAssetRegistry took 0.0105 seconds to start up
[2015.07.16-01.23.41:700][  0]LogDirectoryWatcher:Warning: Failed to begin reading directory changes for ../../../Engine/Plugins/Experimental/CharacterAI/Content/. Error: 0
[2015.07.16-01.23.43:896][  0]LogConsoleManager:Warning: Console variable 'r.VSync' wasn't set ('GameSetting' has a lower priority than 'SystemSettingsIni')
[2015.07.16-01.23.43:896][  0]LogConsoleResponse:Display: 
[2015.07.16-01.23.44:082][  0]LogCook:Display: Done creating registry. It took  0.00s.
[2015.07.16-01.23.44:531][  0]SourceControl: Info Source control is disabled
[2015.07.16-01.23.44:531][  0]Cmd: MAP LOAD FILE="../../../../../../Users/phill_000/Documents/Unreal Projects/GameCreation/Content/StarterContent/Maps/Minimal_Default.umap" TEMPLATE=0 SHOWPROGRESS=1 FEATURELEVEL=3
[2015.07.16-01.23.44:531][  0]LogEditorServer:Warning: Can't find file '../../../../../../Users/phill_000/Documents/Unreal Projects/GameCreation/Content/StarterContent/Maps/Minimal_Default.umap'
[2015.07.16-01.23.44:532][  0]Cmd: MAP CHECKDEP NOCLEARLOG
[2015.07.16-01.23.44:597][  0]MapCheck: Info Map check complete: 0 Error(s), 0 Warning(s), took 65.789ms to complete.
[2015.07.16-01.23.44:597][  0]LogFileHelpers: Loading map 'Minimal_Default' took 0.066
[2015.07.16-01.23.44:924][  0]LogCollectionManager: Loaded 0 collections in 0.002229 seconds
[2015.07.16-01.23.44:931][  0]LogContentBrowser: Native class hierarchy populated in 0.0068 seconds. Added 1792 classes and 301 folders.
[2015.07.16-01.23.45:103][  0]LogContentBrowser: Native class hierarchy updated for 'WidgetCarousel' in 0.0005 seconds. Added 0 classes and 0 folders.
[2015.07.16-01.23.45:556][  0]LogContentBrowser: Native class hierarchy updated for 'AddContentDialog' in 0.0003 seconds. Added 0 classes and 0 folders.
[2015.07.16-01.23.45:773][  0]LogCrashTracker: Crashtracker disabled due to settings.
[2015.07.16-01.23.45:797][  0]LogUObjectGlobals:Warning: Failed to find object 'Class None.'
[2015.07.16-01.23.45:820][  0]LogLoad: Full Startup: 14.61 seconds (BP compile: 0.09 seconds)
[2015.07.16-01.23.46:367][  0]LogContentStreaming: Texture pool size is 0.000000MB
[2015.07.16-01.23.46:393][  0]LogContentStreaming: Texture pool size now 200 MB
[2015.07.16-01.23.46:638][  2]LogRenderer: Reallocating scene render targets to support 416x664 (Frame:2).
[2015.07.16-01.23.48:257][  6]LogAssetRegistry: Asset discovery search completed in 6.5673 seconds
[2015.07.16-01.26.56:844][973]LogAIModule: Creating AISystem for world StartMap
[2015.07.16-01.26.56:945][973]Cmd: MAP LOAD FILE="../../../../../../Users/phill_000/Documents/Unreal Projects/GameCreation/Content/StarterContent/Maps/StartMap.umap" TEMPLATE=0 SHOWPROGRESS=1 FEATURELEVEL=3
[2015.07.16-01.26.56:945][973]LightingResults: New page: Lighting Build
[2015.07.16-01.26.56:963][973]LogContentBrowser: Native class hierarchy updated for 'StatsViewer' in 0.0005 seconds. Added 5 classes and 0 folders.
[2015.07.16-01.26.56:989][973]LoadErrors: New page: Loading map: StartMap.umap
[2015.07.16-01.26.56:989][973]MapCheck: New page: Map Check
[2015.07.16-01.26.56:989][973]LightingResults: New page: Lighting Build
[2015.07.16-01.26.57:006][973]LogParticles: Destroying 0 GPU particle simulations for FXSystem 0x000000B43593EF20
[2015.07.16-01.26.57:105][973]LogAIModule: Creating AISystem for world StartMap
[2015.07.16-01.26.57:126][973]LogEditorServer: Finished looking for orphan Actors (0.000 secs)
[2015.07.16-01.26.57:156][973]Cmd: MAP CHECKDEP NOCLEARLOG
[2015.07.16-01.26.57:226][973]MapCheck: Info Map check complete: 0 Error(s), 0 Warning(s), took 69.758ms to complete.
[2015.07.16-01.26.57:226][973]LogFileHelpers: Loading map 'StartMap' took 0.283
[2015.07.16-07.01.44:850][168]LogRenderer: Reallocating scene render targets to support 832x664 (Frame:1216).
[2015.07.16-07.01.48:915][312]LogRenderer: Reallocating scene render targets to support 1184x744 (Frame:1287).
[2015.07.16-07.02.28:014][874]LogRenderer: Reallocating scene render targets to support 1184x928 (Frame:1657).
[2015.07.16-07.02.37:010][ 18]LogActorFactory: Actor Factory created Pillar_50x500
[2015.07.16-07.02.47:583][121]LogActorFactory: Actor Factory created Pillar_50x500
[2015.07.16-07.02.51:292][154]LogEditorViewport: Clicking on Actor (LMB): StaticMeshActor (Pillar_50x500)
[2015.07.16-07.03.11:200][348]LogEditorViewport: Clicking on Actor (LMB): StaticMeshActor (Pillar_50x500)
[2015.07.16-07.04.29:004][301]LogEditorViewport: Clicking on Actor (LMB): StaticMeshActor (Pillar_50x500)
[2015.07.16-07.04.36:802][379]LogEditorViewport: Clicking on Actor (LMB): StaticMeshActor (Pillar_50x500)
[2015.07.16-07.04.53:753][538]LogEditorViewport: Clicking on Actor (LMB): StaticMeshActor (Pillar_50x500)
[2015.07.16-07.05.07:482][665]LogEditorViewport: Clicking on Actor (LMB): StaticMeshActor (Pillar_50x500)
[2015.07.16-07.05.42:033][999]LogEditorViewport: Clicking on Actor (LMB): StaticMeshActor (Pillar_50x500)
[2015.07.16-07.05.44:668][ 26]LogEditorViewport: Clicking on Actor (LMB): StaticMeshActor (Pillar_50x500)
[2015.07.16-07.05.45:550][ 35]LogEditorViewport: Clicking on Actor (LMB): StaticMeshActor (Pillar_50x500)
[2015.07.16-07.05.45:761][ 35]LogEditorViewport: Clicking on Component (LMB): StaticMeshComponent (StaticMeshComponent0)
[2015.07.16-07.05.48:796][ 67]LogEditorViewport: Clicking on Component (LMB): StaticMeshComponent (StaticMeshComponent0)
[2015.07.16-07.05.48:985][ 67]LogEditorViewport: Clicking on Actor (double click): StaticMeshActor (Pillar_50x500)
[2015.07.16-07.05.49:364][ 71]LogEditorViewport: Clicking on Actor (LMB): StaticMeshActor (Pillar_50x500)
[2015.07.16-07.05.49:454][ 71]LogEditorViewport: Clicking on Component (LMB): StaticMeshComponent (StaticMeshComponent0)
[2015.07.16-07.05.49:842][ 77]LogEditorViewport: Clicking on Component (LMB): StaticMeshComponent (StaticMeshComponent0)
[2015.07.16-07.05.50:134][ 77]LogEditorViewport: Clicking on Actor (double click): StaticMeshActor (Pillar_50x500)
[2015.07.16-07.05.50:173][ 78]LogEditorViewport: Clicking on Actor (LMB): StaticMeshActor (Pillar_50x500)
[2015.07.16-07.05.50:282][ 78]LogEditorViewport: Clicking on Component (LMB): StaticMeshComponent (StaticMeshComponent0)
[2015.07.16-07.05.50:771][ 85]LogEditorViewport: Clicking on Component (LMB): StaticMeshComponent (StaticMeshComponent0)
[2015.07.16-07.05.51:063][ 85]LogEditorViewport: Clicking on Actor (double click): StaticMeshActor (Pillar_50x500)
[2015.07.16-07.05.51:219][ 87]LogEditorViewport: Clicking on Actor (LMB): StaticMeshActor (Pillar_50x500)
[2015.07.16-07.05.51:330][ 87]LogEditorViewport: Clicking on Component (LMB): StaticMeshComponent (StaticMeshComponent0)
[2015.07.16-07.05.52:039][ 96]LogEditorViewport: Clicking on Component (LMB): StaticMeshComponent (StaticMeshComponent0)
[2015.07.16-07.05.52:315][ 96]LogEditorViewport: Clicking on Actor (double click): StaticMeshActor (Pillar_50x500)
[2015.07.16-07.05.52:473][ 98]LogEditorViewport: Clicking on Actor (LMB): StaticMeshActor (Pillar_50x500)
[2015.07.16-07.05.56:187][135]LogEditorViewport: Clicking on Actor (LMB): StaticMeshActor (Pillar_50x500)
[2015.07.16-07.05.56:374][135]LogEditorViewport: Clicking on Component (LMB): StaticMeshComponent (StaticMeshComponent0)
[2015.07.16-07.05.56:749][139]LogEditorViewport: Clicking on Component (LMB): StaticMeshComponent (StaticMeshComponent0)
[2015.07.16-07.05.56:838][139]LogEditorViewport: Clicking on Actor (double click): StaticMeshActor (Pillar_50x500)
[2015.07.16-07.05.56:993][141]LogEditorViewport: Clicking on Actor (LMB): StaticMeshActor (Pillar_50x500)
[2015.07.16-07.05.57:103][141]LogEditorViewport: Clicking on Component (LMB): StaticMeshComponent (StaticMeshComponent0)
[2015.07.16-07.05.57:370][144]LogEditorViewport: Clicking on Component (LMB): StaticMeshComponent (StaticMeshComponent0)
[2015.07.16-07.05.57:559][144]LogEditorViewport: Clicking on Actor (double click): StaticMeshActor (Pillar_50x500)
[2015.07.16-07.05.57:821][148]LogEditorViewport: Clicking on Actor (LMB): StaticMeshActor (Pillar_50x500)
[2015.07.16-07.05.58:461][152]LogEditorViewport: Clicking on Component (LMB): StaticMeshComponent (StaticMeshComponent0)
[2015.07.16-07.05.59:282][160]LogEditorViewport: Clicking on Actor (double click): Brush (Box Brush12)
[2015.07.16-07.06.00:502][174]LogEditorViewport: Clicking on Actor (LMB): StaticMeshActor (Pillar_50x500)
[2015.07.16-07.06.00:689][174]LogEditorViewport: Clicking on Component (LMB): StaticMeshComponent (StaticMeshComponent0)
[2015.07.16-07.06.01:074][178]LogEditorViewport: Clicking on Component (LMB): StaticMeshComponent (StaticMeshComponent0)
[2015.07.16-07.06.01:164][178]LogEditorViewport: Clicking on Actor (double click): StaticMeshActor (Pillar_50x500)
[2015.07.16-07.06.01:645][183]LogEditorViewport: Clicking on Actor (LMB): StaticMeshActor (Pillar_50x500)
[2015.07.16-07.06.01:735][183]LogEditorViewport: Clicking on Component (LMB): StaticMeshComponent (StaticMeshComponent0)
[2015.07.16-07.06.02:564][194]LogEditorViewport: Clicking on Component (LMB): StaticMeshComponent (StaticMeshComponent0)
[2015.07.16-07.06.02:856][194]LogEditorViewport: Clicking on Actor (double click): StaticMeshActor (Pillar_50x500)
[2015.07.16-07.07.35:204][832]Cmd: TRANSACTION UNDO
[2015.07.16-07.07.35:204][832]LogEditorTransaction: Undo Select Surfaces
[2015.07.16-07.07.36:434][874]Cmd: TRANSACTION UNDO
[2015.07.16-07.07.36:434][874]LogEditorTransaction: Undo Create Actors
[2015.07.16-07.07.36:490][874]LogActorComponent: ~FComponentReregisterContext: (/Game/StarterContent/Maps/StartMap.StartMap:PersistentLevel.ModelComponent_56) Component already registered.
[2015.07.16-07.07.46:097][116]Cmd: TRANSACTION UNDO
[2015.07.16-07.07.46:097][116]LogEditorTransaction: Undo Create Actors
[2015.07.16-07.07.46:215][116]LogActorComponent: ~FComponentReregisterContext: (/Game/StarterContent/Maps/StartMap.StartMap:PersistentLevel.ModelComponent_56) Component already registered.
[2015.07.16-07.07.49:672][170]LogEditorViewport: Clicking on Actor (LMB): StaticMeshActor (Pillar_50x500)
[2015.07.16-07.08.22:635][513]LogEditorViewport: Clicking on Actor (LMB): StaticMeshActor (Pillar_50x500)
[2015.07.16-07.08.35:838][646]LogEditorViewport: Clicking on Actor (LMB): StaticMeshActor (Pillar_50x500)
[2015.07.16-07.08.41:850][705]LogEditorViewport: Clicking on Actor (LMB): StaticMeshActor (Pillar_50x500)
[2015.07.16-07.09.04:031][922]LogEditorViewport: Clicking on Actor (LMB): StaticMeshActor (Pillar_50x501)
[2015.07.16-07.09.54:596][416]LogEditorViewport: Clicking on Actor (LMB): StaticMeshActor (Pillar_50x500)
[2015.07.16-07.09.57:364][443]LogEditorViewport: Clicking on Actor (CTRL LMB): StaticMeshActor (Pillar_50x502)
[2015.07.16-07.10.22:986][690]LogEditorViewport: Clicking on Actor (LMB): StaticMeshActor (Pillar_50x500)
[2015.07.16-07.10.27:403][733]LogEditorViewport: Clicking on Actor (CTRL LMB): StaticMeshActor (Pillar_50x502)
[2015.07.16-07.10.29:025][749]LogEditorViewport: Clicking on Actor (CTRL LMB): StaticMeshActor (Pillar_50x501)
[2015.07.16-07.11.50:020][517]LogEditorViewport: Clicking on Actor (LMB): StaticMeshActor (Pillar_50x502)
[2015.07.16-07.11.53:461][550]LogEditorViewport: Clicking on Actor (LMB): StaticMeshActor (Pillar_50x503)
[2015.07.16-07.11.56:313][577]LogEditorViewport: Clicking on Actor (CTRL LMB): StaticMeshActor (Pillar_50x505)
[2015.07.16-07.11.57:884][592]LogEditorViewport: Clicking on Actor (CTRL LMB): StaticMeshActor (Pillar_50x504)
[2015.07.16-07.12.52:424][102]LogEditorViewport: Clicking on Actor (LMB): StaticMeshActor (Pillar_50x504)
[2015.07.16-07.13.56:984][706]LogEditorViewport: Clicking on Actor (LMB): StaticMeshActor (Pillar_50x505)
[2015.07.16-07.14.08:331][817]LogEditorViewport: Clicking on Actor (LMB): StaticMeshActor (Pillar_50x505)
[2015.07.16-07.14.28:222][ 37]LogEditorViewport: Clicking on Actor (LMB): BP_Sky_Sphere_C (Sky Sphere2)
[2015.07.16-07.14.29:549][ 53]LogEditorViewport: Clicking on Actor (LMB): BP_Sky_Sphere_C (Sky Sphere2)
[2015.07.16-07.14.56:541][331]LogEditorViewport: Clicking on Actor (LMB): StaticMeshActor (Pillar_50x503)
[2015.07.16-07.15.01:999][382]LogEditorViewport: Clicking on Actor (context menu): StaticMeshActor (Pillar_50x503)
[2015.07.16-07.15.09:666][474]LogEditorViewport: Clicking on Actor (LMB): StaticMeshActor (Pillar_50x503)
[2015.07.16-07.15.48:200][857]LogEditorViewport: Clicking on Actor (LMB): StaticMeshActor (Pillar_50x508)
[2015.07.16-07.17.26:084][661]LogSavePackage: Save=82.063148ms
[2015.07.16-07.17.26:084][661]LogSavePackage: Moving '../../../../../../Users/phill_000/Documents/Unreal Projects/GameCreation/Saved/StartMap_Auto13AAF327A4C9056DA632E41B7F0F1D1CD.tmp' to '../../../../../../Users/phill_000/Documents/Unreal Projects/GameCreation/Saved/Autosaves/Game/StarterContent/Maps/StartMap_Auto1.umap'
[2015.07.16-07.17.26:100][661]LogFileHelpers: Editor autosave (incl. sublevels) for '/Game/StarterContent/Maps/StartMap' took 0.342
[2015.07.16-07.17.26:100][661]LogFileHelpers: Editor autosave (incl. sublevels) for all levels took 0.342
[2015.07.16-08.05.18:555][790]LogContentBrowser: Native class hierarchy updated for 'SceneOutliner' in 0.0005 seconds. Added 1 classes and 2 folders.
[2015.07.16-08.05.31:078][925]LogEditorViewport: Clicking on Actor (LMB): BP_Sky_Sphere_C (Sky Sphere2)
[2015.07.16-08.05.32:267][943]LogEditorViewport: Clicking on Actor (LMB): BP_Sky_Sphere_C (Sky Sphere2)
[2015.07.16-08.05.37:797][ 19]LogEditorViewport: Clicking on Actor (LMB): DirectionalLight (Light Source)
[2015.07.16-08.06.49:654][919]LogEditorViewport: Clicking on Actor (context menu): DirectionalLight (Light Source)
[2015.07.16-08.06.50:217][932]LogEditorViewport: Clicking on Actor (LMB): BP_Sky_Sphere_C (Sky Sphere2)
[2015.07.16-08.06.52:075][955]LogEditorViewport: Clicking on Actor (LMB): DirectionalLight (Light Source)
[2015.07.16-08.07.40:818][537]LogEditorViewport: Clicking on Actor (LMB): BP_Sky_Sphere_C (Sky Sphere2)
[2015.07.16-08.07.41:707][546]LogEditorViewport: Clicking on Actor (LMB): DirectionalLight (Light Source)
[2015.07.16-08.08.03:730][776]LogEditorViewport: Clicking on Actor (LMB): PointLight (PointLight)
[2015.07.16-08.08.08:693][889]LogEditorViewport: Clicking on Actor (LMB): PointLight (PointLight)
[2015.07.16-08.08.11:052][911]Cmd: DELETE
[2015.07.16-08.08.11:052][911]Cmd: ACTOR DELETE
[2015.07.16-08.08.11:201][911]LogEditorActor: Deleted Actor: PointLight
[2015.07.16-08.08.11:249][911]LogEditorActor: Deleted 1 Actors (0.056 secs)
[2015.07.16-08.08.15:594][958]LogEditorViewport: Clicking on Actor (LMB): PointLight (PointLight2)
[2015.07.16-08.08.16:389][967]Cmd: DELETE
[2015.07.16-08.08.16:389][967]Cmd: ACTOR DELETE
[2015.07.16-08.08.16:391][967]LogEditorActor: Deleted Actor: PointLight
[2015.07.16-08.08.16:518][967]LogEditorActor: Deleted 1 Actors (0.128 secs)
[2015.07.16-08.08.27:158][ 83]LogEditorViewport: Clicking on Actor (LMB): PointLight (PointLight1)
[2015.07.16-08.08.29:245][108]Cmd: DELETE
[2015.07.16-08.08.29:245][108]Cmd: ACTOR DELETE
[2015.07.16-08.08.29:246][108]LogEditorActor: Deleted Actor: PointLight
[2015.07.16-08.08.29:365][108]LogEditorActor: Deleted 1 Actors (0.120 secs)
[2015.07.16-08.08.36:599][197]LogEditorViewport: Clicking on Actor (LMB): PointLight (PointLight8)
[2015.07.16-08.08.38:503][219]Cmd: DELETE
[2015.07.16-08.08.38:503][219]Cmd: ACTOR DELETE
[2015.07.16-08.08.38:505][219]LogEditorActor: Deleted Actor: PointLight
[2015.07.16-08.08.38:628][219]LogEditorActor: Deleted 1 Actors (0.124 secs)
[2015.07.16-08.09.40:553][805]LogSavePackage: Save=68.176338ms
[2015.07.16-08.09.40:553][805]LogSavePackage: Moving '../../../../../../Users/phill_000/Documents/Unreal Projects/GameCreation/Saved/StartMap_Auto2F1380DFA417C35B36B4320BF3FA6E68C.tmp' to '../../../../../../Users/phill_000/Documents/Unreal Projects/GameCreation/Saved/Autosaves/Game/StarterContent/Maps/StartMap_Auto2.umap'
[2015.07.16-08.09.40:557][805]LogFileHelpers: Editor autosave (incl. sublevels) for '/Game/StarterContent/Maps/StartMap' took 0.132
[2015.07.16-08.09.40:557][805]LogFileHelpers: Editor autosave (incl. sublevels) for all levels took 0.132
[2015.07.16-08.29.14:519][457]LogEditorViewport: Clicking on Actor (LMB): DirectionalLight (Light Source)
[2015.07.16-08.29.15:998][475]LogEditorViewport: Clicking on Actor (LMB): DirectionalLight (Light Source)
[2015.07.16-08.29.35:600][695]LogEditorViewport: Clicking on Actor (LMB): BP_Sky_Sphere_C (Sky Sphere2)
[2015.07.16-08.30.45:247][255]LogSavePackage: Save=90.509811ms
[2015.07.16-08.30.45:247][255]LogSavePackage: Moving '../../../../../../Users/phill_000/Documents/Unreal Projects/GameCreation/Saved/StartMap_Auto36B344185457CFCE92FEACF927651DB5E.tmp' to '../../../../../../Users/phill_000/Documents/Unreal Projects/GameCreation/Saved/Autosaves/Game/StarterContent/Maps/StartMap_Auto3.umap'
[2015.07.16-08.30.45:255][255]LogFileHelpers: Editor autosave (incl. sublevels) for '/Game/StarterContent/Maps/StartMap' took 0.210
[2015.07.16-08.30.45:255][255]LogFileHelpers: Editor autosave (incl. sublevels) for all levels took 0.210
[2015.07.16-08.31.52:914][709]LogActorFactory: Actor Factory created SM_PillarFrame300
[2015.07.16-08.31.58:421][777]LogActorFactory: Actor Factory created SM_PillarFrame300
[2015.07.16-08.32.04:381][853]LogEditorViewport: Clicking on Actor (LMB): StaticMeshActor (SM_PillarFrame300)
[2015.07.16-08.32.37:067][283]LogEditorViewport: Clicking on Actor (LMB): StaticMeshActor (SM_PillarFrame300)
[2015.07.16-08.34.15:372][610]LogEditorViewport: Clicking on Actor (LMB): StaticMeshActor (SM_PillarFrame300)
[2015.07.16-08.34.37:575][905]LogEditorViewport: Clicking on Actor (LMB): StaticMeshActor (SM_PillarFrame301)
[2015.07.16-08.36.00:902][ 13]LogEditorViewport: Clicking on Actor (LMB): StaticMeshActor (SM_PillarFrame300)
[2015.07.16-08.36.08:760][119]LogEditorViewport: Clicking on Actor (LMB): StaticMeshActor (SM_PillarFrame300)
[2015.07.16-08.39.21:086][547]LogActorFactory: Actor Factory created SM_PillarFrame300
[2015.07.16-08.39.27:620][655]LogActorFactory: Actor Factory created SM_PillarFrame300
[2015.07.16-08.39.30:276][692]LogActorFactory: Actor Factory created SM_PillarFrame300
[2015.07.16-08.41.12:216][ 85]LogEditorViewport: Clicking on Actor (LMB): StaticMeshActor (SM_PillarFrame304)
[2015.07.16-08.41.13:409][102]Cmd: DELETE
[2015.07.16-08.41.13:409][102]Cmd: ACTOR DELETE
[2015.07.16-08.41.13:410][102]LogEditorActor: Deleted Actor: StaticMeshActor
[2015.07.16-08.41.13:497][102]LogEditorActor: Deleted 1 Actors (0.088 secs)
[2015.07.16-08.41.52:173][232]LogSavePackage: Save=97.205811ms
[2015.07.16-08.41.52:173][232]LogSavePackage: Moving '../../../../../../Users/phill_000/Documents/Unreal Projects/GameCreation/Saved/StartMap_Auto40F59ABB44DCF55E45943979714AACF68.tmp' to '../../../../../../Users/phill_000/Documents/Unreal Projects/GameCreation/Saved/Autosaves/Game/StarterContent/Maps/StartMap_Auto4.umap'
[2015.07.16-08.41.52:176][232]LogFileHelpers: Editor autosave (incl. sublevels) for '/Game/StarterContent/Maps/StartMap' took 0.159
[2015.07.16-08.41.52:176][232]LogFileHelpers: Editor autosave (incl. sublevels) for all levels took 0.159
[2015.07.16-11.29.37:533][260]LogEditorViewport: Clicking on Actor (LMB): StaticMeshActor (SM_PillarFrame301)
[2015.07.16-11.29.55:588][500]LogActorFactory: Actor Factory created SM_PillarFrame300
[2015.07.16-11.30.00:826][573]LogActorFactory: Actor Factory created SM_PillarFrame300
[2015.07.16-11.30.04:605][626]LogEditorViewport: Clicking on Actor (LMB): StaticMeshActor (SM_PillarFrame304)
[2015.07.16-11.30.09:057][683]LogEditorViewport: Clicking on Actor (LMB): StaticMeshActor (SM_PillarFrame304)
[2015.07.16-11.30.36:288][ 46]LogEditorViewport: Clicking on Actor (LMB): StaticMeshActor (SM_PillarFrame304)
[2015.07.16-11.31.02:272][396]LogEditorViewport: Clicking on Actor (LMB): StaticMeshActor (SM_PillarFrame304)
[2015.07.16-11.31.02:459][396]LogEditorViewport: Clicking on Component (LMB): StaticMeshComponent (StaticMeshComponent0)
[2015.07.16-11.31.21:946][658]LogEditorViewport: Clicking on Component (LMB): StaticMeshComponent (StaticMeshComponent0)
[2015.07.16-11.31.24:407][689]LogEditorViewport: Clicking on Actor (LMB): StaticMeshActor (SM_PillarFrame304)
[2015.07.16-11.31.30:899][774]LogEditorViewport: Clicking on Actor (LMB): StaticMeshActor (SM_PillarFrame304)
[2015.07.16-11.31.32:412][793]LogEditorViewport: Clicking on Actor (context menu): StaticMeshActor (SM_PillarFrame304)
[2015.07.16-11.31.33:484][827]LogEditorViewport: Clicking on Actor (LMB): StaticMeshActor (SM_PillarFrame304)
[2015.07.16-11.31.35:259][852]Cmd: DELETE
[2015.07.16-11.31.35:259][852]Cmd: ACTOR DELETE
[2015.07.16-11.31.35:261][852]LogEditorActor: Deleted Actor: StaticMeshActor
[2015.07.16-11.31.35:356][852]LogEditorActor: Deleted 1 Actors (0.096 secs)
[2015.07.16-11.33.02:252][226]LogActorFactory: Actor Factory created Pillar_50x500
[2015.07.16-11.33.03:150][237]LogActorFactory: Actor Factory created Pillar_50x500
[2015.07.16-11.34.29:093][392]LogEditorViewport: Clicking on Actor (LMB): StaticMeshActor (Pillar_50x509)
[2015.07.16-11.34.45:255][599]LogEditorViewport: Clicking on Actor (LMB): StaticMeshActor (Pillar_50x509)
[2015.07.16-11.35.15:725][993]LogEditorViewport: Clicking on Actor (LMB): StaticMeshActor (Pillar_50x509)
[2015.07.16-11.35.25:205][116]LogEditorViewport: Clicking on Actor (LMB): StaticMeshActor (Pillar_50x509)
[2015.07.16-11.35.26:324][130]LogEditorViewport: Clicking on Actor (LMB): StaticMeshActor (Pillar_50x509)
[2015.07.16-11.35.26:457][130]LogEditorViewport: Clicking on Component (LMB): StaticMeshComponent (StaticMeshComponent0)
[2015.07.16-11.35.28:981][164]LogEditorViewport: Clicking on Component (LMB): StaticMeshComponent (StaticMeshComponent0)
[2015.07.16-11.35.29:116][164]LogEditorViewport: Clicking on Actor (double click): StaticMeshActor (Pillar_50x509)
[2015.07.16-11.35.29:733][174]LogEditorViewport: Clicking on Actor (LMB): StaticMeshActor (Pillar_50x509)
[2015.07.16-11.35.29:946][174]LogEditorViewport: Clicking on Component (LMB): StaticMeshComponent (StaticMeshComponent0)
[2015.07.16-11.35.30:564][183]LogEditorViewport: Clicking on Component (LMB): StaticMeshComponent (StaticMeshComponent0)
[2015.07.16-11.35.30:699][183]LogEditorViewport: Clicking on Actor (double click): StaticMeshActor (Pillar_50x509)
[2015.07.16-11.35.31:237][191]LogEditorViewport: Clicking on Actor (LMB): StaticMeshActor (Pillar_50x509)
[2015.07.16-11.35.31:371][191]LogEditorViewport: Clicking on Component (LMB): StaticMeshComponent (StaticMeshComponent0)
[2015.07.16-11.35.31:919][199]LogEditorViewport: Clicking on Component (LMB): StaticMeshComponent (StaticMeshComponent0)
[2015.07.16-11.35.32:055][199]LogEditorViewport: Clicking on Actor (double click): StaticMeshActor (Pillar_50x509)
[2015.07.16-11.35.36:076][254]LogEditorViewport: Clicking on Actor (LMB): StaticMeshActor (Pillar_50x509)
[2015.07.16-11.35.36:275][254]LogEditorViewport: Clicking on Component (LMB): StaticMeshComponent (StaticMeshComponent0)
[2015.07.16-11.35.36:537][257]LogEditorViewport: Clicking on Component (LMB): StaticMeshComponent (StaticMeshComponent0)
[2015.07.16-11.35.36:602][257]LogEditorViewport: Clicking on Actor (double click): StaticMeshActor (Pillar_50x509)
[2015.07.16-11.35.36:922][263]LogEditorViewport: Clicking on Actor (LMB): StaticMeshActor (Pillar_50x509)
[2015.07.16-11.35.37:407][267]LogEditorViewport: Clicking on Component (LMB): StaticMeshComponent (StaticMeshComponent0)
[2015.07.16-11.35.49:296][422]LogEditorViewport: Clicking on Component (LMB): StaticMeshComponent (StaticMeshComponent0)
[2015.07.16-11.35.49:495][422]LogEditorViewport: Clicking on Actor (double click): StaticMeshActor (Pillar_50x509)
[2015.07.16-11.35.49:782][425]LogEditorViewport: Clicking on Actor (LMB): StaticMeshActor (Pillar_50x509)
[2015.07.16-11.35.49:847][425]LogEditorViewport: Clicking on Component (LMB): StaticMeshComponent (StaticMeshComponent0)
[2015.07.16-11.35.50:149][429]LogEditorViewport: Clicking on Component (LMB): StaticMeshComponent (StaticMeshComponent0)
[2015.07.16-11.35.50:213][429]LogEditorViewport: Clicking on Actor (double click): StaticMeshActor (Pillar_50x509)
[2015.07.16-11.35.52:093][451]LogActorComponent: UnregisterComponent: (/Engine/Transient.SphereBrushComponent) Not registered. Aborting.
[2015.07.16-11.35.56:692][512]LogEditorViewport: Clicking on Actor (LMB): StaticMeshActor (Pillar_50x509)
[2015.07.16-11.35.56:827][512]LogEditorViewport: Clicking on Component (LMB): StaticMeshComponent (StaticMeshComponent0)
[2015.07.16-11.35.57:146][517]LogEditorViewport: Clicking on Component (LMB): StaticMeshComponent (StaticMeshComponent0)
[2015.07.16-11.35.57:556][521]LogEditorViewport: Clicking on Actor (double click): StaticMeshActor (Pillar_50x509)
[2015.07.16-11.35.57:686][523]LogEditorViewport: Clicking on Actor (LMB): StaticMeshActor (Pillar_50x509)
[2015.07.16-11.35.57:771][523]LogEditorViewport: Clicking on Component (LMB): StaticMeshComponent (StaticMeshComponent0)
[2015.07.16-11.35.58:058][526]LogEditorViewport: Clicking on Component (LMB): StaticMeshComponent (StaticMeshComponent0)
[2015.07.16-11.35.58:320][529]LogEditorViewport: Clicking on Actor (double click): StaticMeshActor (Pillar_50x509)
[2015.07.16-11.35.58:688][535]LogEditorViewport: Clicking on Actor (LMB): StaticMeshActor (Pillar_50x509)
[2015.07.16-11.35.58:906][535]LogEditorViewport: Clicking on Component (LMB): StaticMeshComponent (StaticMeshComponent0)
[2015.07.16-11.35.59:205][539]LogEditorViewport: Clicking on Component (LMB): StaticMeshComponent (StaticMeshComponent0)
[2015.07.16-11.35.59:269][539]LogEditorViewport: Clicking on Actor (double click): StaticMeshActor (Pillar_50x509)
[2015.07.16-11.35.59:571][543]LogEditorViewport: Clicking on Actor (LMB): StaticMeshActor (Pillar_50x509)
[2015.07.16-11.36.19:495][801]LogEditorViewport: Clicking on Actor (LMB): StaticMeshActor (Pillar_50x509)
[2015.07.16-11.37.41:241][811]LogEditorViewport: Clicking on Actor (LMB): StaticMeshActor (Pillar_50x509)
[2015.07.16-11.37.44:969][857]LogEditorViewport: Clicking on Actor (double click): Brush (Box Brush7)
[2015.07.16-11.37.46:907][883]LogEditorViewport: Clicking on Actor (LMB): StaticMeshActor (Pillar_50x509)
[2015.07.16-11.37.58:610][ 32]LogEditorViewport: Clicking on Actor (LMB): StaticMeshActor (Pillar_50x509)
[2015.07.16-11.38.00:365][ 54]LogEditorViewport: Clicking on Actor (LMB): StaticMeshActor (Pillar_50x510)
[2015.07.16-11.38.15:682][251]LogEditorViewport: Clicking on Actor (LMB): StaticMeshActor (Pillar_50x510)
[2015.07.16-11.38.18:471][288]LogEditorViewport: Clicking on Actor (CTRL LMB): StaticMeshActor (Pillar_50x509)
[2015.07.16-11.39.07:460][918]LogActorFactory: Actor Factory created Pillar_50x500
[2015.07.16-11.39.15:225][ 11]LogActorFactory: Actor Factory created Pillar_50x500
[2015.07.16-11.39.55:334][554]LogEditorViewport: Clicking on Actor (LMB): StaticMeshActor (Pillar_50x513)
[2015.07.16-11.40.19:355][826]LogEditorViewport: Clicking on Actor (LMB): StaticMeshActor (Pillar_50x513)
[2015.07.16-11.40.40:429][ 55]LogEditorViewport: Clicking on Actor (LMB): StaticMeshActor (Pillar_50x514)
[2015.07.16-11.40.43:258][ 86]LogEditorViewport: Clicking on Actor (CTRL LMB): StaticMeshActor (Pillar_50x513)
[2015.07.16-11.41.53:435][848]LogEditorViewport: Clicking on Actor (LMB): StaticMeshActor (Pillar_50x515)
[2015.07.16-11.41.56:689][885]LogEditorViewport: Clicking on Actor (CTRL LMB): StaticMeshActor (Pillar_50x516)
[2015.07.16-11.41.57:950][899]LogEditorViewport: Clicking on Actor (CTRL LMB): StaticMeshActor (Pillar_50x513)
[2015.07.16-11.41.59:205][913]LogEditorViewport: Clicking on Actor (CTRL LMB): StaticMeshActor (Pillar_50x514)
[2015.07.16-11.42.07:806][ 10]LogEditorViewport: Clicking on Actor (LMB): StaticMeshActor (Pillar_50x509)
[2015.07.16-11.42.11:938][ 56]LogEditorViewport: Clicking on Actor (LMB): StaticMeshActor (Pillar_50x514)
[2015.07.16-11.42.13:117][ 69]LogEditorViewport: Clicking on Actor (LMB): StaticMeshActor (Pillar_50x513)
[2015.07.16-11.42.14:481][ 85]LogEditorViewport: Clicking on Actor (LMB): StaticMeshActor (Pillar_50x514)
[2015.07.16-11.42.18:868][136]LogEditorViewport: Clicking on Actor (CTRL LMB): StaticMeshActor (Pillar_50x513)
[2015.07.16-11.42.19:951][148]LogEditorViewport: Clicking on Actor (CTRL LMB): StaticMeshActor (Pillar_50x516)
[2015.07.16-11.42.21:549][166]LogEditorViewport: Clicking on Actor (CTRL LMB): StaticMeshActor (Pillar_50x515)
[2015.07.16-11.45.25:301][212]Cmd: TRANSACTION UNDO
[2015.07.16-11.45.25:301][212]LogEditorTransaction: Undo Create Actors
[2015.07.16-11.45.29:087][288]Cmd: TRANSACTION UNDO
[2015.07.16-11.45.29:088][288]LogEditorTransaction: Undo Create Actors
[2015.07.16-11.45.29:238][288]LogActorComponent: ~FComponentReregisterContext: (/Game/StarterContent/Maps/StartMap.StartMap:PersistentLevel.ModelComponent_0) Component already registered.
[2015.07.16-11.45.30:450][329]Cmd: TRANSACTION UNDO
[2015.07.16-11.45.30:450][329]LogEditorTransaction: Undo Create Actors
[2015.07.16-11.45.30:654][329]LogActorComponent: ~FComponentReregisterContext: (/Game/StarterContent/Maps/StartMap.StartMap:PersistentLevel.ModelComponent_2) Component already registered.
[2015.07.16-11.48.14:036][558]LogEditorViewport: Clicking on Actor (LMB): StaticMeshActor (Pillar_50x515)
[2015.07.16-11.48.27:500][679]LogActor:Warning: Natively added component (LandscapeGizmoActiveActor_0.GizmoRendererComponent0) was left unattached from the actor's root.
[2015.07.16-11.48.27:516][679]PIE:Warning: Warning AttachTo: '/Game/StarterContent/Maps/StartMap.StartMap:PersistentLevel.LandscapeGizmoActiveActor_0.GizmoRendererComponent0' is not static , cannot attach '/Game/StarterContent/Maps/StartMap.StartMap:PersistentLevel.LandscapeGizmoActiveActor_0.RootComponent0' which is static to it. Aborting.
[2015.07.16-11.48.27:579][679]LogTexture:Display: Building textures: Texture2D_2 (G8)
[2015.07.16-11.49.59:802][664]LogEditorViewport: Clicking on Actor (LMB): StaticMeshActor (Pillar_50x524)
[2015.07.16-11.50.02:862][700]LogEditorViewport: Clicking on Actor (CTRL LMB): StaticMeshActor (Pillar_50x521)
[2015.07.16-11.50.04:037][713]LogEditorViewport: Clicking on Actor (CTRL LMB): StaticMeshActor (Pillar_50x522)
[2015.07.16-11.50.33:032][ 45]LogEditorViewport: Clicking on Actor (LMB): StaticMeshActor (SM_DoorFrame2)
[2015.07.16-11.51.22:312][401]LogSavePackage: Save=158.980682ms
[2015.07.16-11.51.22:312][401]LogSavePackage: Moving '../../../../../../Users/phill_000/Documents/Unreal Projects/GameCreation/Saved/StartMap_Auto5C788B9D7472792603561AA876F28F317.tmp' to '../../../../../../Users/phill_000/Documents/Unreal Projects/GameCreation/Saved/Autosaves/Game/StarterContent/Maps/StartMap_Auto5.umap'
[2015.07.16-11.51.22:315][401]LogFileHelpers: Editor autosave (incl. sublevels) for '/Game/StarterContent/Maps/StartMap' took 0.365
[2015.07.16-11.51.22:316][401]LogFileHelpers: Editor autosave (incl. sublevels) for all levels took 0.365
[2015.07.16-13.08.22:321][ 59]LogEditorViewport: Clicking on Actor (LMB): BP_Sky_Sphere_C (Sky Sphere2)
[2015.07.16-13.08.56:997][237]LogSavePackage: Save=90.076576ms
[2015.07.16-13.08.56:997][237]LogSavePackage: Moving '../../../../../../Users/phill_000/Documents/Unreal Projects/GameCreation/Saved/StartMap_Auto6A257149E47C1656BC044EDA4D57E3EF8.tmp' to '../../../../../../Users/phill_000/Documents/Unreal Projects/GameCreation/Saved/Autosaves/Game/StarterContent/Maps/StartMap_Auto6.umap'
[2015.07.16-13.08.57:001][237]LogFileHelpers: Editor autosave (incl. sublevels) for '/Game/StarterContent/Maps/StartMap' took 0.224
[2015.07.16-13.08.57:001][237]LogFileHelpers: Editor autosave (incl. sublevels) for all levels took 0.224
[2015.07.16-13.19.57:468][231]LogEditorViewport: Clicking on Actor (LMB): StaticMeshActor (Pillar_50x510)
[2015.07.16-13.19.58:274][241]Cmd: MODE ROTGRID=0
[2015.07.16-13.20.32:417][871]LogActorFactory: Actor Factory created SM_GlassWindow
[2015.07.16-13.20.36:635][942]LogActorFactory: Actor Factory created SM_GlassWindow
[2015.07.16-13.20.47:556][125]LogEditorViewport: Clicking on Actor (LMB): StaticMeshActor (SM_GlassWindow)
[2015.07.16-13.21.16:318][586]Cmd: MODE ROTGRID=1
[2015.07.16-13.21.30:859][778]LogEditorViewport: Clicking on Actor (LMB): StaticMeshActor (SM_GlassWindow)
[2015.07.16-13.23.05:968][ 19]Cmd: MODE ROTGRID=0
[2015.07.16-13.23.15:206][138]Cmd: MODE ROTGRID=1
[2015.07.16-13.23.26:622][283]LogEditorViewport: Clicking on Actor (LMB): StaticMeshActor (SM_GlassWindow)
[2015.07.16-13.23.50:784][712]Cmd: MODE GRID=0
[2015.07.16-13.23.56:696][787]Cmd: MODE GRID=1
[2015.07.16-13.23.58:373][808]LogEditorViewport: Clicking on Actor (LMB): StaticMeshActor (SM_GlassWindow)
[2015.07.16-13.24.04:006][879]LogEditorViewport: Clicking on Actor (LMB): StaticMeshActor (SM_GlassWindow)
[2015.07.16-13.25.45:819][177]LogPlayLevel: PIE:  No blueprints needed recompiling
[2015.07.16-13.25.46:077][177]PIE: New page: PIE session: StartMap (Jul 15, 2015, 11:25:45 PM)
[2015.07.16-13.25.46:084][177]LogPlayLevel: Creating play world package: /Game/StarterContent/Maps/UEDPIE_0_StartMap
[2015.07.16-13.25.46:138][177]LogPlayLevel: PIE: StaticDuplicateObject took: (0.053691s)
[2015.07.16-13.25.46:205][177]LogAIModule: Creating AISystem for world StartMap
[2015.07.16-13.25.46:206][177]LogPlayLevel: PIE: World Init took: (0.067999s)
[2015.07.16-13.25.46:206][177]LogPlayLevel: PIE: Created PIE world by copying editor world from /Game/StarterContent/Maps/StartMap.StartMap to /Game/StarterContent/Maps/UEDPIE_0_StartMap.StartMap (0.122230s)
[2015.07.16-13.25.46:315][177]LogInit: XAudio2 using 'Speakers (Realtek High Definition Audio)' : 2 channels at 48 kHz using 32 bits per sample (channel mask 0x3)
[2015.07.16-13.25.46:323][177]LogInit: FAudioDevice initialized.
[2015.07.16-13.25.46:539][177]LogWorld: Game class is 'GameMode'
[2015.07.16-13.25.46:649][177]LogWorld: Bringing World /Game/StarterContent/Maps/UEDPIE_0_StartMap.StartMap up for play (max tick rate 0) at 2015.07.16-06.25.46
[2015.07.16-13.25.46:649][177]LogActor:Warning: GameSession /Game/StarterContent/Maps/UEDPIE_0_StartMap.StartMap:PersistentLevel.GameSession_0 has natively added scene component(s), but none of them were set as the actor's RootComponent - picking one arbitrarily
[2015.07.16-13.25.46:658][177]LogActor:Warning: GameNetworkManager /Game/StarterContent/Maps/UEDPIE_0_StartMap.StartMap:PersistentLevel.GameNetworkManager_0 has natively added scene component(s), but none of them were set as the actor's RootComponent - picking one arbitrarily
[2015.07.16-13.25.46:663][177]LogWorld: Bringing up level for play took: 0.036512
[2015.07.16-13.25.46:842][177]PIE: Info Play in editor start time for /Game/StarterContent/Maps/UEDPIE_0_StartMap 1.878
[2015.07.16-13.26.23:589][130]LogParticles: Destroying 0 GPU particle simulations for FXSystem 0x000000B4289D9620
[2015.07.16-13.26.26:942][172]LogEditorViewport: Clicking on Actor (LMB): StaticMeshActor (SM_GlassWindow2)
[2015.07.16-13.26.29:103][199]LogEditorViewport: Clicking on Actor (LMB): StaticMeshActor (SM_GlassWindow2)
[2015.07.16-13.26.41:485][353]LogEditorViewport: Clicking on Actor (LMB): StaticMeshActor (SM_GlassWindow)
[2015.07.16-13.26.44:505][390]LogEditorViewport: Clicking on Actor (CTRL LMB): StaticMeshActor (SM_GlassWindow2)
[2015.07.16-13.26.46:550][416]Cmd: DELETE
[2015.07.16-13.26.46:550][416]Cmd: ACTOR DELETE
[2015.07.16-13.26.46:551][416]LogEditorActor: Deleted Actor: StaticMeshActor
[2015.07.16-13.26.46:552][416]LogEditorActor: Deleted Actor: StaticMeshActor
[2015.07.16-13.26.46:645][416]LogEditorActor: Deleted 2 Actors (0.095 secs)
[2015.07.16-13.26.47:862][433]LogEditorViewport: Clicking on Actor (LMB): StaticMeshActor (SM_GlassWindow3)
[2015.07.16-13.26.49:736][457]Cmd: DELETE
[2015.07.16-13.26.49:736][457]Cmd: ACTOR DELETE
[2015.07.16-13.26.49:738][457]LogEditorActor: Deleted Actor: StaticMeshActor
[2015.07.16-13.26.49:773][457]LogEditorActor: Deleted 1 Actors (0.037 secs)
[2015.07.16-13.27.36:368][ 45]LogActorFactory: Actor Factory created SM_GlassWindow
[2015.07.16-13.27.37:095][ 55]LogActorFactory: Actor Factory created SM_GlassWindow
[2015.07.16-13.27.42:011][121]LogEditorViewport: Clicking on Actor (LMB): BP_Sky_Sphere_C (Sky Sphere2)
[2015.07.16-13.27.43:279][139]LogEditorViewport: Clicking on Actor (LMB): StaticMeshActor (SM_GlassWindow)
[2015.07.16-13.27.49:721][228]LogEditorViewport: Clicking on Actor (LMB): StaticMeshActor (SM_GlassWindow)
[2015.07.16-13.28.17:541][608]LogEditorViewport: Clicking on Actor (LMB): StaticMeshActor (SM_GlassWindow)
[2015.07.16-13.29.59:231][979]LogEditorViewport: Clicking on Actor (LMB): BP_Sky_Sphere_C (Sky Sphere2)
[2015.07.16-13.30.05:763][ 66]LogPlayLevel: PIE:  No blueprints needed recompiling
[2015.07.16-13.30.05:763][ 66]PIE: New page: PIE session: StartMap (Jul 15, 2015, 11:30:05 PM)
[2015.07.16-13.30.05:823][ 66]LogPlayLevel: Creating play world package: /Game/StarterContent/Maps/UEDPIE_0_StartMap
[2015.07.16-13.30.05:839][ 66]LogPlayLevel: PIE: StaticDuplicateObject took: (0.015012s)
[2015.07.16-13.30.05:839][ 66]LogAIModule: Creating AISystem for world StartMap
[2015.07.16-13.30.05:840][ 66]LogPlayLevel: PIE: World Init took: (0.001265s)
[2015.07.16-13.30.05:840][ 66]LogPlayLevel: PIE: Created PIE world by copying editor world from /Game/StarterContent/Maps/StartMap.StartMap to /Game/StarterContent/Maps/UEDPIE_0_StartMap.StartMap (0.016538s)
[2015.07.16-13.30.05:877][ 66]LogInit: XAudio2 using 'Speakers (Realtek High Definition Audio)' : 2 channels at 48 kHz using 32 bits per sample (channel mask 0x3)
[2015.07.16-13.30.05:884][ 66]LogInit: FAudioDevice initialized.
[2015.07.16-13.30.05:931][ 66]LogWorld: Game class is 'GameMode'
[2015.07.16-13.30.05:945][ 66]LogWorld: Bringing World /Game/StarterContent/Maps/UEDPIE_0_StartMap.StartMap up for play (max tick rate 0) at 2015.07.16-06.30.05
[2015.07.16-13.30.05:945][ 66]LogActor:Warning: GameSession /Game/StarterContent/Maps/UEDPIE_0_StartMap.StartMap:PersistentLevel.GameSession_1 has natively added scene component(s), but none of them were set as the actor's RootComponent - picking one arbitrarily
[2015.07.16-13.30.05:946][ 66]LogActor:Warning: GameNetworkManager /Game/StarterContent/Maps/UEDPIE_0_StartMap.StartMap:PersistentLevel.GameNetworkManager_1 has natively added scene component(s), but none of them were set as the actor's RootComponent - picking one arbitrarily
[2015.07.16-13.30.05:947][ 66]LogWorld: Bringing up level for play took: 0.013707
[2015.07.16-13.30.05:950][ 66]PIE: Info Play in editor start time for /Game/StarterContent/Maps/UEDPIE_0_StartMap 0.986
[2015.07.16-13.30.27:723][644]LogParticles: Destroying 0 GPU particle simulations for FXSystem 0x000000B43FBADBC0
[2015.07.16-13.30.31:219][698]LogEditorViewport: Clicking on Actor (LMB): StaticMeshActor (SM_GlassWindow)
[2015.07.16-13.31.31:995][552]LogEditorViewport: Clicking on Actor (LMB): StaticMeshActor (SM_GlassWindow)
[2015.07.16-13.31.36:458][610]LogEditorViewport: Clicking on Actor (LMB): BP_Sky_Sphere_C (Sky Sphere2)
[2015.07.16-13.32.07:920][ 34]LogEditorViewport: Clicking on Actor (LMB): StaticMeshActor (SM_GlassWindow)
[2015.07.16-13.32.12:978][100]LogEditorViewport: Clicking on Actor (LMB): BP_Sky_Sphere_C (Sky Sphere2)
[2015.07.16-13.32.17:600][161]LogPlayLevel: PIE:  No blueprints needed recompiling
[2015.07.16-13.32.17:600][161]PIE: New page: PIE session: StartMap (Jul 15, 2015, 11:32:17 PM)
[2015.07.16-13.32.17:661][161]LogPlayLevel: Creating play world package: /Game/StarterContent/Maps/UEDPIE_0_StartMap
[2015.07.16-13.32.17:677][161]LogPlayLevel: PIE: StaticDuplicateObject took: (0.016188s)
[2015.07.16-13.32.17:678][161]LogAIModule: Creating AISystem for world StartMap
[2015.07.16-13.32.17:679][161]LogPlayLevel: PIE: World Init took: (0.001264s)
[2015.07.16-13.32.17:679][161]LogPlayLevel: PIE: Created PIE world by copying editor world from /Game/StarterContent/Maps/StartMap.StartMap to /Game/StarterContent/Maps/UEDPIE_0_StartMap.StartMap (0.017703s)
[2015.07.16-13.32.17:713][161]LogInit: XAudio2 using 'Speakers (Realtek High Definition Audio)' : 2 channels at 48 kHz using 32 bits per sample (channel mask 0x3)
[2015.07.16-13.32.17:721][161]LogInit: FAudioDevice initialized.
[2015.07.16-13.32.17:759][161]LogWorld: Game class is 'GameMode'
[2015.07.16-13.32.17:774][161]LogWorld: Bringing World /Game/StarterContent/Maps/UEDPIE_0_StartMap.StartMap up for play (max tick rate 0) at 2015.07.16-06.32.17
[2015.07.16-13.32.17:774][161]LogActor:Warning: GameSession /Game/StarterContent/Maps/UEDPIE_0_StartMap.StartMap:PersistentLevel.GameSession_2 has natively added scene component(s), but none of them were set as the actor's RootComponent - picking one arbitrarily
[2015.07.16-13.32.17:775][161]LogActor:Warning: GameNetworkManager /Game/StarterContent/Maps/UEDPIE_0_StartMap.StartMap:PersistentLevel.GameNetworkManager_2 has natively added scene component(s), but none of them were set as the actor's RootComponent - picking one arbitrarily
[2015.07.16-13.32.17:775][161]LogWorld: Bringing up level for play took: 0.014869
[2015.07.16-13.32.17:778][161]PIE: Info Play in editor start time for /Game/StarterContent/Maps/UEDPIE_0_StartMap 0.815
[2015.07.16-13.34.09:269][ 21]LogParticles: Destroying 0 GPU particle simulations for FXSystem 0x000000B445C0B100
[2015.07.16-13.34.38:187][152]LogSavePackage: Save=107.059784ms
[2015.07.16-13.34.38:187][152]LogSavePackage: Moving '../../../../../../Users/phill_000/Documents/Unreal Projects/GameCreation/Saved/StartMap_Auto74720AAD64C1A24C6CBE68ABE9D134D76.tmp' to '../../../../../../Users/phill_000/Documents/Unreal Projects/GameCreation/Saved/Autosaves/Game/StarterContent/Maps/StartMap_Auto7.umap'
[2015.07.16-13.34.38:202][152]LogFileHelpers: Editor autosave (incl. sublevels) for '/Game/StarterContent/Maps/StartMap' took 0.184
[2015.07.16-13.34.38:202][152]LogFileHelpers: Editor autosave (incl. sublevels) for all levels took 0.184
[2015.07.16-13.37.26:698][905]LogEditorViewport: Clicking on Actor (LMB): StaticMeshActor (SM_GlassWindow)
[2015.07.16-13.37.30:212][953]LogEditorViewport: Clicking on Actor (LMB): StaticMeshActor (SM_GlassWindow)
[2015.07.16-13.39.10:244][240]Cmd: MODE ROTGRID=0
[2015.07.16-13.39.11:261][253]Cmd: MODE ROTGRID=1
[2015.07.16-13.44.39:064][209]LogSavePackage: Save=88.986809ms
[2015.07.16-13.44.39:064][209]LogSavePackage: Moving '../../../../../../Users/phill_000/Documents/Unreal Projects/GameCreation/Saved/StartMap_Auto8F294B0384274114D20CFABAC5D6BC8FC.tmp' to '../../../../../../Users/phill_000/Documents/Unreal Projects/GameCreation/Saved/Autosaves/Game/StarterContent/Maps/StartMap_Auto8.umap'
[2015.07.16-13.44.39:072][209]LogFileHelpers: Editor autosave (incl. sublevels) for '/Game/StarterContent/Maps/StartMap' took 0.162
[2015.07.16-13.44.39:072][209]LogFileHelpers: Editor autosave (incl. sublevels) for all levels took 0.162
[2015.07.16-13.56.49:157][404]LogEditorViewport: Clicking on Actor (LMB): StaticMeshActor (Pillar_50x521)
[2015.07.16-13.57.18:086][793]LogEditorViewport: Clicking on Actor (LMB): StaticMeshActor (Pillar_50x518)
[2015.07.16-13.58.12:228][506]LogEditorViewport: Clicking on Actor (LMB): StaticMeshActor (Pillar_50x514)
[2015.07.16-13.58.15:409][549]LogEditorViewport: Clicking on Actor (CTRL LMB): StaticMeshActor (Pillar_50x518)
[2015.07.16-13.58.16:391][562]LogEditorViewport: Clicking on Actor (CTRL LMB): StaticMeshActor (Pillar_50x522)
[2015.07.16-13.59.08:730][277]LogEditorViewport: Clicking on Actor (LMB): BP_Sky_Sphere_C (Sky Sphere2)
[2015.07.16-14.00.37:012][511]Cmd: BRUSH ADD SELECTNEWBRUSH
[2015.07.16-14.01.38:505][ 73]LogSavePackage: Save=110.822670ms
[2015.07.16-14.01.38:505][ 73]LogSavePackage: Moving '../../../../../../Users/phill_000/Documents/Unreal Projects/GameCreation/Saved/StartMap_Auto93536BE0D41D03E337F3CC291C4E20F1B.tmp' to '../../../../../../Users/phill_000/Documents/Unreal Projects/GameCreation/Saved/Autosaves/Game/StarterContent/Maps/StartMap_Auto9.umap'
[2015.07.16-14.01.38:510][ 73]LogFileHelpers: Editor autosave (incl. sublevels) for '/Game/StarterContent/Maps/StartMap' took 0.191
[2015.07.16-14.01.38:510][ 73]LogFileHelpers: Editor autosave (incl. sublevels) for all levels took 0.191
[2015.07.16-14.03.59:802][665]Cmd: TRANSACTION UNDO
[2015.07.16-14.03.59:802][665]LogEditorTransaction: Undo Scale Actors
[2015.07.16-14.04.00:320][665]LogActorComponent: ~FComponentReregisterContext: (/Game/StarterContent/Maps/StartMap.StartMap:PersistentLevel.BoxBrush42.BrushComponent0) Component already registered.
[2015.07.16-14.04.07:691][761]LogEditorViewport: Clicking on Actor (LMB): TriggerBox (TriggerBox)
[2015.07.16-14.05.19:430][711]LogEditorViewport: Clicking on Actor (LMB): TriggerBox (TriggerBox)
[2015.07.16-14.06.06:873][336]LogLinker:Warning: Asset '../../../Engine/Content/ArtTools/RenderToTexture/Macros/RenderToTextureMacros.uasset' has been saved with empty engine version. The asset will be loaded but may be incompatible.
[2015.07.16-14.06.07:019][336]LogLinker:Warning: Asset '../../../Engine/Content/ArtTools/RenderToTexture/Enums/RenderToTexture_Enum.uasset' has been saved with empty engine version. The asset will be loaded but may be incompatible.
[2015.07.16-14.07.49:227][261]Cmd: TRANSACTION UNDO
[2015.07.16-14.07.49:227][261]LogEditorTransaction: Undo Scale Actors
[2015.07.16-14.07.49:677][261]LogActorComponent: ~FComponentReregisterContext: (/Game/StarterContent/Maps/StartMap.StartMap:PersistentLevel.BoxBrush42.BrushComponent0) Component already registered.
[2015.07.16-14.08.33:029][822]LogEditorViewport: Clicking on Actor (LMB): TriggerBox (TriggerBox)
[2015.07.16-14.11.39:098][319]LogParticles: Destroying 0 GPU particle simulations for FXSystem 0x000000B45316CCC0
[2015.07.16-14.11.39:498][319]LogSavePackage: Save=357.156738ms
[2015.07.16-14.11.39:498][319]LogSavePackage: Moving '../../../../../../Users/phill_000/Documents/Unreal Projects/GameCreation/Saved/StartMap_Auto0C130DE054C9677F12C5ECD91EE0D3AD9.tmp' to '../../../../../../Users/phill_000/Documents/Unreal Projects/GameCreation/Saved/Autosaves/Game/StarterContent/Maps/StartMap_Auto0.umap'
[2015.07.16-14.11.39:503][319]LogFileHelpers: Editor autosave (incl. sublevels) for '/Game/StarterContent/Maps/StartMap' took 0.482
[2015.07.16-14.11.39:503][319]LogFileHelpers: Editor autosave (incl. sublevels) for all levels took 0.482
[2015.07.17-03.39.23:821][865]LogParticles: Destroying 0 GPU particle simulations for FXSystem 0x000000B454F7BEC0
[2015.07.17-03.39.32:523][879]LogSavePackage: Save=2088.381836ms
[2015.07.17-03.39.32:523][879]LogSavePackage: Moving '../../../../../../Users/phill_000/Documents/Unreal Projects/GameCreation/Saved/StartMap88DDF5F34ECDF40F038353A10B12C40C.tmp' to '../../../../../../Users/phill_000/Documents/Unreal Projects/GameCreation/Content/StarterContent/Maps/StartMap.umap'
[2015.07.17-03.39.41:635][945]LogWindowsTextInputMethodSystem:Display: IME system now deactivated.
[2015.07.17-03.39.43:868][946]Cmd: QUIT_EDITOR
[2015.07.17-03.39.45:658][946]LogExit: Preparing to exit.
[2015.07.17-03.39.48:304][946]LogExit: Editor shut down
[2015.07.17-03.39.48:318][946]LogParticles: Destroying 0 GPU particle simulations for FXSystem 0x000000B43FBACEA0
[2015.07.17-03.39.48:318][946]LogExit: Transaction tracking system shut down
[2015.07.17-03.39.48:373][946]LogParticles: Destroying 0 GPU particle simulations for FXSystem 0x000000B42A27A2A0
[2015.07.17-03.39.48:385][946]LogParticles: Destroying 0 GPU particle simulations for FXSystem 0x000000B42931D4E0
[2015.07.17-03.39.48:389][946]LogParticles: Destroying 0 GPU particle simulations for FXSystem 0x000000B4359E2A20
[2015.07.17-03.39.48:503][946]LogParticles: Destroying 0 GPU particle simulations for FXSystem 0x000000B457459940
[2015.07.17-03.39.51:462][946]LogExit: Object subsystem successfully closed.
[2015.07.17-03.39.54:264][946]LogModuleManager: Shutting down and abandoning module SceneOutliner (188)
[2015.07.17-03.39.54:264][946]LogModuleManager: Shutting down and abandoning module StatsViewer (187)
[2015.07.17-03.39.54:284][946]LogModuleManager: Shutting down and abandoning module CrashTracker (186)
[2015.07.17-03.39.54:284][946]LogModuleManager: Shutting down and abandoning module SuperSearch (185)
[2015.07.17-03.39.54:284][946]LogModuleManager: Shutting down and abandoning module WidgetCarousel (184)
[2015.07.17-03.39.54:301][946]LogModuleManager: Shutting down and abandoning module AddContentDialog (183)
[2015.07.17-03.39.54:513][946]LogModuleManager: Shutting down and abandoning module EditorWidgets (182)
[2015.07.17-03.39.54:513][946]LogModuleManager: Shutting down and abandoning module CollectionManager (181)
[2015.07.17-03.39.54:543][946]LogModuleManager: Shutting down and abandoning module FoliageEdit (180)
[2015.07.17-03.39.54:543][946]LogModuleManager: Shutting down and abandoning module LandscapeEditor (179)
[2015.07.17-03.39.54:560][946]LogModuleManager: Shutting down and abandoning module ActorPickerMode (178)
[2015.07.17-03.39.54:560][946]LogModuleManager: Shutting down and abandoning module GeometryMode (177)
[2015.07.17-03.39.54:560][946]LogModuleManager: Shutting down and abandoning module TextureAlignMode (176)
[2015.07.17-03.39.54:560][946]LogModuleManager: Shutting down and abandoning module BspMode (175)
[2015.07.17-03.39.54:560][946]LogModuleManager: Shutting down and abandoning module PlacementMode (174)
[2015.07.17-03.39.54:566][946]LogModuleManager: Shutting down and abandoning module AutomationWorker (173)
[2015.07.17-03.39.54:566][946]LogModuleManager: Shutting down and abandoning module CharacterAI (172)
[2015.07.17-03.39.54:566][946]LogModuleManager: Shutting down and abandoning module SmartSnapping (171)
[2015.07.17-03.39.54:566][946]LogModuleManager: Shutting down and abandoning module ViewportSnapping (170)
[2015.07.17-03.39.54:566][946]LogModuleManager: Shutting down and abandoning module LogVisualizer (169)
[2015.07.17-03.39.54:577][946]LogModuleManager: Shutting down and abandoning module GameProjectGeneration (168)
[2015.07.17-03.39.54:597][946]LogModuleManager: Shutting down and abandoning module IntroTutorials (167)
[2015.07.17-03.39.54:622][946]LogModuleManager: Shutting down and abandoning module EditorLiveStreaming (166)
[2015.07.17-03.39.54:622][946]LogModuleManager: Shutting down and abandoning module IOSPlatformEditor (165)
[2015.07.17-03.39.54:633][946]LogModuleManager: Shutting down and abandoning module HTML5PlatformEditor (164)
[2015.07.17-03.39.54:633][946]LogModuleManager: Shutting down and abandoning module AndroidDeviceDetection (163)
[2015.07.17-03.39.54:977][946]LogModuleManager: Shutting down and abandoning module AndroidPlatformEditor (162)
[2015.07.17-03.39.54:977][946]LogModuleManager: Shutting down and abandoning module IOSRuntimeSettings (161)
[2015.07.17-03.39.54:977][946]LogModuleManager: Shutting down and abandoning module AndroidRuntimeSettings (160)
[2015.07.17-03.39.54:977][946]LogModuleManager: Shutting down and abandoning module MergeActors (159)
[2015.07.17-03.39.54:999][946]LogModuleManager: Shutting down and abandoning module SizeMap (158)
[2015.07.17-03.39.54:999][946]LogModuleManager: Shutting down and abandoning module TreeMap (157)
[2015.07.17-03.39.55:020][946]LogModuleManager: Shutting down and abandoning module ReferenceViewer (156)
[2015.07.17-03.39.55:020][946]LogModuleManager: Shutting down and abandoning module LocalizationDashboard (155)
[2015.07.17-03.39.55:030][946]LogModuleManager: Shutting down and abandoning module HardwareTargeting (154)
[2015.07.17-03.39.55:030][946]LogModuleManager: Shutting down and abandoning module DeviceProfileEditor (153)
[2015.07.17-03.39.55:038][946]LogModuleManager: Shutting down and abandoning module UndoHistory (152)
[2015.07.17-03.39.55:044][946]LogModuleManager: Shutting down and abandoning module GameplayTagsEditor (151)
[2015.07.17-03.39.55:053][946]LogModuleManager: Shutting down and abandoning module UserFeedback (150)
[2015.07.17-03.39.55:053][946]LogModuleManager: Shutting down and abandoning module XmlParser (149)
[2015.07.17-03.39.55:059][946]LogModuleManager: Shutting down and abandoning module Blutility (148)
[2015.07.17-03.39.55:059][946]LogModuleManager: Shutting down and abandoning module ProjectTargetPlatformEditor (147)
[2015.07.17-03.39.55:080][946]LogModuleManager: Shutting down and abandoning module ProjectSettingsViewer (146)
[2015.07.17-03.39.55:092][946]LogModuleManager: Shutting down and abandoning module InputBindingEditor (145)
[2015.07.17-03.39.55:108][946]LogModuleManager: Shutting down and abandoning module EditorSettingsViewer (144)
[2015.07.17-03.39.55:108][946]LogModuleManager: Shutting down and abandoning module SettingsEditor (143)
[2015.07.17-03.39.55:129][946]LogModuleManager: Shutting down and abandoning module ProjectLauncher (142)
[2015.07.17-03.39.55:136][946]LogModuleManager: Shutting down and abandoning module SessionFrontend (141)
[2015.07.17-03.39.55:144][946]LogModuleManager: Shutting down and abandoning module ProfilerClient (140)
[2015.07.17-03.39.55:149][946]LogModuleManager: Shutting down and abandoning module TargetDeviceServices (139)
[2015.07.17-03.39.55:149][946]LogModuleManager: Shutting down and abandoning module DeviceManager (138)
[2015.07.17-03.39.55:169][946]LogModuleManager: Shutting down and abandoning module AutomationController (137)
[2015.07.17-03.39.55:178][946]LogModuleManager: Shutting down and abandoning module AutomationWindow (136)
[2015.07.17-03.39.55:189][946]LogModuleManager: Shutting down and abandoning module Layers (135)
[2015.07.17-03.39.55:203][946]LogModuleManager: Shutting down and abandoning module ComponentVisualizers (134)
[2015.07.17-03.39.55:203][946]LogModuleManager: Shutting down and abandoning module DetailCustomizations (133)
[2015.07.17-03.39.55:203][946]LogModuleManager: Shutting down and abandoning module PackagesDialog (132)
[2015.07.17-03.39.55:204][946]LogModuleManager: Shutting down and abandoning module AssetRegistry (131)
[2015.07.17-03.39.55:872][946]LogModuleManager: Shutting down and abandoning module Persona (130)
[2015.07.17-03.39.55:910][946]LogModuleManager: Shutting down and abandoning module Kismet (129)
[2015.07.17-03.39.55:934][946]LogModuleManager: Shutting down and abandoning module GraphEditor (128)
[2015.07.17-03.39.55:986][946]LogModuleManager: Shutting down and abandoning module ClassViewer (127)
[2015.07.17-03.39.55:998][946]LogModuleManager: Shutting down and abandoning module Toolbox (126)
[2015.07.17-03.39.55:998][946]LogModuleManager: Shutting down and abandoning module ModuleUI (125)
[2015.07.17-03.39.56:010][946]LogModuleManager: Shutting down and abandoning module MovieSceneTools (124)
[2015.07.17-03.39.56:049][946]LogModuleManager: Shutting down and abandoning module OutputLog (123)
[2015.07.17-03.39.56:056][946]LogModuleManager: Shutting down and abandoning module GammaUI (122)
[2015.07.17-03.39.56:062][946]LogModuleManager: Shutting down and abandoning module Documentation (121)
[2015.07.17-03.39.56:062][946]LogModuleManager: Shutting down and abandoning module GameLiveStreaming (120)
[2015.07.17-03.39.56:074][946]LogModuleManager: Shutting down and abandoning module StreamingPauseRendering (119)
[2015.07.17-03.39.56:075][946]LogModuleManager: Shutting down and abandoning module AnalyticsET (118)
[2015.07.17-03.39.56:075][946]LogModuleManager: Shutting down and abandoning module Analytics (117)
[2015.07.17-03.39.56:075][946]LogModuleManager: Shutting down and abandoning module AITestSuite (116)
[2015.07.17-03.39.56:086][946]LogModuleManager: Shutting down and abandoning module GameplayDebugger (115)
[2015.07.17-03.39.56:090][946]LogModuleManager: Shutting down and abandoning module AIModule (114)
[2015.07.17-03.39.56:090][946]LogModuleManager: Shutting down and abandoning module ProfilerService (113)
[2015.07.17-03.39.56:311][946]LogModuleManager: Shutting down and abandoning module TaskGraph (112)
[2015.07.17-03.39.56:331][946]LogModuleManager: Shutting down and abandoning module SlateRemote (111)
[2015.07.17-03.39.56:331][946]LogModuleManager: Shutting down and abandoning module SteamVRController (110)
[2015.07.17-03.39.56:331][946]LogModuleManager: Shutting down and abandoning module SteamVR (109)
[2015.07.17-03.39.56:331][946]LogModuleManager: Shutting down and abandoning module ProceduralMeshComponent (108)
[2015.07.17-03.39.56:331][946]LogModuleManager: Shutting down and abandoning module OculusRift (107)
[2015.07.17-03.39.56:331][946]LogModuleManager: Shutting down and abandoning module LeapMotionController (106)
[2015.07.17-03.39.56:504][946]LogModuleManager: Shutting down and abandoning module CustomMeshComponent (105)
[2015.07.17-03.39.56:504][946]LogModuleManager: Shutting down and abandoning module CableComponent (104)
[2015.07.17-03.39.56:504][946]LogModuleManager: Shutting down and abandoning module MessagingDebugger (103)
[2015.07.17-03.39.56:518][946]LogModuleManager: Shutting down and abandoning module MediaPlayerEditor (102)
[2015.07.17-03.39.56:532][946]LogModuleManager: Shutting down and abandoning module SpeedTreeImporter (101)
[2015.07.17-03.39.56:532][946]LogModuleManager: Shutting down and abandoning module PluginBrowser (100)
[2015.07.17-03.39.56:553][946]LogModuleManager: Shutting down and abandoning module EpicSurvey (99)
[2015.07.17-03.39.56:568][946]LogModuleManager: Shutting down and abandoning module DesktopPlatform (98)
[2015.07.17-03.39.56:580][946]LogModuleManager: Shutting down and abandoning module VisualStudioSourceCodeAccess (97)
[2015.07.17-03.39.56:588][946]LogModuleManager: Shutting down and abandoning module UObjectPlugin (96)
[2015.07.17-03.39.56:588][946]LogModuleManager: Shutting down and abandoning module SubversionSourceControl (95)
[2015.07.17-03.39.56:599][946]LogModuleManager: Shutting down and abandoning module PerforceSourceControl (94)
[2015.07.17-03.39.56:628][946]LogModuleManager: Shutting down and abandoning module SourceControl (93)
[2015.07.17-03.39.56:637][946]LogModuleManager: Shutting down and abandoning module GitSourceControl (92)
[2015.07.17-03.39.56:650][946]LogModuleManager: Shutting down and abandoning module BlankPlugin (91)
[2015.07.17-03.39.56:650][946]LogModuleManager: Shutting down and abandoning module PaperTiledImporter (90)
[2015.07.17-03.39.56:650][946]LogModuleManager: Shutting down and abandoning module PaperSpriteSheetImporter (89)
[2015.07.17-03.39.56:650][946]LogModuleManager: Shutting down and abandoning module MeshPaint (88)
[2015.07.17-03.39.56:662][946]LogModuleManager: Shutting down and abandoning module SlateReflector (87)
[2015.07.17-03.39.56:677][946]LogModuleManager: Shutting down and abandoning module DirectoryWatcher (86)
[2015.07.17-03.39.56:697][946]LogModuleManager: Shutting down and abandoning module HotReload (85)
[2015.07.17-03.39.56:697][946]LogModuleManager: Shutting down and abandoning module MainFrame (84)
[2015.07.17-03.39.56:697][946]LogModuleManager: Shutting down and abandoning module LevelEditor (83)
[2015.07.17-03.39.56:753][946]LogModuleManager: Shutting down and abandoning module ContentBrowser (82)
[2015.07.17-03.39.56:785][946]LogModuleManager: Shutting down and abandoning module Paper2DEditor (81)
[2015.07.17-03.39.56:799][946]LogModuleManager: Shutting down and abandoning module UdpMessaging (80)
[2015.07.17-03.39.56:900][946]LogModuleManager: Shutting down and abandoning module Paper2D (79)
[2015.07.17-03.39.56:911][946]LogModuleManager: Shutting down and abandoning module WindowsMoviePlayer (78)
[2015.07.17-03.39.56:977][946]LogModuleManager: Shutting down and abandoning module Media (77)
[2015.07.17-03.39.56:977][946]LogModuleManager: Shutting down and abandoning module WmfMedia (76)
[2015.07.17-03.39.56:997][946]LogModuleManager: Shutting down and abandoning module OnlineBlueprintSupport (75)
[2015.07.17-03.39.56:997][946]LogModuleManager: Shutting down and abandoning module PropertyEditor (74)
[2015.07.17-03.39.57:011][946]LogModuleManager: Shutting down and abandoning module BehaviorTreeEditor (73)
[2015.07.17-03.39.57:025][946]LogModuleManager: Shutting down and abandoning module FunctionalTesting (72)
[2015.07.17-03.39.57:032][946]LogModuleManager: Shutting down and abandoning module CollisionAnalyzer (71)
[2015.07.17-03.39.57:040][946]LogModuleManager: Shutting down and abandoning module WorkspaceMenuStructure (70)
[2015.07.17-03.39.57:040][946]LogModuleManager: Shutting down and abandoning module MessageLog (69)
[2015.07.17-03.39.57:040][946]LogModuleManager: Shutting down and abandoning module Sequencer (68)
[2015.07.17-03.39.57:053][946]LogModuleManager: Shutting down and abandoning module AssetTools (67)
[2015.07.17-03.39.57:077][946]LogModuleManager: Shutting down and abandoning module UMGEditor (66)
[2015.07.17-03.39.57:092][946]LogModuleManager: Shutting down and abandoning module UMG (65)
[2015.07.17-03.39.57:111][946]LogModuleManager: Shutting down and abandoning module Slate (64)
[2015.07.17-03.39.57:111][946]LogModuleManager: Shutting down and abandoning module EditorStyle (63)
[2015.07.17-03.39.57:192][946]LogModuleManager: Shutting down and abandoning module SessionServices (62)
[2015.07.17-03.39.57:192][946]LogModuleManager: Shutting down and abandoning module SourceCodeAccess (61)
[2015.07.17-03.39.57:193][946]LogModuleManager: Shutting down and abandoning module HeadMountedDisplay (60)
[2015.07.17-03.39.57:193][946]LogModuleManager: Shutting down and abandoning module XAudio2 (59)
[2015.07.17-03.39.57:193][946]LogModuleManager: Shutting down and abandoning module Networking (57)
[2015.07.17-03.39.57:193][946]LogModuleManager: Shutting down and abandoning module Core (56)
[2015.07.17-03.39.57:193][946]LogModuleManager: Shutting down and abandoning module KismetCompiler (55)
[2015.07.17-03.39.57:199][946]LogModuleManager: Shutting down and abandoning module PhysXFormats (54)
[2015.07.17-03.39.57:199][946]LogModuleManager: Shutting down and abandoning module MeshUtilities (53)
[2015.07.17-03.39.57:212][946]LogModuleManager: Shutting down and abandoning module DerivedDataCache (52)
[2015.07.17-03.39.57:245][946]LogDerivedDataCache: Shutdown
[2015.07.17-03.39.57:245][946]LogModuleManager: Shutting down and abandoning module ShaderFormatOpenGL (51)
[2015.07.17-03.39.57:260][946]LogModuleManager: Shutting down and abandoning module ShaderFormatD3D (50)
[2015.07.17-03.39.57:267][946]LogModuleManager: Shutting down and abandoning module MetalShaderFormat (49)
[2015.07.17-03.39.57:288][946]LogModuleManager: Shutting down and abandoning module TextureFormatUncompressed (48)
[2015.07.17-03.39.57:288][946]LogModuleManager: Shutting down and abandoning module TextureFormatPVR (47)
[2015.07.17-03.39.57:288][946]LogModuleManager: Shutting down and abandoning module TextureFormatIntelISPCTexComp (46)
[2015.07.17-03.39.57:288][946]LogModuleManager: Shutting down and abandoning module TextureFormatDXT (45)
[2015.07.17-03.39.57:288][946]LogModuleManager: Shutting down and abandoning module ImageWrapper (44)
[2015.07.17-03.39.57:288][946]LogModuleManager: Shutting down and abandoning module TextureFormatASTC (43)
[2015.07.17-03.39.57:288][946]LogModuleManager: Shutting down and abandoning module TextureFormatAndroid (42)
[2015.07.17-03.39.57:297][946]LogModuleManager: Shutting down and abandoning module AudioFormatOpus (41)
[2015.07.17-03.39.57:306][946]LogModuleManager: Shutting down and abandoning module AudioFormatOgg (40)
[2015.07.17-03.39.57:306][946]LogModuleManager: Shutting down and abandoning module AudioFormatADPCM (39)
[2015.07.17-03.39.57:306][946]LogModuleManager: Shutting down and abandoning module LinuxTargetPlatform (38)
[2015.07.17-03.39.57:306][946]LogModuleManager: Shutting down and abandoning module LinuxServerTargetPlatform (37)
[2015.07.17-03.39.57:306][946]LogModuleManager: Shutting down and abandoning module LinuxNoEditorTargetPlatform (36)
[2015.07.17-03.39.57:306][946]LogModuleManager: Shutting down and abandoning module Messaging (35)
[2015.07.17-03.39.57:307][946]LogModuleManager: Shutting down and abandoning module IOSTargetPlatform (34)
[2015.07.17-03.39.57:320][946]LogModuleManager: Shutting down and abandoning module HTML5TargetPlatform (33)
[2015.07.17-03.39.57:330][946]LogModuleManager: Shutting down and abandoning module Android_PVRTCTargetPlatform (32)
[2015.07.17-03.39.57:330][946]LogModuleManager: Shutting down and abandoning module Android_ETC2TargetPlatform (31)
[2015.07.17-03.39.57:330][946]LogModuleManager: Shutting down and abandoning module Android_ETC1TargetPlatform (30)
[2015.07.17-03.39.57:330][946]LogModuleManager: Shutting down and abandoning module Android_DXTTargetPlatform (29)
[2015.07.17-03.39.57:330][946]LogModuleManager: Shutting down and abandoning module Android_ATCTargetPlatform (28)
[2015.07.17-03.39.57:330][946]LogModuleManager: Shutting down and abandoning module Android_ASTCTargetPlatform (27)
[2015.07.17-03.39.57:330][946]LogModuleManager: Shutting down and abandoning module AndroidTargetPlatform (26)
[2015.07.17-03.39.57:330][946]LogModuleManager: Shutting down and abandoning module WindowsTargetPlatform (25)
[2015.07.17-03.39.57:337][946]LogModuleManager: Shutting down and abandoning module WindowsServerTargetPlatform (24)
[2015.07.17-03.39.57:353][946]LogModuleManager: Shutting down and abandoning module WindowsNoEditorTargetPlatform (23)
[2015.07.17-03.39.57:361][946]LogModuleManager: Shutting down and abandoning module WindowsClientTargetPlatform (22)
[2015.07.17-03.39.57:364][946]LogModuleManager: Shutting down and abandoning module DesktopTargetPlatform (21)
[2015.07.17-03.39.57:364][946]LogModuleManager: Shutting down and abandoning module TargetPlatform (20)
[2015.07.17-03.39.57:368][946]LogModuleManager: Shutting down and abandoning module InputCore (19)
[2015.07.17-03.39.57:368][946]LogModuleManager: Shutting down and abandoning module Settings (18)
[2015.07.17-03.39.57:368][946]LogModuleManager: Shutting down and abandoning module OnlineSubsystem (16)
[2015.07.17-03.39.57:368][946]LogModuleManager: Shutting down and abandoning module HTTP (15)
[2015.07.17-03.39.57:394][946]LogModuleManager: Shutting down and abandoning module ExampleDeviceProfileSelector (14)
[2015.07.17-03.39.57:394][946]LogModuleManager: Shutting down and abandoning module TextureCompressor (13)
[2015.07.17-03.39.57:428][946]LogModuleManager: Shutting down and abandoning module ShaderCore (12)
[2015.07.17-03.39.57:444][946]LogModuleManager: Shutting down and abandoning module Landscape (11)
[2015.07.17-03.39.57:452][946]LogModuleManager: Shutting down and abandoning module SlateRHIRenderer (10)
[2015.07.17-03.39.57:641][946]LogModuleManager: Shutting down and abandoning module OpenGLDrv (9)
[2015.07.17-03.39.57:645][946]LogModuleManager: Shutting down and abandoning module D3D11RHI (8)
[2015.07.17-03.39.57:645][946]LogModuleManager: Shutting down and abandoning module Renderer (7)
[2015.07.17-03.39.57:673][946]LogModuleManager: Shutting down and abandoning module Engine (6)
[2015.07.17-03.39.57:680][946]LogModuleManager: Shutting down and abandoning module CoreUObject (5)
[2015.07.17-03.39.57:680][946]LogModuleManager: Shutting down and abandoning module NetworkFile (4)
[2015.07.17-03.39.57:685][946]LogModuleManager: Shutting down and abandoning module StreamingFile (3)
[2015.07.17-03.39.57:694][946]LogModuleManager: Shutting down and abandoning module SandboxFile (2)
[2015.07.17-03.39.57:704][946]LogModuleManager: Shutting down and abandoning module PakFile (1)
[2015.07.17-03.39.57:772][946]LogExit: Exiting.
[2015.07.17-03.39.57:950][946]Log file closed, 07/16/15 20:39:57
